<?xml version="1.0" encoding="UTF-8"?>
<!-- Generated by org.testng.reporters.JUnitReportReporter -->
<testsuite hostname="DESKTOP-29FAU25" failures="0" tests="1" name="parallel.IEDemo" time="5.848" errors="0" timestamp="12 May 2021 12:24:24 GMT" skipped="0">
  <testcase classname="parallel.IEDemo" name="t1_IEDemo" time="5.848"/>
</testsuite> <!-- parallel.IEDemo -->
