<?xml version="1.0" encoding="UTF-8"?>
<!-- Generated by org.testng.reporters.JUnitReportReporter -->
<testsuite hostname="DESKTOP-29FAU25" failures="1" tests="10" name="parallel.ParallelRun" time="497.462" errors="0" timestamp="13 May 2021 05:56:03 GMT" skipped="0">
  <testcase classname="parallel.ParallelRun" name="runScenario" time="42.807"/>
  <testcase classname="parallel.ParallelRun" name="runScenario" time="48.590"/>
  <testcase classname="parallel.ParallelRun" name="runScenario" time="42.760"/>
  <testcase classname="parallel.ParallelRun" name="runScenario" time="48.817"/>
  <testcase classname="parallel.ParallelRun" name="runScenario" time="61.079"/>
  <testcase classname="parallel.ParallelRun" name="runScenario" time="48.973"/>
  <testcase classname="parallel.ParallelRun" name="runScenario" time="46.683"/>
  <testcase classname="parallel.ParallelRun" name="runScenario" time="48.865"/>
  <testcase classname="parallel.ParallelRun" name="runScenario" time="57.709"/>
  <testcase classname="parallel.ParallelRun" name="runScenario" time="51.179">
    <failure message="Found 5 accessibility violations:
1) Text of buttons and links should not be repeated in the image alternative: https://dequeuniversity.com/rules/axe/3.1/image-redundant-alt?application=axeAPI
  a) [&quot;a[aria-label=\&quot;Clothing\&quot;]&quot;]
    Fix all of the following:
      Element contains &lt;img&gt; element with alt text that duplicates existing text


  b) [&quot;a[href=\&quot;/b?node=1983518031\&quot;]&quot;]
    Fix all of the following:
      Element contains &lt;img&gt; element with alt text that duplicates existing text


  c) [&quot;a[href=\&quot;/b?node=2563504031\&quot;]&quot;]
    Fix all of the following:
      Element contains &lt;img&gt; element with alt text that duplicates existing text


  d) [&quot;a[aria-label=\&quot;BAGS\\ \\&amp;\\ LUGGAGE\&quot;]&quot;]
    Fix all of the following:
      Element contains &lt;img&gt; element with alt text that duplicates existing text


  e) [&quot;a[aria-label=\&quot;Cereals\\ \\&amp;\\ Oats\&quot;]&quot;]
    Fix all of the following:
      Element contains &lt;img&gt; element with alt text that duplicates existing text


  f) [&quot;a[aria-label=\&quot;Tea\\ \\&amp;\\ Coffee\&quot;]&quot;]
    Fix all of the following:
      Element contains &lt;img&gt; element with alt text that duplicates existing text


  g) [&quot;a[aria-label=\&quot;Spreads\\ \\&amp;\\ Honey\&quot;]&quot;]
    Fix all of the following:
      Element contains &lt;img&gt; element with alt text that duplicates existing text


  h) [&quot;a[aria-label=\&quot;Cleaning\\ essentials\&quot;]&quot;]
    Fix all of the following:
      Element contains &lt;img&gt; element with alt text that duplicates existing text


  i) [&quot;a[aria-label=\&quot;Immunity\\ \\&amp;\\ healthcare\&quot;]&quot;]
    Fix all of the following:
      Element contains &lt;img&gt; element with alt text that duplicates existing text


  j) [&quot;a[aria-label=\&quot;Women\\&#039;s\\ personal\\ care\&quot;]&quot;]
    Fix all of the following:
      Element contains &lt;img&gt; element with alt text that duplicates existing text


  k) [&quot;a[aria-label=\&quot;Men\\&#039;s\\ grooming\&quot;]&quot;]
    Fix all of the following:
      Element contains &lt;img&gt; element with alt text that duplicates existing text


  l) [&quot;a[aria-label=\&quot;Women\\&#039;s\\ Clothing\&quot;]&quot;]
    Fix all of the following:
      Element contains &lt;img&gt; element with alt text that duplicates existing text


  m) [&quot;a[aria-label=\&quot;Footwear\\+Handbags\&quot;]&quot;]
    Fix all of the following:
      Element contains &lt;img&gt; element with alt text that duplicates existing text


  n) [&quot;#Z1TOtzOeCSJD44F3e60UlA &gt; .a-cardui-body &gt; .grid-row-2.a-section &gt; .quadrant-container-0.quadrant-container.a-spacing-none &gt; .image-redirect.aok-block[aria-label=\&quot;Watches\&quot;]&quot;]
    Fix all of the following:
      Element contains &lt;img&gt; element with alt text that duplicates existing text


  o) [&quot;a[aria-label=\&quot;Fashion\\ jewellery\&quot;]&quot;]
    Fix all of the following:
      Element contains &lt;img&gt; element with alt text that duplicates existing text


  p) [&quot;a[aria-label=\&quot;Flight\\ tickets\&quot;]&quot;]
    Fix all of the following:
      Element contains &lt;img&gt; element with alt text that duplicates existing text


  q) [&quot;a[aria-label=\&quot;Bus\\ tickets\&quot;]&quot;]
    Fix all of the following:
      Element contains &lt;img&gt; element with alt text that duplicates existing text


  r) [&quot;a[aria-label=\&quot;Train\\ tickets\&quot;]&quot;]
    Fix all of the following:
      Element contains &lt;img&gt; element with alt text that duplicates existing text


  s) [&quot;a[aria-label=\&quot;Essential\\ travel\\ products\&quot;]&quot;]
    Fix all of the following:
      Element contains &lt;img&gt; element with alt text that duplicates existing text


  t) [&quot;a[aria-label=\&quot;N95\\ Masks\\ \\&amp;\\ respirators\&quot;]&quot;]
    Fix all of the following:
      Element contains &lt;img&gt; element with alt text that duplicates existing text


  u) [&quot;a[aria-label=\&quot;Cloth\\ masks\&quot;]&quot;]
    Fix all of the following:
      Element contains &lt;img&gt; element with alt text that duplicates existing text


  v) [&quot;a[aria-label=\&quot;Kids\\ mask\&quot;]&quot;]
    Fix all of the following:
      Element contains &lt;img&gt; element with alt text that duplicates existing text


  w) [&quot;a[aria-label=\&quot;View\\ the\\ mask\\ store\&quot;]&quot;]
    Fix all of the following:
      Element contains &lt;img&gt; element with alt text that duplicates existing text


  x) [&quot;a[aria-label=\&quot;Dog\\ supplies\&quot;]&quot;]
    Fix all of the following:
      Element contains &lt;img&gt; element with alt text that duplicates existing text


  y) [&quot;a[aria-label=\&quot;Cat\\ supplies\&quot;]&quot;]
    Fix all of the following:
      Element contains &lt;img&gt; element with alt text that duplicates existing text


  z) [&quot;a[aria-label=\&quot;Aquatics\\ supplies\&quot;]&quot;]
    Fix all of the following:
      Element contains &lt;img&gt; element with alt text that duplicates existing text


  aa) [&quot;a[aria-label=\&quot;Bird\\ supplies\&quot;]&quot;]
    Fix all of the following:
      Element contains &lt;img&gt; element with alt text that duplicates existing text


  ab) [&quot;a[aria-label=\&quot;Chips\\ \\&amp;\\ namkeens\&quot;]&quot;]
    Fix all of the following:
      Element contains &lt;img&gt; element with alt text that duplicates existing text


  ac) [&quot;a[aria-label=\&quot;Biscuits\\ \\&amp;\\ cookies\&quot;]&quot;]
    Fix all of the following:
      Element contains &lt;img&gt; element with alt text that duplicates existing text


  ad) [&quot;a[aria-label=\&quot;Frozen\\ snacks\&quot;]&quot;]
    Fix all of the following:
      Element contains &lt;img&gt; element with alt text that duplicates existing text


  ae) [&quot;#U7H7lWNcujxahj44f2hHHw &gt; .a-cardui-body &gt; .grid-row-2.a-section &gt; .quadrant-container-1.quadrant-container.a-spacing-none &gt; .image-redirect.aok-block.image-window&quot;]
    Fix all of the following:
      Element contains &lt;img&gt; element with alt text that duplicates existing text


  af) [&quot;a[aria-label=\&quot;Fresh\\ fruits\&quot;]&quot;]
    Fix all of the following:
      Element contains &lt;img&gt; element with alt text that duplicates existing text


  ag) [&quot;a[aria-label=\&quot;Dairy\\,\\ bread\\ \\&amp;\\ eggs\&quot;]&quot;]
    Fix all of the following:
      Element contains &lt;img&gt; element with alt text that duplicates existing text


  ah) [&quot;a[aria-label=\&quot;Breakfast\\ cereals\&quot;]&quot;]
    Fix all of the following:
      Element contains &lt;img&gt; element with alt text that duplicates existing text


  ai) [&quot;#\\35 zVk8pxfnAlYsGWOPku5jQ &gt; .a-cardui-body &gt; .grid-row-2.a-section &gt; .quadrant-container-1.quadrant-container.a-spacing-none &gt; .image-redirect.aok-block.image-window&quot;]
    Fix all of the following:
      Element contains &lt;img&gt; element with alt text that duplicates existing text


  aj) [&quot;a[aria-label=\&quot;Skin\\ care\&quot;]&quot;]
    Fix all of the following:
      Element contains &lt;img&gt; element with alt text that duplicates existing text


  ak) [&quot;a[aria-label=\&quot;Hair\\ care\&quot;]&quot;]
    Fix all of the following:
      Element contains &lt;img&gt; element with alt text that duplicates existing text


  al) [&quot;a[aria-label=\&quot;Makeup\&quot;]&quot;]
    Fix all of the following:
      Element contains &lt;img&gt; element with alt text that duplicates existing text


  am) [&quot;a[aria-label=\&quot;Luxury\\ beauty\&quot;]&quot;]
    Fix all of the following:
      Element contains &lt;img&gt; element with alt text that duplicates existing text


  an) [&quot;a[aria-label=\&quot;Cookware\&quot;]&quot;]
    Fix all of the following:
      Element contains &lt;img&gt; element with alt text that duplicates existing text


  ao) [&quot;a[aria-label=\&quot;Tableware\&quot;]&quot;]
    Fix all of the following:
      Element contains &lt;img&gt; element with alt text that duplicates existing text


  ap) [&quot;a[aria-label=\&quot;Body\\ lotions\&quot;]&quot;]
    Fix all of the following:
      Element contains &lt;img&gt; element with alt text that duplicates existing text


  aq) [&quot;a[aria-label=\&quot;Face\\ creams\&quot;]&quot;]
    Fix all of the following:
      Element contains &lt;img&gt; element with alt text that duplicates existing text


  ar) [&quot;a[aria-label=\&quot;Health\\ aids\&quot;]&quot;]
    Fix all of the following:
      Element contains &lt;img&gt; element with alt text that duplicates existing text


  as) [&quot;#\\36 98NUdRHRvZGMh8EzsLNyg &gt; .a-cardui-body &gt; .grid-row-2.a-section &gt; .quadrant-container-1.quadrant-container.a-spacing-none &gt; .image-redirect.aok-block.image-window&quot;]
    Fix all of the following:
      Element contains &lt;img&gt; element with alt text that duplicates existing text


  at) [&quot;a[aria-label=\&quot;Men\u2019s\\ Innerwear\&quot;]&quot;]
    Fix all of the following:
      Element contains &lt;img&gt; element with alt text that duplicates existing text


  au) [&quot;a[aria-label=\&quot;Women\\&#039;s\\ sarees\&quot;]&quot;]
    Fix all of the following:
      Element contains &lt;img&gt; element with alt text that duplicates existing text


  av) [&quot;a[aria-label=\&quot;Men\\&#039;s\\ footwear\&quot;]&quot;]
    Fix all of the following:
      Element contains &lt;img&gt; element with alt text that duplicates existing text


  aw) [&quot;.quadrant-container-1.quadrant-container.a-spacing-none &gt; .image-redirect.aok-block[aria-label=\&quot;Watches\&quot;]&quot;]
    Fix all of the following:
      Element contains &lt;img&gt; element with alt text that duplicates existing text


  ax) [&quot;a[aria-label=\&quot;CLOTHING\&quot;]&quot;]
    Fix all of the following:
      Element contains &lt;img&gt; element with alt text that duplicates existing text


  ay) [&quot;#\\39 J2RKqdU4MwQuQ7w7IFHWA &gt; .a-cardui-body &gt; .a-spacing-small.grid-row-1.a-section &gt; .quadrant-container-1.quadrant-container.a-spacing-none &gt; .image-redirect.aok-block[aria-label=\&quot;Footwear\&quot;]&quot;]
    Fix all of the following:
      Element contains &lt;img&gt; element with alt text that duplicates existing text


  az) [&quot;a[aria-label=\&quot;Precious\\ jewellery\&quot;]&quot;]
    Fix all of the following:
      Element contains &lt;img&gt; element with alt text that duplicates existing text


  ba) [&quot;a[aria-label=\&quot;Juices\&quot;]&quot;]
    Fix all of the following:
      Element contains &lt;img&gt; element with alt text that duplicates existing text


  bb) [&quot;a[aria-label=\&quot;Cold\\ drinks\&quot;]&quot;]
    Fix all of the following:
      Element contains &lt;img&gt; element with alt text that duplicates existing text


  bc) [&quot;a[aria-label=\&quot;Tea\\ \\&amp;\\ coffee\&quot;]&quot;]
    Fix all of the following:
      Element contains &lt;img&gt; element with alt text that duplicates existing text


  bd) [&quot;#-UJiXWLNCx4Ljq9F2adibg &gt; .a-cardui-body &gt; .grid-row-2.a-section &gt; .quadrant-container-1.quadrant-container.a-spacing-none &gt; .image-redirect.aok-block.image-window&quot;]
    Fix all of the following:
      Element contains &lt;img&gt; element with alt text that duplicates existing text


  be) [&quot;a[aria-label=\&quot;Men\\&#039;s\\ clothing\&quot;]&quot;]
    Fix all of the following:
      Element contains &lt;img&gt; element with alt text that duplicates existing text


  bf) [&quot;a[aria-label=\&quot;Women\u2019s\\ clothing\&quot;]&quot;]
    Fix all of the following:
      Element contains &lt;img&gt; element with alt text that duplicates existing text


  bg) [&quot;a[aria-label=\&quot;Kids\\ clothing\&quot;]&quot;]
    Fix all of the following:
      Element contains &lt;img&gt; element with alt text that duplicates existing text


  bh) [&quot;.grid-row-2.a-section &gt; .quadrant-container-1.quadrant-container.a-spacing-none &gt; .image-redirect.aok-block[aria-label=\&quot;Footwear\&quot;]&quot;]
    Fix all of the following:
      Element contains &lt;img&gt; element with alt text that duplicates existing text


2) Form elements should have a visible label: https://dequeuniversity.com/rules/axe/3.1/label-title-only?application=axeAPI
  a) [&quot;#searchDropdownBox&quot;]
    Fix all of the following:
      Only title used to generate label for form element


3) Links must have discernible text: https://dequeuniversity.com/rules/axe/3.1/link-name?application=axeAPI
  a) [&quot;a[href$=\&quot;ref=footer_logo\&quot;]&quot;]
    Fix all of the following:
      Element is in tab order and does not have accessible text

    Fix any of the following:
      Element does not have text that is visible to screen readers
      aria-label attribute does not exist or is empty
      aria-labelledby attribute does not exist, references elements that do not exist or references elements that are empty
      Element&#039;s default semantics were not overridden with role=&quot;presentation&quot;
      Element&#039;s default semantics were not overridden with role=&quot;none&quot;


4) Page must contain a level-one heading: https://dequeuniversity.com/rules/axe/3.1/page-has-heading-one?application=axeAPI
  a) [&quot;html&quot;]
    Fix all of the following:
      Page must have a level-one heading


5) All page content must be contained by landmarks: https://dequeuniversity.com/rules/axe/3.1/region?application=axeAPI
  a) [&quot;html&quot;]
    Fix any of the following:
      Some page content is not contained by landmarks

 expected [true] but found [false]" type="java.lang.AssertionError">
      <![CDATA[java.lang.AssertionError: Found 5 accessibility violations:
1) Text of buttons and links should not be repeated in the image alternative: https://dequeuniversity.com/rules/axe/3.1/image-redundant-alt?application=axeAPI
  a) ["a[aria-label=\"Clothing\"]"]
    Fix all of the following:
      Element contains <img> element with alt text that duplicates existing text


  b) ["a[href=\"/b?node=1983518031\"]"]
    Fix all of the following:
      Element contains <img> element with alt text that duplicates existing text


  c) ["a[href=\"/b?node=2563504031\"]"]
    Fix all of the following:
      Element contains <img> element with alt text that duplicates existing text


  d) ["a[aria-label=\"BAGS\\ \\&\\ LUGGAGE\"]"]
    Fix all of the following:
      Element contains <img> element with alt text that duplicates existing text


  e) ["a[aria-label=\"Cereals\\ \\&\\ Oats\"]"]
    Fix all of the following:
      Element contains <img> element with alt text that duplicates existing text


  f) ["a[aria-label=\"Tea\\ \\&\\ Coffee\"]"]
    Fix all of the following:
      Element contains <img> element with alt text that duplicates existing text


  g) ["a[aria-label=\"Spreads\\ \\&\\ Honey\"]"]
    Fix all of the following:
      Element contains <img> element with alt text that duplicates existing text


  h) ["a[aria-label=\"Cleaning\\ essentials\"]"]
    Fix all of the following:
      Element contains <img> element with alt text that duplicates existing text


  i) ["a[aria-label=\"Immunity\\ \\&\\ healthcare\"]"]
    Fix all of the following:
      Element contains <img> element with alt text that duplicates existing text


  j) ["a[aria-label=\"Women\\'s\\ personal\\ care\"]"]
    Fix all of the following:
      Element contains <img> element with alt text that duplicates existing text


  k) ["a[aria-label=\"Men\\'s\\ grooming\"]"]
    Fix all of the following:
      Element contains <img> element with alt text that duplicates existing text


  l) ["a[aria-label=\"Women\\'s\\ Clothing\"]"]
    Fix all of the following:
      Element contains <img> element with alt text that duplicates existing text


  m) ["a[aria-label=\"Footwear\\+Handbags\"]"]
    Fix all of the following:
      Element contains <img> element with alt text that duplicates existing text


  n) ["#Z1TOtzOeCSJD44F3e60UlA > .a-cardui-body > .grid-row-2.a-section > .quadrant-container-0.quadrant-container.a-spacing-none > .image-redirect.aok-block[aria-label=\"Watches\"]"]
    Fix all of the following:
      Element contains <img> element with alt text that duplicates existing text


  o) ["a[aria-label=\"Fashion\\ jewellery\"]"]
    Fix all of the following:
      Element contains <img> element with alt text that duplicates existing text


  p) ["a[aria-label=\"Flight\\ tickets\"]"]
    Fix all of the following:
      Element contains <img> element with alt text that duplicates existing text


  q) ["a[aria-label=\"Bus\\ tickets\"]"]
    Fix all of the following:
      Element contains <img> element with alt text that duplicates existing text


  r) ["a[aria-label=\"Train\\ tickets\"]"]
    Fix all of the following:
      Element contains <img> element with alt text that duplicates existing text


  s) ["a[aria-label=\"Essential\\ travel\\ products\"]"]
    Fix all of the following:
      Element contains <img> element with alt text that duplicates existing text


  t) ["a[aria-label=\"N95\\ Masks\\ \\&\\ respirators\"]"]
    Fix all of the following:
      Element contains <img> element with alt text that duplicates existing text


  u) ["a[aria-label=\"Cloth\\ masks\"]"]
    Fix all of the following:
      Element contains <img> element with alt text that duplicates existing text


  v) ["a[aria-label=\"Kids\\ mask\"]"]
    Fix all of the following:
      Element contains <img> element with alt text that duplicates existing text


  w) ["a[aria-label=\"View\\ the\\ mask\\ store\"]"]
    Fix all of the following:
      Element contains <img> element with alt text that duplicates existing text


  x) ["a[aria-label=\"Dog\\ supplies\"]"]
    Fix all of the following:
      Element contains <img> element with alt text that duplicates existing text


  y) ["a[aria-label=\"Cat\\ supplies\"]"]
    Fix all of the following:
      Element contains <img> element with alt text that duplicates existing text


  z) ["a[aria-label=\"Aquatics\\ supplies\"]"]
    Fix all of the following:
      Element contains <img> element with alt text that duplicates existing text


  aa) ["a[aria-label=\"Bird\\ supplies\"]"]
    Fix all of the following:
      Element contains <img> element with alt text that duplicates existing text


  ab) ["a[aria-label=\"Chips\\ \\&\\ namkeens\"]"]
    Fix all of the following:
      Element contains <img> element with alt text that duplicates existing text


  ac) ["a[aria-label=\"Biscuits\\ \\&\\ cookies\"]"]
    Fix all of the following:
      Element contains <img> element with alt text that duplicates existing text


  ad) ["a[aria-label=\"Frozen\\ snacks\"]"]
    Fix all of the following:
      Element contains <img> element with alt text that duplicates existing text


  ae) ["#U7H7lWNcujxahj44f2hHHw > .a-cardui-body > .grid-row-2.a-section > .quadrant-container-1.quadrant-container.a-spacing-none > .image-redirect.aok-block.image-window"]
    Fix all of the following:
      Element contains <img> element with alt text that duplicates existing text


  af) ["a[aria-label=\"Fresh\\ fruits\"]"]
    Fix all of the following:
      Element contains <img> element with alt text that duplicates existing text


  ag) ["a[aria-label=\"Dairy\\,\\ bread\\ \\&\\ eggs\"]"]
    Fix all of the following:
      Element contains <img> element with alt text that duplicates existing text


  ah) ["a[aria-label=\"Breakfast\\ cereals\"]"]
    Fix all of the following:
      Element contains <img> element with alt text that duplicates existing text


  ai) ["#\\35 zVk8pxfnAlYsGWOPku5jQ > .a-cardui-body > .grid-row-2.a-section > .quadrant-container-1.quadrant-container.a-spacing-none > .image-redirect.aok-block.image-window"]
    Fix all of the following:
      Element contains <img> element with alt text that duplicates existing text


  aj) ["a[aria-label=\"Skin\\ care\"]"]
    Fix all of the following:
      Element contains <img> element with alt text that duplicates existing text


  ak) ["a[aria-label=\"Hair\\ care\"]"]
    Fix all of the following:
      Element contains <img> element with alt text that duplicates existing text


  al) ["a[aria-label=\"Makeup\"]"]
    Fix all of the following:
      Element contains <img> element with alt text that duplicates existing text


  am) ["a[aria-label=\"Luxury\\ beauty\"]"]
    Fix all of the following:
      Element contains <img> element with alt text that duplicates existing text


  an) ["a[aria-label=\"Cookware\"]"]
    Fix all of the following:
      Element contains <img> element with alt text that duplicates existing text


  ao) ["a[aria-label=\"Tableware\"]"]
    Fix all of the following:
      Element contains <img> element with alt text that duplicates existing text


  ap) ["a[aria-label=\"Body\\ lotions\"]"]
    Fix all of the following:
      Element contains <img> element with alt text that duplicates existing text


  aq) ["a[aria-label=\"Face\\ creams\"]"]
    Fix all of the following:
      Element contains <img> element with alt text that duplicates existing text


  ar) ["a[aria-label=\"Health\\ aids\"]"]
    Fix all of the following:
      Element contains <img> element with alt text that duplicates existing text


  as) ["#\\36 98NUdRHRvZGMh8EzsLNyg > .a-cardui-body > .grid-row-2.a-section > .quadrant-container-1.quadrant-container.a-spacing-none > .image-redirect.aok-block.image-window"]
    Fix all of the following:
      Element contains <img> element with alt text that duplicates existing text


  at) ["a[aria-label=\"Men\u2019s\\ Innerwear\"]"]
    Fix all of the following:
      Element contains <img> element with alt text that duplicates existing text


  au) ["a[aria-label=\"Women\\'s\\ sarees\"]"]
    Fix all of the following:
      Element contains <img> element with alt text that duplicates existing text


  av) ["a[aria-label=\"Men\\'s\\ footwear\"]"]
    Fix all of the following:
      Element contains <img> element with alt text that duplicates existing text


  aw) [".quadrant-container-1.quadrant-container.a-spacing-none > .image-redirect.aok-block[aria-label=\"Watches\"]"]
    Fix all of the following:
      Element contains <img> element with alt text that duplicates existing text


  ax) ["a[aria-label=\"CLOTHING\"]"]
    Fix all of the following:
      Element contains <img> element with alt text that duplicates existing text


  ay) ["#\\39 J2RKqdU4MwQuQ7w7IFHWA > .a-cardui-body > .a-spacing-small.grid-row-1.a-section > .quadrant-container-1.quadrant-container.a-spacing-none > .image-redirect.aok-block[aria-label=\"Footwear\"]"]
    Fix all of the following:
      Element contains <img> element with alt text that duplicates existing text


  az) ["a[aria-label=\"Precious\\ jewellery\"]"]
    Fix all of the following:
      Element contains <img> element with alt text that duplicates existing text


  ba) ["a[aria-label=\"Juices\"]"]
    Fix all of the following:
      Element contains <img> element with alt text that duplicates existing text


  bb) ["a[aria-label=\"Cold\\ drinks\"]"]
    Fix all of the following:
      Element contains <img> element with alt text that duplicates existing text


  bc) ["a[aria-label=\"Tea\\ \\&\\ coffee\"]"]
    Fix all of the following:
      Element contains <img> element with alt text that duplicates existing text


  bd) ["#-UJiXWLNCx4Ljq9F2adibg > .a-cardui-body > .grid-row-2.a-section > .quadrant-container-1.quadrant-container.a-spacing-none > .image-redirect.aok-block.image-window"]
    Fix all of the following:
      Element contains <img> element with alt text that duplicates existing text


  be) ["a[aria-label=\"Men\\'s\\ clothing\"]"]
    Fix all of the following:
      Element contains <img> element with alt text that duplicates existing text


  bf) ["a[aria-label=\"Women\u2019s\\ clothing\"]"]
    Fix all of the following:
      Element contains <img> element with alt text that duplicates existing text


  bg) ["a[aria-label=\"Kids\\ clothing\"]"]
    Fix all of the following:
      Element contains <img> element with alt text that duplicates existing text


  bh) [".grid-row-2.a-section > .quadrant-container-1.quadrant-container.a-spacing-none > .image-redirect.aok-block[aria-label=\"Footwear\"]"]
    Fix all of the following:
      Element contains <img> element with alt text that duplicates existing text


2) Form elements should have a visible label: https://dequeuniversity.com/rules/axe/3.1/label-title-only?application=axeAPI
  a) ["#searchDropdownBox"]
    Fix all of the following:
      Only title used to generate label for form element


3) Links must have discernible text: https://dequeuniversity.com/rules/axe/3.1/link-name?application=axeAPI
  a) ["a[href$=\"ref=footer_logo\"]"]
    Fix all of the following:
      Element is in tab order and does not have accessible text

    Fix any of the following:
      Element does not have text that is visible to screen readers
      aria-label attribute does not exist or is empty
      aria-labelledby attribute does not exist, references elements that do not exist or references elements that are empty
      Element's default semantics were not overridden with role="presentation"
      Element's default semantics were not overridden with role="none"


4) Page must contain a level-one heading: https://dequeuniversity.com/rules/axe/3.1/page-has-heading-one?application=axeAPI
  a) ["html"]
    Fix all of the following:
      Page must have a level-one heading


5) All page content must be contained by landmarks: https://dequeuniversity.com/rules/axe/3.1/region?application=axeAPI
  a) ["html"]
    Fix any of the following:
      Some page content is not contained by landmarks

 expected [true] but found [false]
at org.testng.Assert.fail(Assert.java:96)
at org.testng.Assert.failNotEquals(Assert.java:776)
at org.testng.Assert.assertTrue(Assert.java:44)
at parallel.AmazonPageSteps.user_is_on_home_page(AmazonPageSteps.java:35)
at ✽.user is on home page(file:///C:/Users/Raju%20Krish/git/CucumberPOMSeries/CucumberPOMSeries/src/test/resources/parallel/AmazonPage.feature:4)
]]>
    </failure>
  </testcase> <!-- runScenario -->
</testsuite> <!-- parallel.ParallelRun -->
