<?xml version="1.0" encoding="UTF-8"?>
<!-- Generated by org.testng.reporters.JUnitReportReporter -->
<testsuite hostname="DESKTOP-29FAU25" failures="0" tests="1" name="HPTest" time="13.631" errors="0" timestamp="10 Apr 2021 08:13:40 GMT" skipped="0">
  <testcase classname="HPTest" name="demotest" time="13.631"/>
</testsuite> <!-- HPTest -->
