<?xml version="1.0" encoding="UTF-8"?>
<!-- Generated by org.testng.reporters.JUnitReportReporter -->
<testsuite hostname="DESKTOP-29FAU25" failures="1" tests="5" name="parallel.ParallelRun" time="69.510" errors="0" timestamp="29 Apr 2021 19:09:17 GMT" skipped="0">
  <testcase classname="parallel.ParallelRun" name="runScenario" time="11.012"/>
  <testcase classname="parallel.ParallelRun" name="runScenario" time="12.709"/>
  <testcase classname="parallel.ParallelRun" name="runScenario" time="17.870">
    <failure message="Found 6 accessibility violations:
1) ARIA role must be appropriate for the element: https://dequeuniversity.com/rules/axe/3.1/aria-allowed-role?application=axeAPI
  a) [&quot;img[width=\&quot;\\31 00\&quot;]&quot;]
    Fix any of the following:
      role presentation  is not allowed for given element


2) Text of buttons and links should not be repeated in the image alternative: https://dequeuniversity.com/rules/axe/3.1/image-redundant-alt?application=axeAPI
  a) [&quot;a[aria-label=\&quot;ACs\&quot;]&quot;]
    Fix all of the following:
      Element contains &lt;img&gt; element with alt text that duplicates existing text


  b) [&quot;a[aria-label=\&quot;Refrigerators\&quot;]&quot;]
    Fix all of the following:
      Element contains &lt;img&gt; element with alt text that duplicates existing text


  c) [&quot;a[aria-label=\&quot;Televisions\&quot;]&quot;]
    Fix all of the following:
      Element contains &lt;img&gt; element with alt text that duplicates existing text


  d) [&quot;a[aria-label=\&quot;Washing\\ machines\&quot;]&quot;]
    Fix all of the following:
      Element contains &lt;img&gt; element with alt text that duplicates existing text


  e) [&quot;a[aria-label=\&quot;Home\\ products\&quot;]&quot;]
    Fix all of the following:
      Element contains &lt;img&gt; element with alt text that duplicates existing text


  f) [&quot;a[aria-label=\&quot;Kitchen\\ \\&amp;\\ dining\&quot;]&quot;]
    Fix all of the following:
      Element contains &lt;img&gt; element with alt text that duplicates existing text


  g) [&quot;a[aria-label=\&quot;Daily\\ essentials\&quot;]&quot;]
    Fix all of the following:
      Element contains &lt;img&gt; element with alt text that duplicates existing text


  h) [&quot;a[aria-label=\&quot;Clothing\\ essentials\&quot;]&quot;]
    Fix all of the following:
      Element contains &lt;img&gt; element with alt text that duplicates existing text


  i) [&quot;a[aria-label=\&quot;Measuring\\ instruments\&quot;]&quot;]
    Fix all of the following:
      Element contains &lt;img&gt; element with alt text that duplicates existing text


  j) [&quot;a[aria-label=\&quot;Medical\\ supplies\&quot;]&quot;]
    Fix all of the following:
      Element contains &lt;img&gt; element with alt text that duplicates existing text


  k) [&quot;a[aria-label=\&quot;Women\\&#039;s\\ Clothing\&quot;]&quot;]
    Fix all of the following:
      Element contains &lt;img&gt; element with alt text that duplicates existing text


  l) [&quot;a[aria-label=\&quot;Footwear\\+Handbags\&quot;]&quot;]
    Fix all of the following:
      Element contains &lt;img&gt; element with alt text that duplicates existing text


  m) [&quot;#DchljYEN_IlybAyiOJqUcA &gt; .a-cardui-body &gt; .grid-row-2.a-section &gt; .quadrant-container-0.quadrant-container.a-spacing-none &gt; .image-redirect.aok-block[aria-label=\&quot;Watches\&quot;]&quot;]
    Fix all of the following:
      Element contains &lt;img&gt; element with alt text that duplicates existing text


  n) [&quot;a[aria-label=\&quot;Fashion\\ jewellery\&quot;]&quot;]
    Fix all of the following:
      Element contains &lt;img&gt; element with alt text that duplicates existing text


  o) [&quot;a[aria-label=\&quot;Clothing\&quot;]&quot;]
    Fix all of the following:
      Element contains &lt;img&gt; element with alt text that duplicates existing text


  p) [&quot;a[href=\&quot;/b?node=1983518031\&quot;]&quot;]
    Fix all of the following:
      Element contains &lt;img&gt; element with alt text that duplicates existing text


  q) [&quot;a[href=\&quot;/b?node=2563504031\&quot;]&quot;]
    Fix all of the following:
      Element contains &lt;img&gt; element with alt text that duplicates existing text


  r) [&quot;a[aria-label=\&quot;BAGS\\ \\&amp;\\ LUGGAGE\&quot;]&quot;]
    Fix all of the following:
      Element contains &lt;img&gt; element with alt text that duplicates existing text


  s) [&quot;a[aria-label=\&quot;Cleaning\\ essentials\&quot;]&quot;]
    Fix all of the following:
      Element contains &lt;img&gt; element with alt text that duplicates existing text


  t) [&quot;a[aria-label=\&quot;Immunity\\ \\&amp;\\ healthcare\&quot;]&quot;]
    Fix all of the following:
      Element contains &lt;img&gt; element with alt text that duplicates existing text


  u) [&quot;a[aria-label=\&quot;Women\\&#039;s\\ personal\\ care\&quot;]&quot;]
    Fix all of the following:
      Element contains &lt;img&gt; element with alt text that duplicates existing text


  v) [&quot;a[aria-label=\&quot;Men\\&#039;s\\ grooming\&quot;]&quot;]
    Fix all of the following:
      Element contains &lt;img&gt; element with alt text that duplicates existing text


  w) [&quot;a[aria-label=\&quot;N95\\ Masks\\ \\&amp;\\ respirators\&quot;]&quot;]
    Fix all of the following:
      Element contains &lt;img&gt; element with alt text that duplicates existing text


  x) [&quot;a[aria-label=\&quot;Cloth\\ masks\&quot;]&quot;]
    Fix all of the following:
      Element contains &lt;img&gt; element with alt text that duplicates existing text


  y) [&quot;a[aria-label=\&quot;Face\\ coverings\&quot;]&quot;]
    Fix all of the following:
      Element contains &lt;img&gt; element with alt text that duplicates existing text


  z) [&quot;a[aria-label=\&quot;View\\ the\\ mask\\ store\&quot;]&quot;]
    Fix all of the following:
      Element contains &lt;img&gt; element with alt text that duplicates existing text


  aa) [&quot;a[aria-label=\&quot;Headphones\&quot;]&quot;]
    Fix all of the following:
      Element contains &lt;img&gt; element with alt text that duplicates existing text


  ab) [&quot;a[aria-label=\&quot;Laptops\&quot;]&quot;]
    Fix all of the following:
      Element contains &lt;img&gt; element with alt text that duplicates existing text


  ac) [&quot;a[aria-label=\&quot;Monitors\&quot;]&quot;]
    Fix all of the following:
      Element contains &lt;img&gt; element with alt text that duplicates existing text


  ad) [&quot;a[aria-label=\&quot;Routers\&quot;]&quot;]
    Fix all of the following:
      Element contains &lt;img&gt; element with alt text that duplicates existing text


  ae) [&quot;a[aria-label=\&quot;Fruits\\ \\&amp;\\ vegetables\&quot;]&quot;]
    Fix all of the following:
      Element contains &lt;img&gt; element with alt text that duplicates existing text


  af) [&quot;#ICWsVNMm4eD9KnjEm5VpVg &gt; .a-cardui-body &gt; .a-spacing-small.grid-row-1.a-section &gt; .quadrant-container-1.quadrant-container.a-spacing-none &gt; .image-redirect.aok-block.image-window&quot;]
    Fix all of the following:
      Element contains &lt;img&gt; element with alt text that duplicates existing text


  ag) [&quot;#ICWsVNMm4eD9KnjEm5VpVg &gt; .a-cardui-body &gt; .grid-row-2.a-section &gt; .quadrant-container-0.quadrant-container.a-spacing-none &gt; .image-redirect.aok-block.image-window&quot;]
    Fix all of the following:
      Element contains &lt;img&gt; element with alt text that duplicates existing text


  ah) [&quot;#ICWsVNMm4eD9KnjEm5VpVg &gt; .a-cardui-body &gt; .grid-row-2.a-section &gt; .quadrant-container-1.quadrant-container.a-spacing-none &gt; .image-redirect.aok-block.image-window&quot;]
    Fix all of the following:
      Element contains &lt;img&gt; element with alt text that duplicates existing text


  ai) [&quot;a[aria-label=\&quot;Men\\&#039;s\\ clothing\&quot;]&quot;]
    Fix all of the following:
      Element contains &lt;img&gt; element with alt text that duplicates existing text


  aj) [&quot;a[aria-label=\&quot;Women\u2019s\\ clothing\&quot;]&quot;]
    Fix all of the following:
      Element contains &lt;img&gt; element with alt text that duplicates existing text


  ak) [&quot;a[aria-label=\&quot;Kids\\ clothing\&quot;]&quot;]
    Fix all of the following:
      Element contains &lt;img&gt; element with alt text that duplicates existing text


  al) [&quot;.grid-row-2.a-section &gt; .quadrant-container-1.quadrant-container.a-spacing-none &gt; .image-redirect.aok-block[aria-label=\&quot;Footwear\&quot;]&quot;]
    Fix all of the following:
      Element contains &lt;img&gt; element with alt text that duplicates existing text


  am) [&quot;a[aria-label=\&quot;Juices\&quot;]&quot;]
    Fix all of the following:
      Element contains &lt;img&gt; element with alt text that duplicates existing text


  an) [&quot;a[aria-label=\&quot;Cold\\ drinks\&quot;]&quot;]
    Fix all of the following:
      Element contains &lt;img&gt; element with alt text that duplicates existing text


  ao) [&quot;a[aria-label=\&quot;Tea\\ \\&amp;\\ coffee\&quot;]&quot;]
    Fix all of the following:
      Element contains &lt;img&gt; element with alt text that duplicates existing text


  ap) [&quot;#jPxcNm3gzLGh2Be6fq3uxQ &gt; .a-cardui-body &gt; .grid-row-2.a-section &gt; .quadrant-container-1.quadrant-container.a-spacing-none &gt; .image-redirect.aok-block.image-window&quot;]
    Fix all of the following:
      Element contains &lt;img&gt; element with alt text that duplicates existing text


  aq) [&quot;a[aria-label=\&quot;Chips\\ \\&amp;\\ namkeens\&quot;]&quot;]
    Fix all of the following:
      Element contains &lt;img&gt; element with alt text that duplicates existing text


  ar) [&quot;a[aria-label=\&quot;Biscuits\\ \\&amp;\\ cookies\&quot;]&quot;]
    Fix all of the following:
      Element contains &lt;img&gt; element with alt text that duplicates existing text


  as) [&quot;a[aria-label=\&quot;Frozen\\ snacks\&quot;]&quot;]
    Fix all of the following:
      Element contains &lt;img&gt; element with alt text that duplicates existing text


  at) [&quot;#Rd2NwW3PBnjQsAqc6jv8Ow &gt; .a-cardui-body &gt; .grid-row-2.a-section &gt; .quadrant-container-1.quadrant-container.a-spacing-none &gt; .image-redirect.aok-block.image-window&quot;]
    Fix all of the following:
      Element contains &lt;img&gt; element with alt text that duplicates existing text


  au) [&quot;a[aria-label=\&quot;Fresh\\ fruits\&quot;]&quot;]
    Fix all of the following:
      Element contains &lt;img&gt; element with alt text that duplicates existing text


  av) [&quot;a[aria-label=\&quot;Dairy\\,\\ bread\\ \\&amp;\\ eggs\&quot;]&quot;]
    Fix all of the following:
      Element contains &lt;img&gt; element with alt text that duplicates existing text


  aw) [&quot;a[aria-label=\&quot;Breakfast\\ cereals\&quot;]&quot;]
    Fix all of the following:
      Element contains &lt;img&gt; element with alt text that duplicates existing text


  ax) [&quot;#KVhfIsgZHOxkNCG-GfOY2Q &gt; .a-cardui-body &gt; .grid-row-2.a-section &gt; .quadrant-container-1.quadrant-container.a-spacing-none &gt; .image-redirect.aok-block.image-window&quot;]
    Fix all of the following:
      Element contains &lt;img&gt; element with alt text that duplicates existing text


  ay) [&quot;a[href=\&quot;/l/22649649031\&quot;]&quot;]
    Fix all of the following:
      Element contains &lt;img&gt; element with alt text that duplicates existing text


  az) [&quot;a[aria-label=\&quot;Top\\ chart\\ games\&quot;]&quot;]
    Fix all of the following:
      Element contains &lt;img&gt; element with alt text that duplicates existing text


  ba) [&quot;a[aria-label=\&quot;Play\\ like\\ a\\ pro\\ \\|\\ Accessories\&quot;]&quot;]
    Fix all of the following:
      Element contains &lt;img&gt; element with alt text that duplicates existing text


  bb) [&quot;a[aria-label=\&quot;Virtual\\ reality\&quot;]&quot;]
    Fix all of the following:
      Element contains &lt;img&gt; element with alt text that duplicates existing text


  bc) [&quot;a[aria-label=\&quot;All-new\\ Echo\\ Dot\&quot;]&quot;]
    Fix all of the following:
      Element contains &lt;img&gt; element with alt text that duplicates existing text


  bd) [&quot;a[aria-label=\&quot;All-new\\ Fire\\ TV\\ Stick\&quot;]&quot;]
    Fix all of the following:
      Element contains &lt;img&gt; element with alt text that duplicates existing text


  be) [&quot;a[aria-label=\&quot;Echo\\ Show\\ 5\&quot;]&quot;]
    Fix all of the following:
      Element contains &lt;img&gt; element with alt text that duplicates existing text


  bf) [&quot;a[aria-label=\&quot;Kindle\\ E-readers\&quot;]&quot;]
    Fix all of the following:
      Element contains &lt;img&gt; element with alt text that duplicates existing text


3) Form elements should have a visible label: https://dequeuniversity.com/rules/axe/3.1/label-title-only?application=axeAPI
  a) [&quot;#searchDropdownBox&quot;]
    Fix all of the following:
      Only title used to generate label for form element


4) Links must have discernible text: https://dequeuniversity.com/rules/axe/3.1/link-name?application=axeAPI
  a) [&quot;a[href$=\&quot;ref=footer_logo\&quot;]&quot;]
    Fix all of the following:
      Element is in tab order and does not have accessible text

    Fix any of the following:
      Element does not have text that is visible to screen readers
      aria-label attribute does not exist or is empty
      aria-labelledby attribute does not exist, references elements that do not exist or references elements that are empty
      Element&#039;s default semantics were not overridden with role=&quot;presentation&quot;
      Element&#039;s default semantics were not overridden with role=&quot;none&quot;


5) Page must contain a level-one heading: https://dequeuniversity.com/rules/axe/3.1/page-has-heading-one?application=axeAPI
  a) [&quot;html&quot;]
    Fix all of the following:
      Page must have a level-one heading


6) All page content must be contained by landmarks: https://dequeuniversity.com/rules/axe/3.1/region?application=axeAPI
  a) [&quot;html&quot;]
    Fix any of the following:
      Some page content is not contained by landmarks

 expected [true] but found [false]" type="java.lang.AssertionError">
      <![CDATA[java.lang.AssertionError: Found 6 accessibility violations:
1) ARIA role must be appropriate for the element: https://dequeuniversity.com/rules/axe/3.1/aria-allowed-role?application=axeAPI
  a) ["img[width=\"\\31 00\"]"]
    Fix any of the following:
      role presentation  is not allowed for given element


2) Text of buttons and links should not be repeated in the image alternative: https://dequeuniversity.com/rules/axe/3.1/image-redundant-alt?application=axeAPI
  a) ["a[aria-label=\"ACs\"]"]
    Fix all of the following:
      Element contains <img> element with alt text that duplicates existing text


  b) ["a[aria-label=\"Refrigerators\"]"]
    Fix all of the following:
      Element contains <img> element with alt text that duplicates existing text


  c) ["a[aria-label=\"Televisions\"]"]
    Fix all of the following:
      Element contains <img> element with alt text that duplicates existing text


  d) ["a[aria-label=\"Washing\\ machines\"]"]
    Fix all of the following:
      Element contains <img> element with alt text that duplicates existing text


  e) ["a[aria-label=\"Home\\ products\"]"]
    Fix all of the following:
      Element contains <img> element with alt text that duplicates existing text


  f) ["a[aria-label=\"Kitchen\\ \\&\\ dining\"]"]
    Fix all of the following:
      Element contains <img> element with alt text that duplicates existing text


  g) ["a[aria-label=\"Daily\\ essentials\"]"]
    Fix all of the following:
      Element contains <img> element with alt text that duplicates existing text


  h) ["a[aria-label=\"Clothing\\ essentials\"]"]
    Fix all of the following:
      Element contains <img> element with alt text that duplicates existing text


  i) ["a[aria-label=\"Measuring\\ instruments\"]"]
    Fix all of the following:
      Element contains <img> element with alt text that duplicates existing text


  j) ["a[aria-label=\"Medical\\ supplies\"]"]
    Fix all of the following:
      Element contains <img> element with alt text that duplicates existing text


  k) ["a[aria-label=\"Women\\'s\\ Clothing\"]"]
    Fix all of the following:
      Element contains <img> element with alt text that duplicates existing text


  l) ["a[aria-label=\"Footwear\\+Handbags\"]"]
    Fix all of the following:
      Element contains <img> element with alt text that duplicates existing text


  m) ["#DchljYEN_IlybAyiOJqUcA > .a-cardui-body > .grid-row-2.a-section > .quadrant-container-0.quadrant-container.a-spacing-none > .image-redirect.aok-block[aria-label=\"Watches\"]"]
    Fix all of the following:
      Element contains <img> element with alt text that duplicates existing text


  n) ["a[aria-label=\"Fashion\\ jewellery\"]"]
    Fix all of the following:
      Element contains <img> element with alt text that duplicates existing text


  o) ["a[aria-label=\"Clothing\"]"]
    Fix all of the following:
      Element contains <img> element with alt text that duplicates existing text


  p) ["a[href=\"/b?node=1983518031\"]"]
    Fix all of the following:
      Element contains <img> element with alt text that duplicates existing text


  q) ["a[href=\"/b?node=2563504031\"]"]
    Fix all of the following:
      Element contains <img> element with alt text that duplicates existing text


  r) ["a[aria-label=\"BAGS\\ \\&\\ LUGGAGE\"]"]
    Fix all of the following:
      Element contains <img> element with alt text that duplicates existing text


  s) ["a[aria-label=\"Cleaning\\ essentials\"]"]
    Fix all of the following:
      Element contains <img> element with alt text that duplicates existing text


  t) ["a[aria-label=\"Immunity\\ \\&\\ healthcare\"]"]
    Fix all of the following:
      Element contains <img> element with alt text that duplicates existing text


  u) ["a[aria-label=\"Women\\'s\\ personal\\ care\"]"]
    Fix all of the following:
      Element contains <img> element with alt text that duplicates existing text


  v) ["a[aria-label=\"Men\\'s\\ grooming\"]"]
    Fix all of the following:
      Element contains <img> element with alt text that duplicates existing text


  w) ["a[aria-label=\"N95\\ Masks\\ \\&\\ respirators\"]"]
    Fix all of the following:
      Element contains <img> element with alt text that duplicates existing text


  x) ["a[aria-label=\"Cloth\\ masks\"]"]
    Fix all of the following:
      Element contains <img> element with alt text that duplicates existing text


  y) ["a[aria-label=\"Face\\ coverings\"]"]
    Fix all of the following:
      Element contains <img> element with alt text that duplicates existing text


  z) ["a[aria-label=\"View\\ the\\ mask\\ store\"]"]
    Fix all of the following:
      Element contains <img> element with alt text that duplicates existing text


  aa) ["a[aria-label=\"Headphones\"]"]
    Fix all of the following:
      Element contains <img> element with alt text that duplicates existing text


  ab) ["a[aria-label=\"Laptops\"]"]
    Fix all of the following:
      Element contains <img> element with alt text that duplicates existing text


  ac) ["a[aria-label=\"Monitors\"]"]
    Fix all of the following:
      Element contains <img> element with alt text that duplicates existing text


  ad) ["a[aria-label=\"Routers\"]"]
    Fix all of the following:
      Element contains <img> element with alt text that duplicates existing text


  ae) ["a[aria-label=\"Fruits\\ \\&\\ vegetables\"]"]
    Fix all of the following:
      Element contains <img> element with alt text that duplicates existing text


  af) ["#ICWsVNMm4eD9KnjEm5VpVg > .a-cardui-body > .a-spacing-small.grid-row-1.a-section > .quadrant-container-1.quadrant-container.a-spacing-none > .image-redirect.aok-block.image-window"]
    Fix all of the following:
      Element contains <img> element with alt text that duplicates existing text


  ag) ["#ICWsVNMm4eD9KnjEm5VpVg > .a-cardui-body > .grid-row-2.a-section > .quadrant-container-0.quadrant-container.a-spacing-none > .image-redirect.aok-block.image-window"]
    Fix all of the following:
      Element contains <img> element with alt text that duplicates existing text


  ah) ["#ICWsVNMm4eD9KnjEm5VpVg > .a-cardui-body > .grid-row-2.a-section > .quadrant-container-1.quadrant-container.a-spacing-none > .image-redirect.aok-block.image-window"]
    Fix all of the following:
      Element contains <img> element with alt text that duplicates existing text


  ai) ["a[aria-label=\"Men\\'s\\ clothing\"]"]
    Fix all of the following:
      Element contains <img> element with alt text that duplicates existing text


  aj) ["a[aria-label=\"Women\u2019s\\ clothing\"]"]
    Fix all of the following:
      Element contains <img> element with alt text that duplicates existing text


  ak) ["a[aria-label=\"Kids\\ clothing\"]"]
    Fix all of the following:
      Element contains <img> element with alt text that duplicates existing text


  al) [".grid-row-2.a-section > .quadrant-container-1.quadrant-container.a-spacing-none > .image-redirect.aok-block[aria-label=\"Footwear\"]"]
    Fix all of the following:
      Element contains <img> element with alt text that duplicates existing text


  am) ["a[aria-label=\"Juices\"]"]
    Fix all of the following:
      Element contains <img> element with alt text that duplicates existing text


  an) ["a[aria-label=\"Cold\\ drinks\"]"]
    Fix all of the following:
      Element contains <img> element with alt text that duplicates existing text


  ao) ["a[aria-label=\"Tea\\ \\&\\ coffee\"]"]
    Fix all of the following:
      Element contains <img> element with alt text that duplicates existing text


  ap) ["#jPxcNm3gzLGh2Be6fq3uxQ > .a-cardui-body > .grid-row-2.a-section > .quadrant-container-1.quadrant-container.a-spacing-none > .image-redirect.aok-block.image-window"]
    Fix all of the following:
      Element contains <img> element with alt text that duplicates existing text


  aq) ["a[aria-label=\"Chips\\ \\&\\ namkeens\"]"]
    Fix all of the following:
      Element contains <img> element with alt text that duplicates existing text


  ar) ["a[aria-label=\"Biscuits\\ \\&\\ cookies\"]"]
    Fix all of the following:
      Element contains <img> element with alt text that duplicates existing text


  as) ["a[aria-label=\"Frozen\\ snacks\"]"]
    Fix all of the following:
      Element contains <img> element with alt text that duplicates existing text


  at) ["#Rd2NwW3PBnjQsAqc6jv8Ow > .a-cardui-body > .grid-row-2.a-section > .quadrant-container-1.quadrant-container.a-spacing-none > .image-redirect.aok-block.image-window"]
    Fix all of the following:
      Element contains <img> element with alt text that duplicates existing text


  au) ["a[aria-label=\"Fresh\\ fruits\"]"]
    Fix all of the following:
      Element contains <img> element with alt text that duplicates existing text


  av) ["a[aria-label=\"Dairy\\,\\ bread\\ \\&\\ eggs\"]"]
    Fix all of the following:
      Element contains <img> element with alt text that duplicates existing text


  aw) ["a[aria-label=\"Breakfast\\ cereals\"]"]
    Fix all of the following:
      Element contains <img> element with alt text that duplicates existing text


  ax) ["#KVhfIsgZHOxkNCG-GfOY2Q > .a-cardui-body > .grid-row-2.a-section > .quadrant-container-1.quadrant-container.a-spacing-none > .image-redirect.aok-block.image-window"]
    Fix all of the following:
      Element contains <img> element with alt text that duplicates existing text


  ay) ["a[href=\"/l/22649649031\"]"]
    Fix all of the following:
      Element contains <img> element with alt text that duplicates existing text


  az) ["a[aria-label=\"Top\\ chart\\ games\"]"]
    Fix all of the following:
      Element contains <img> element with alt text that duplicates existing text


  ba) ["a[aria-label=\"Play\\ like\\ a\\ pro\\ \\|\\ Accessories\"]"]
    Fix all of the following:
      Element contains <img> element with alt text that duplicates existing text


  bb) ["a[aria-label=\"Virtual\\ reality\"]"]
    Fix all of the following:
      Element contains <img> element with alt text that duplicates existing text


  bc) ["a[aria-label=\"All-new\\ Echo\\ Dot\"]"]
    Fix all of the following:
      Element contains <img> element with alt text that duplicates existing text


  bd) ["a[aria-label=\"All-new\\ Fire\\ TV\\ Stick\"]"]
    Fix all of the following:
      Element contains <img> element with alt text that duplicates existing text


  be) ["a[aria-label=\"Echo\\ Show\\ 5\"]"]
    Fix all of the following:
      Element contains <img> element with alt text that duplicates existing text


  bf) ["a[aria-label=\"Kindle\\ E-readers\"]"]
    Fix all of the following:
      Element contains <img> element with alt text that duplicates existing text


3) Form elements should have a visible label: https://dequeuniversity.com/rules/axe/3.1/label-title-only?application=axeAPI
  a) ["#searchDropdownBox"]
    Fix all of the following:
      Only title used to generate label for form element


4) Links must have discernible text: https://dequeuniversity.com/rules/axe/3.1/link-name?application=axeAPI
  a) ["a[href$=\"ref=footer_logo\"]"]
    Fix all of the following:
      Element is in tab order and does not have accessible text

    Fix any of the following:
      Element does not have text that is visible to screen readers
      aria-label attribute does not exist or is empty
      aria-labelledby attribute does not exist, references elements that do not exist or references elements that are empty
      Element's default semantics were not overridden with role="presentation"
      Element's default semantics were not overridden with role="none"


5) Page must contain a level-one heading: https://dequeuniversity.com/rules/axe/3.1/page-has-heading-one?application=axeAPI
  a) ["html"]
    Fix all of the following:
      Page must have a level-one heading


6) All page content must be contained by landmarks: https://dequeuniversity.com/rules/axe/3.1/region?application=axeAPI
  a) ["html"]
    Fix any of the following:
      Some page content is not contained by landmarks

 expected [true] but found [false]
at org.testng.Assert.fail(Assert.java:96)
at org.testng.Assert.failNotEquals(Assert.java:776)
at org.testng.Assert.assertTrue(Assert.java:44)
at parallel.AmazonPageSteps.user_is_on_home_page(AmazonPageSteps.java:35)
at ✽.user is on home page(file:///C:/Users/Raju%20Krish/git/CucumberPOMSeries/CucumberPOMSeries/src/test/resources/parallel/AmazonPage.feature:4)
]]>
    </failure>
  </testcase> <!-- runScenario -->
  <testcase classname="parallel.ParallelRun" name="runScenario" time="14.051"/>
  <testcase classname="parallel.ParallelRun" name="runScenario" time="13.868"/>
</testsuite> <!-- parallel.ParallelRun -->
