<?xml version="1.0" encoding="UTF-8"?>
<!-- Generated by org.testng.reporters.JUnitReportReporter -->
<testsuite hostname="DESKTOP-29FAU25" failures="1" tests="1" name="AllyTests.AmazonAllyTest" time="17.054" errors="0" timestamp="28 Apr 2021 19:17:47 GMT" skipped="0">
  <testcase classname="AllyTests.AmazonAllyTest" name="amazonAllyTest" time="17.054">
    <failure message="Found 6 accessibility violations:
1) ARIA role must be appropriate for the element: https://dequeuniversity.com/rules/axe/3.1/aria-allowed-role?application=axeAPI
  a) [&quot;img[width=\&quot;\\31 00\&quot;]&quot;]
    Fix any of the following:
      role presentation  is not allowed for given element


2) Text of buttons and links should not be repeated in the image alternative: https://dequeuniversity.com/rules/axe/3.1/image-redundant-alt?application=axeAPI
  a) [&quot;a[aria-label=\&quot;Measuring\\ instruments\&quot;]&quot;]
    Fix all of the following:
      Element contains &lt;img&gt; element with alt text that duplicates existing text


  b) [&quot;a[aria-label=\&quot;Medical\\ supplies\&quot;]&quot;]
    Fix all of the following:
      Element contains &lt;img&gt; element with alt text that duplicates existing text


  c) [&quot;a[aria-label=\&quot;Clothing\&quot;]&quot;]
    Fix all of the following:
      Element contains &lt;img&gt; element with alt text that duplicates existing text


  d) [&quot;a[aria-label=\&quot;Footwear\&quot;]&quot;]
    Fix all of the following:
      Element contains &lt;img&gt; element with alt text that duplicates existing text


  e) [&quot;a[href=\&quot;/b?node=2563504031\&quot;]&quot;]
    Fix all of the following:
      Element contains &lt;img&gt; element with alt text that duplicates existing text


  f) [&quot;a[aria-label=\&quot;BAGS\\ \\&amp;\\ LUGGAGE\&quot;]&quot;]
    Fix all of the following:
      Element contains &lt;img&gt; element with alt text that duplicates existing text


  g) [&quot;a[aria-label=\&quot;Cleaning\\ essentials\&quot;]&quot;]
    Fix all of the following:
      Element contains &lt;img&gt; element with alt text that duplicates existing text


  h) [&quot;a[aria-label=\&quot;Immunity\\ \\&amp;\\ healthcare\&quot;]&quot;]
    Fix all of the following:
      Element contains &lt;img&gt; element with alt text that duplicates existing text


  i) [&quot;a[aria-label=\&quot;Women\\&#039;s\\ personal\\ care\&quot;]&quot;]
    Fix all of the following:
      Element contains &lt;img&gt; element with alt text that duplicates existing text


  j) [&quot;a[aria-label=\&quot;Men\\&#039;s\\ grooming\&quot;]&quot;]
    Fix all of the following:
      Element contains &lt;img&gt; element with alt text that duplicates existing text


  k) [&quot;a[aria-label=\&quot;Women\\&#039;s\\ Clothing\&quot;]&quot;]
    Fix all of the following:
      Element contains &lt;img&gt; element with alt text that duplicates existing text


  l) [&quot;a[aria-label=\&quot;Footwear\\+Handbags\&quot;]&quot;]
    Fix all of the following:
      Element contains &lt;img&gt; element with alt text that duplicates existing text


  m) [&quot;#Iv_wpAywJ6XCfMGxqVS64w &gt; .a-cardui-body &gt; .grid-row-2.a-section &gt; .quadrant-container-0.quadrant-container.a-spacing-none &gt; .image-redirect.aok-block[aria-label=\&quot;Watches\&quot;]&quot;]
    Fix all of the following:
      Element contains &lt;img&gt; element with alt text that duplicates existing text


  n) [&quot;a[aria-label=\&quot;Fashion\\ jewellery\&quot;]&quot;]
    Fix all of the following:
      Element contains &lt;img&gt; element with alt text that duplicates existing text


  o) [&quot;a[aria-label=\&quot;Home\\ products\&quot;]&quot;]
    Fix all of the following:
      Element contains &lt;img&gt; element with alt text that duplicates existing text


  p) [&quot;a[aria-label=\&quot;Kitchen\\ \\&amp;\\ dining\&quot;]&quot;]
    Fix all of the following:
      Element contains &lt;img&gt; element with alt text that duplicates existing text


  q) [&quot;a[aria-label=\&quot;Daily\\ essentials\&quot;]&quot;]
    Fix all of the following:
      Element contains &lt;img&gt; element with alt text that duplicates existing text


  r) [&quot;a[aria-label=\&quot;Clothing\\ essentials\&quot;]&quot;]
    Fix all of the following:
      Element contains &lt;img&gt; element with alt text that duplicates existing text


  s) [&quot;a[aria-label=\&quot;ACs\&quot;]&quot;]
    Fix all of the following:
      Element contains &lt;img&gt; element with alt text that duplicates existing text


  t) [&quot;a[aria-label=\&quot;Refrigerators\&quot;]&quot;]
    Fix all of the following:
      Element contains &lt;img&gt; element with alt text that duplicates existing text


  u) [&quot;a[aria-label=\&quot;Televisions\&quot;]&quot;]
    Fix all of the following:
      Element contains &lt;img&gt; element with alt text that duplicates existing text


  v) [&quot;a[aria-label=\&quot;Washing\\ machines\&quot;]&quot;]
    Fix all of the following:
      Element contains &lt;img&gt; element with alt text that duplicates existing text


  w) [&quot;a[aria-label=\&quot;Window\\ ACs\\ \\|\\ Starting\\ \u20b917\\,999\&quot;]&quot;]
    Fix all of the following:
      Element contains &lt;img&gt; element with alt text that duplicates existing text


  x) [&quot;a[aria-label=\&quot;Split\\ ACs\\ \\|\\ Starting\\ \u20b923\\,499\&quot;]&quot;]
    Fix all of the following:
      Element contains &lt;img&gt; element with alt text that duplicates existing text


  y) [&quot;a[href=\&quot;/b?node=22902922031\&quot;]&quot;]
    Fix all of the following:
      Element contains &lt;img&gt; element with alt text that duplicates existing text


  z) [&quot;a[href=\&quot;/l/22902923031\&quot;]&quot;]
    Fix all of the following:
      Element contains &lt;img&gt; element with alt text that duplicates existing text


  aa) [&quot;a[aria-label=\&quot;Fruits\\ \\&amp;\\ vegetables\&quot;]&quot;]
    Fix all of the following:
      Element contains &lt;img&gt; element with alt text that duplicates existing text


  ab) [&quot;#\\35 JCKu_AQNaK9sQSIZNpGrg &gt; .a-cardui-body &gt; .a-spacing-small.grid-row-1.a-section &gt; .quadrant-container-1.quadrant-container.a-spacing-none &gt; .image-redirect.aok-block.image-window&quot;]
    Fix all of the following:
      Element contains &lt;img&gt; element with alt text that duplicates existing text


  ac) [&quot;#\\35 JCKu_AQNaK9sQSIZNpGrg &gt; .a-cardui-body &gt; .grid-row-2.a-section &gt; .quadrant-container-0.quadrant-container.a-spacing-none &gt; .image-redirect.aok-block.image-window&quot;]
    Fix all of the following:
      Element contains &lt;img&gt; element with alt text that duplicates existing text


  ad) [&quot;#\\35 JCKu_AQNaK9sQSIZNpGrg &gt; .a-cardui-body &gt; .grid-row-2.a-section &gt; .quadrant-container-1.quadrant-container.a-spacing-none &gt; .image-redirect.aok-block.image-window&quot;]
    Fix all of the following:
      Element contains &lt;img&gt; element with alt text that duplicates existing text


  ae) [&quot;a[aria-label=\&quot;Juices\&quot;]&quot;]
    Fix all of the following:
      Element contains &lt;img&gt; element with alt text that duplicates existing text


  af) [&quot;a[aria-label=\&quot;Cold\\ drinks\&quot;]&quot;]
    Fix all of the following:
      Element contains &lt;img&gt; element with alt text that duplicates existing text


  ag) [&quot;a[aria-label=\&quot;Tea\\ \\&amp;\\ coffee\&quot;]&quot;]
    Fix all of the following:
      Element contains &lt;img&gt; element with alt text that duplicates existing text


  ah) [&quot;#Q7Tzo-uPPrfPAazxqO7GRA &gt; .a-cardui-body &gt; .grid-row-2.a-section &gt; .quadrant-container-1.quadrant-container.a-spacing-none &gt; .image-redirect.aok-block.image-window&quot;]
    Fix all of the following:
      Element contains &lt;img&gt; element with alt text that duplicates existing text


  ai) [&quot;a[aria-label=\&quot;N95\\ Masks\\ \\&amp;\\ respirators\&quot;]&quot;]
    Fix all of the following:
      Element contains &lt;img&gt; element with alt text that duplicates existing text


  aj) [&quot;a[aria-label=\&quot;Cloth\\ masks\&quot;]&quot;]
    Fix all of the following:
      Element contains &lt;img&gt; element with alt text that duplicates existing text


  ak) [&quot;a[aria-label=\&quot;Face\\ coverings\&quot;]&quot;]
    Fix all of the following:
      Element contains &lt;img&gt; element with alt text that duplicates existing text


  al) [&quot;a[aria-label=\&quot;View\\ the\\ mask\\ store\&quot;]&quot;]
    Fix all of the following:
      Element contains &lt;img&gt; element with alt text that duplicates existing text


  am) [&quot;a[aria-label=\&quot;Headphones\&quot;]&quot;]
    Fix all of the following:
      Element contains &lt;img&gt; element with alt text that duplicates existing text


  an) [&quot;a[aria-label=\&quot;Laptops\&quot;]&quot;]
    Fix all of the following:
      Element contains &lt;img&gt; element with alt text that duplicates existing text


  ao) [&quot;a[aria-label=\&quot;Monitors\&quot;]&quot;]
    Fix all of the following:
      Element contains &lt;img&gt; element with alt text that duplicates existing text


  ap) [&quot;a[aria-label=\&quot;Routers\&quot;]&quot;]
    Fix all of the following:
      Element contains &lt;img&gt; element with alt text that duplicates existing text


  aq) [&quot;a[aria-label=\&quot;Fresh\\ fruits\&quot;]&quot;]
    Fix all of the following:
      Element contains &lt;img&gt; element with alt text that duplicates existing text


  ar) [&quot;a[aria-label=\&quot;Dairy\\,\\ bread\\ \\&amp;\\ eggs\&quot;]&quot;]
    Fix all of the following:
      Element contains &lt;img&gt; element with alt text that duplicates existing text


  as) [&quot;a[aria-label=\&quot;Breakfast\\ cereals\&quot;]&quot;]
    Fix all of the following:
      Element contains &lt;img&gt; element with alt text that duplicates existing text


  at) [&quot;#llJJuLggBbVvPpvL86aXNw &gt; .a-cardui-body &gt; .grid-row-2.a-section &gt; .quadrant-container-1.quadrant-container.a-spacing-none &gt; .image-redirect.aok-block.image-window&quot;]
    Fix all of the following:
      Element contains &lt;img&gt; element with alt text that duplicates existing text


3) Form elements should have a visible label: https://dequeuniversity.com/rules/axe/3.1/label-title-only?application=axeAPI
  a) [&quot;#searchDropdownBox&quot;]
    Fix all of the following:
      Only title used to generate label for form element


4) Links must have discernible text: https://dequeuniversity.com/rules/axe/3.1/link-name?application=axeAPI
  a) [&quot;a[href$=\&quot;ref=footer_logo\&quot;]&quot;]
    Fix all of the following:
      Element is in tab order and does not have accessible text

    Fix any of the following:
      Element does not have text that is visible to screen readers
      aria-label attribute does not exist or is empty
      aria-labelledby attribute does not exist, references elements that do not exist or references elements that are empty
      Element&#039;s default semantics were not overridden with role=&quot;presentation&quot;
      Element&#039;s default semantics were not overridden with role=&quot;none&quot;


5) Page must contain a level-one heading: https://dequeuniversity.com/rules/axe/3.1/page-has-heading-one?application=axeAPI
  a) [&quot;html&quot;]
    Fix all of the following:
      Page must have a level-one heading


6) All page content must be contained by landmarks: https://dequeuniversity.com/rules/axe/3.1/region?application=axeAPI
  a) [&quot;html&quot;]
    Fix any of the following:
      Some page content is not contained by landmarks

 expected [true] but found [false]" type="java.lang.AssertionError">
      <![CDATA[java.lang.AssertionError: Found 6 accessibility violations:
1) ARIA role must be appropriate for the element: https://dequeuniversity.com/rules/axe/3.1/aria-allowed-role?application=axeAPI
  a) ["img[width=\"\\31 00\"]"]
    Fix any of the following:
      role presentation  is not allowed for given element


2) Text of buttons and links should not be repeated in the image alternative: https://dequeuniversity.com/rules/axe/3.1/image-redundant-alt?application=axeAPI
  a) ["a[aria-label=\"Measuring\\ instruments\"]"]
    Fix all of the following:
      Element contains <img> element with alt text that duplicates existing text


  b) ["a[aria-label=\"Medical\\ supplies\"]"]
    Fix all of the following:
      Element contains <img> element with alt text that duplicates existing text


  c) ["a[aria-label=\"Clothing\"]"]
    Fix all of the following:
      Element contains <img> element with alt text that duplicates existing text


  d) ["a[aria-label=\"Footwear\"]"]
    Fix all of the following:
      Element contains <img> element with alt text that duplicates existing text


  e) ["a[href=\"/b?node=2563504031\"]"]
    Fix all of the following:
      Element contains <img> element with alt text that duplicates existing text


  f) ["a[aria-label=\"BAGS\\ \\&\\ LUGGAGE\"]"]
    Fix all of the following:
      Element contains <img> element with alt text that duplicates existing text


  g) ["a[aria-label=\"Cleaning\\ essentials\"]"]
    Fix all of the following:
      Element contains <img> element with alt text that duplicates existing text


  h) ["a[aria-label=\"Immunity\\ \\&\\ healthcare\"]"]
    Fix all of the following:
      Element contains <img> element with alt text that duplicates existing text


  i) ["a[aria-label=\"Women\\'s\\ personal\\ care\"]"]
    Fix all of the following:
      Element contains <img> element with alt text that duplicates existing text


  j) ["a[aria-label=\"Men\\'s\\ grooming\"]"]
    Fix all of the following:
      Element contains <img> element with alt text that duplicates existing text


  k) ["a[aria-label=\"Women\\'s\\ Clothing\"]"]
    Fix all of the following:
      Element contains <img> element with alt text that duplicates existing text


  l) ["a[aria-label=\"Footwear\\+Handbags\"]"]
    Fix all of the following:
      Element contains <img> element with alt text that duplicates existing text


  m) ["#Iv_wpAywJ6XCfMGxqVS64w > .a-cardui-body > .grid-row-2.a-section > .quadrant-container-0.quadrant-container.a-spacing-none > .image-redirect.aok-block[aria-label=\"Watches\"]"]
    Fix all of the following:
      Element contains <img> element with alt text that duplicates existing text


  n) ["a[aria-label=\"Fashion\\ jewellery\"]"]
    Fix all of the following:
      Element contains <img> element with alt text that duplicates existing text


  o) ["a[aria-label=\"Home\\ products\"]"]
    Fix all of the following:
      Element contains <img> element with alt text that duplicates existing text


  p) ["a[aria-label=\"Kitchen\\ \\&\\ dining\"]"]
    Fix all of the following:
      Element contains <img> element with alt text that duplicates existing text


  q) ["a[aria-label=\"Daily\\ essentials\"]"]
    Fix all of the following:
      Element contains <img> element with alt text that duplicates existing text


  r) ["a[aria-label=\"Clothing\\ essentials\"]"]
    Fix all of the following:
      Element contains <img> element with alt text that duplicates existing text


  s) ["a[aria-label=\"ACs\"]"]
    Fix all of the following:
      Element contains <img> element with alt text that duplicates existing text


  t) ["a[aria-label=\"Refrigerators\"]"]
    Fix all of the following:
      Element contains <img> element with alt text that duplicates existing text


  u) ["a[aria-label=\"Televisions\"]"]
    Fix all of the following:
      Element contains <img> element with alt text that duplicates existing text


  v) ["a[aria-label=\"Washing\\ machines\"]"]
    Fix all of the following:
      Element contains <img> element with alt text that duplicates existing text


  w) ["a[aria-label=\"Window\\ ACs\\ \\|\\ Starting\\ \u20b917\\,999\"]"]
    Fix all of the following:
      Element contains <img> element with alt text that duplicates existing text


  x) ["a[aria-label=\"Split\\ ACs\\ \\|\\ Starting\\ \u20b923\\,499\"]"]
    Fix all of the following:
      Element contains <img> element with alt text that duplicates existing text


  y) ["a[href=\"/b?node=22902922031\"]"]
    Fix all of the following:
      Element contains <img> element with alt text that duplicates existing text


  z) ["a[href=\"/l/22902923031\"]"]
    Fix all of the following:
      Element contains <img> element with alt text that duplicates existing text


  aa) ["a[aria-label=\"Fruits\\ \\&\\ vegetables\"]"]
    Fix all of the following:
      Element contains <img> element with alt text that duplicates existing text


  ab) ["#\\35 JCKu_AQNaK9sQSIZNpGrg > .a-cardui-body > .a-spacing-small.grid-row-1.a-section > .quadrant-container-1.quadrant-container.a-spacing-none > .image-redirect.aok-block.image-window"]
    Fix all of the following:
      Element contains <img> element with alt text that duplicates existing text


  ac) ["#\\35 JCKu_AQNaK9sQSIZNpGrg > .a-cardui-body > .grid-row-2.a-section > .quadrant-container-0.quadrant-container.a-spacing-none > .image-redirect.aok-block.image-window"]
    Fix all of the following:
      Element contains <img> element with alt text that duplicates existing text


  ad) ["#\\35 JCKu_AQNaK9sQSIZNpGrg > .a-cardui-body > .grid-row-2.a-section > .quadrant-container-1.quadrant-container.a-spacing-none > .image-redirect.aok-block.image-window"]
    Fix all of the following:
      Element contains <img> element with alt text that duplicates existing text


  ae) ["a[aria-label=\"Juices\"]"]
    Fix all of the following:
      Element contains <img> element with alt text that duplicates existing text


  af) ["a[aria-label=\"Cold\\ drinks\"]"]
    Fix all of the following:
      Element contains <img> element with alt text that duplicates existing text


  ag) ["a[aria-label=\"Tea\\ \\&\\ coffee\"]"]
    Fix all of the following:
      Element contains <img> element with alt text that duplicates existing text


  ah) ["#Q7Tzo-uPPrfPAazxqO7GRA > .a-cardui-body > .grid-row-2.a-section > .quadrant-container-1.quadrant-container.a-spacing-none > .image-redirect.aok-block.image-window"]
    Fix all of the following:
      Element contains <img> element with alt text that duplicates existing text


  ai) ["a[aria-label=\"N95\\ Masks\\ \\&\\ respirators\"]"]
    Fix all of the following:
      Element contains <img> element with alt text that duplicates existing text


  aj) ["a[aria-label=\"Cloth\\ masks\"]"]
    Fix all of the following:
      Element contains <img> element with alt text that duplicates existing text


  ak) ["a[aria-label=\"Face\\ coverings\"]"]
    Fix all of the following:
      Element contains <img> element with alt text that duplicates existing text


  al) ["a[aria-label=\"View\\ the\\ mask\\ store\"]"]
    Fix all of the following:
      Element contains <img> element with alt text that duplicates existing text


  am) ["a[aria-label=\"Headphones\"]"]
    Fix all of the following:
      Element contains <img> element with alt text that duplicates existing text


  an) ["a[aria-label=\"Laptops\"]"]
    Fix all of the following:
      Element contains <img> element with alt text that duplicates existing text


  ao) ["a[aria-label=\"Monitors\"]"]
    Fix all of the following:
      Element contains <img> element with alt text that duplicates existing text


  ap) ["a[aria-label=\"Routers\"]"]
    Fix all of the following:
      Element contains <img> element with alt text that duplicates existing text


  aq) ["a[aria-label=\"Fresh\\ fruits\"]"]
    Fix all of the following:
      Element contains <img> element with alt text that duplicates existing text


  ar) ["a[aria-label=\"Dairy\\,\\ bread\\ \\&\\ eggs\"]"]
    Fix all of the following:
      Element contains <img> element with alt text that duplicates existing text


  as) ["a[aria-label=\"Breakfast\\ cereals\"]"]
    Fix all of the following:
      Element contains <img> element with alt text that duplicates existing text


  at) ["#llJJuLggBbVvPpvL86aXNw > .a-cardui-body > .grid-row-2.a-section > .quadrant-container-1.quadrant-container.a-spacing-none > .image-redirect.aok-block.image-window"]
    Fix all of the following:
      Element contains <img> element with alt text that duplicates existing text


3) Form elements should have a visible label: https://dequeuniversity.com/rules/axe/3.1/label-title-only?application=axeAPI
  a) ["#searchDropdownBox"]
    Fix all of the following:
      Only title used to generate label for form element


4) Links must have discernible text: https://dequeuniversity.com/rules/axe/3.1/link-name?application=axeAPI
  a) ["a[href$=\"ref=footer_logo\"]"]
    Fix all of the following:
      Element is in tab order and does not have accessible text

    Fix any of the following:
      Element does not have text that is visible to screen readers
      aria-label attribute does not exist or is empty
      aria-labelledby attribute does not exist, references elements that do not exist or references elements that are empty
      Element's default semantics were not overridden with role="presentation"
      Element's default semantics were not overridden with role="none"


5) Page must contain a level-one heading: https://dequeuniversity.com/rules/axe/3.1/page-has-heading-one?application=axeAPI
  a) ["html"]
    Fix all of the following:
      Page must have a level-one heading


6) All page content must be contained by landmarks: https://dequeuniversity.com/rules/axe/3.1/region?application=axeAPI
  a) ["html"]
    Fix any of the following:
      Some page content is not contained by landmarks

 expected [true] but found [false]
at org.testng.Assert.fail(Assert.java:96)
at org.testng.Assert.failNotEquals(Assert.java:776)
at org.testng.Assert.assertTrue(Assert.java:44)
at AllyTests.AmazonAllyTest.amazonAllyTest(AmazonAllyTest.java:43)
at java.base/jdk.internal.reflect.NativeMethodAccessorImpl.invoke0(Native Method)
at java.base/jdk.internal.reflect.NativeMethodAccessorImpl.invoke(NativeMethodAccessorImpl.java:62)
at java.base/jdk.internal.reflect.DelegatingMethodAccessorImpl.invoke(DelegatingMethodAccessorImpl.java:43)
at java.base/java.lang.reflect.Method.invoke(Method.java:567)
at org.testng.internal.MethodInvocationHelper.invokeMethod(MethodInvocationHelper.java:124)
at org.testng.internal.Invoker.invokeMethod(Invoker.java:583)
at org.testng.internal.Invoker.invokeTestMethod(Invoker.java:719)
at org.testng.internal.Invoker.invokeTestMethods(Invoker.java:989)
at org.testng.internal.TestMethodWorker.invokeTestMethods(TestMethodWorker.java:125)
at org.testng.internal.TestMethodWorker.run(TestMethodWorker.java:109)
at org.testng.TestRunner.privateRun(TestRunner.java:648)
at org.testng.TestRunner.run(TestRunner.java:505)
at org.testng.SuiteRunner.runTest(SuiteRunner.java:455)
at org.testng.SuiteRunner.runSequentially(SuiteRunner.java:450)
at org.testng.SuiteRunner.privateRun(SuiteRunner.java:415)
at org.testng.SuiteRunner.run(SuiteRunner.java:364)
at org.testng.SuiteRunnerWorker.runSuite(SuiteRunnerWorker.java:52)
at org.testng.SuiteRunnerWorker.run(SuiteRunnerWorker.java:84)
at org.testng.TestNG.runSuitesSequentially(TestNG.java:1208)
at org.testng.TestNG.runSuitesLocally(TestNG.java:1137)
at org.testng.TestNG.runSuites(TestNG.java:1049)
at org.testng.TestNG.run(TestNG.java:1017)
at org.testng.remote.AbstractRemoteTestNG.run(AbstractRemoteTestNG.java:115)
at org.testng.remote.RemoteTestNG.initAndRun(RemoteTestNG.java:251)
at org.testng.remote.RemoteTestNG.main(RemoteTestNG.java:77)
]]>
    </failure>
  </testcase> <!-- amazonAllyTest -->
</testsuite> <!-- AllyTests.AmazonAllyTest -->
