<?xml version="1.0" encoding="UTF-8"?>
<!-- Generated by org.testng.reporters.JUnitReportReporter -->
<testsuite hostname="DESKTOP-29FAU25" failures="0" tests="1" name="parallel.ParallelRun" time="13.787" errors="0" timestamp="17 May 2021 14:36:45 GMT" skipped="0">
  <testcase classname="parallel.ParallelRun" name="runScenario" time="13.787"/>
</testsuite> <!-- parallel.ParallelRun -->
