<?xml version="1.0" encoding="UTF-8"?>
<testsuite xmlns:xsi="http://www.w3.org/2001/XMLSchema-instance" xsi:noNamespaceSchemaLocation="https://maven.apache.org/surefire/maven-surefire-plugin/xsd/surefire-test-report.xsd" name="parallel.ParallelRun" time="119.29" tests="11" errors="0" skipped="0" failures="5">
  <properties>
    <property name="sun.desktop" value="windows"/>
    <property name="awt.toolkit" value="sun.awt.windows.WToolkit"/>
    <property name="file.encoding.pkg" value="sun.io"/>
    <property name="java.specification.version" value="1.8"/>
    <property name="sun.cpu.isalist" value="amd64"/>
    <property name="sun.jnu.encoding" value="Cp1252"/>
    <property name="java.class.path" value="C:\Users\Raju Krish\git\CucumberPOMSeries\CucumberPOMSeries\target\test-classes;C:\Users\Raju Krish\git\CucumberPOMSeries\CucumberPOMSeries\target\classes;C:\Users\Raju Krish\.m2\repository\io\cucumber\cucumber-java\6.9.0\cucumber-java-6.9.0.jar;C:\Users\Raju Krish\.m2\repository\io\cucumber\cucumber-core\6.9.0\cucumber-core-6.9.0.jar;C:\Users\Raju Krish\.m2\repository\io\cucumber\cucumber-gherkin\6.9.0\cucumber-gherkin-6.9.0.jar;C:\Users\Raju Krish\.m2\repository\io\cucumber\cucumber-gherkin-messages\6.9.0\cucumber-gherkin-messages-6.9.0.jar;C:\Users\Raju Krish\.m2\repository\io\cucumber\messages\13.2.0\messages-13.2.0.jar;C:\Users\Raju Krish\.m2\repository\io\cucumber\tag-expressions\3.0.0\tag-expressions-3.0.0.jar;C:\Users\Raju Krish\.m2\repository\io\cucumber\cucumber-expressions\10.3.0\cucumber-expressions-10.3.0.jar;C:\Users\Raju Krish\.m2\repository\io\cucumber\datatable\3.5.0\datatable-3.5.0.jar;C:\Users\Raju Krish\.m2\repository\io\cucumber\cucumber-plugin\6.9.0\cucumber-plugin-6.9.0.jar;C:\Users\Raju Krish\.m2\repository\io\cucumber\docstring\6.9.0\docstring-6.9.0.jar;C:\Users\Raju Krish\.m2\repository\io\cucumber\html-formatter\9.0.0\html-formatter-9.0.0.jar;C:\Users\Raju Krish\.m2\repository\io\cucumber\create-meta\2.0.4\create-meta-2.0.4.jar;C:\Users\Raju Krish\.m2\repository\org\apiguardian\apiguardian-api\1.1.0\apiguardian-api-1.1.0.jar;C:\Users\Raju Krish\.m2\repository\io\cucumber\cucumber-junit\6.9.0\cucumber-junit-6.9.0.jar;C:\Users\Raju Krish\.m2\repository\io\cucumber\cucumber-picocontainer\6.9.0\cucumber-picocontainer-6.9.0.jar;C:\Users\Raju Krish\.m2\repository\org\picocontainer\picocontainer\2.15\picocontainer-2.15.jar;C:\Users\Raju Krish\.m2\repository\junit\junit\4.13.1\junit-4.13.1.jar;C:\Users\Raju Krish\.m2\repository\org\hamcrest\hamcrest-core\1.3\hamcrest-core-1.3.jar;C:\Users\Raju Krish\.m2\repository\org\seleniumhq\selenium\selenium-java\3.141.59\selenium-java-3.141.59.jar;C:\Users\Raju Krish\.m2\repository\org\seleniumhq\selenium\selenium-api\3.141.59\selenium-api-3.141.59.jar;C:\Users\Raju Krish\.m2\repository\org\seleniumhq\selenium\selenium-chrome-driver\3.141.59\selenium-chrome-driver-3.141.59.jar;C:\Users\Raju Krish\.m2\repository\org\seleniumhq\selenium\selenium-edge-driver\3.141.59\selenium-edge-driver-3.141.59.jar;C:\Users\Raju Krish\.m2\repository\org\seleniumhq\selenium\selenium-firefox-driver\3.141.59\selenium-firefox-driver-3.141.59.jar;C:\Users\Raju Krish\.m2\repository\org\seleniumhq\selenium\selenium-ie-driver\3.141.59\selenium-ie-driver-3.141.59.jar;C:\Users\Raju Krish\.m2\repository\org\seleniumhq\selenium\selenium-opera-driver\3.141.59\selenium-opera-driver-3.141.59.jar;C:\Users\Raju Krish\.m2\repository\org\seleniumhq\selenium\selenium-remote-driver\3.141.59\selenium-remote-driver-3.141.59.jar;C:\Users\Raju Krish\.m2\repository\org\seleniumhq\selenium\selenium-safari-driver\3.141.59\selenium-safari-driver-3.141.59.jar;C:\Users\Raju Krish\.m2\repository\org\seleniumhq\selenium\selenium-support\3.141.59\selenium-support-3.141.59.jar;C:\Users\Raju Krish\.m2\repository\net\bytebuddy\byte-buddy\1.8.15\byte-buddy-1.8.15.jar;C:\Users\Raju Krish\.m2\repository\org\apache\commons\commons-exec\1.3\commons-exec-1.3.jar;C:\Users\Raju Krish\.m2\repository\com\google\guava\guava\25.0-jre\guava-25.0-jre.jar;C:\Users\Raju Krish\.m2\repository\com\google\code\findbugs\jsr305\1.3.9\jsr305-1.3.9.jar;C:\Users\Raju Krish\.m2\repository\org\checkerframework\checker-compat-qual\2.0.0\checker-compat-qual-2.0.0.jar;C:\Users\Raju Krish\.m2\repository\com\google\errorprone\error_prone_annotations\2.1.3\error_prone_annotations-2.1.3.jar;C:\Users\Raju Krish\.m2\repository\com\google\j2objc\j2objc-annotations\1.1\j2objc-annotations-1.1.jar;C:\Users\Raju Krish\.m2\repository\org\codehaus\mojo\animal-sniffer-annotations\1.14\animal-sniffer-annotations-1.14.jar;C:\Users\Raju Krish\.m2\repository\com\squareup\okhttp3\okhttp\3.11.0\okhttp-3.11.0.jar;C:\Users\Raju Krish\.m2\repository\com\squareup\okio\okio\1.14.0\okio-1.14.0.jar;C:\Users\Raju Krish\.m2\repository\io\github\bonigarcia\webdrivermanager\4.2.2\webdrivermanager-4.2.2.jar;C:\Users\Raju Krish\.m2\repository\org\slf4j\slf4j-api\1.7.30\slf4j-api-1.7.30.jar;C:\Users\Raju Krish\.m2\repository\commons-io\commons-io\2.8.0\commons-io-2.8.0.jar;C:\Users\Raju Krish\.m2\repository\com\google\code\gson\gson\2.8.6\gson-2.8.6.jar;C:\Users\Raju Krish\.m2\repository\org\apache\commons\commons-lang3\3.11\commons-lang3-3.11.jar;C:\Users\Raju Krish\.m2\repository\org\apache\httpcomponents\client5\httpclient5\5.0.1\httpclient5-5.0.1.jar;C:\Users\Raju Krish\.m2\repository\org\apache\httpcomponents\core5\httpcore5\5.0.1\httpcore5-5.0.1.jar;C:\Users\Raju Krish\.m2\repository\org\apache\httpcomponents\core5\httpcore5-h2\5.0.1\httpcore5-h2-5.0.1.jar;C:\Users\Raju Krish\.m2\repository\org\rauschig\jarchivelib\1.1.0\jarchivelib-1.1.0.jar;C:\Users\Raju Krish\.m2\repository\org\jsoup\jsoup\1.13.1\jsoup-1.13.1.jar;C:\Users\Raju Krish\.m2\repository\tech\grasshopper\extentreports-cucumber6-adapter\2.6.0\extentreports-cucumber6-adapter-2.6.0.jar;C:\Users\Raju Krish\.m2\repository\tech\grasshopper\extent-pdf-report\1.5.0\extent-pdf-report-1.5.0.jar;C:\Users\Raju Krish\.m2\repository\tech\grasshopper\cucumber-pdf-report\1.7.0\cucumber-pdf-report-1.7.0.jar;C:\Users\Raju Krish\.m2\repository\org\knowm\xchart\xchart\3.6.5\xchart-3.6.5.jar;C:\Users\Raju Krish\.m2\repository\de\erichseifert\vectorgraphics2d\VectorGraphics2D\0.13\VectorGraphics2D-0.13.jar;C:\Users\Raju Krish\.m2\repository\com\madgag\animated-gif-lib\1.4\animated-gif-lib-1.4.jar;C:\Users\Raju Krish\.m2\repository\com\github\vandeseer\easytable\0.7.1\easytable-0.7.1.jar;C:\Users\Raju Krish\.m2\repository\com\github\ralfstuckert\pdfbox-layout\pdfbox2-layout\1.0.0\pdfbox2-layout-1.0.0.jar;C:\Users\Raju Krish\.m2\repository\org\yaml\snakeyaml\1.27\snakeyaml-1.27.jar;C:\Users\Raju Krish\.m2\repository\com\aventstack\klov-reporter\5.0.5\klov-reporter-5.0.5.jar;C:\Users\Raju Krish\.m2\repository\org\mongodb\bson\3.6.4\bson-3.6.4.jar;C:\Users\Raju Krish\.m2\repository\org\apache\httpcomponents\httpclient\4.5.2\httpclient-4.5.2.jar;C:\Users\Raju Krish\.m2\repository\org\apache\httpcomponents\httpcore\4.4.4\httpcore-4.4.4.jar;C:\Users\Raju Krish\.m2\repository\commons-logging\commons-logging\1.2\commons-logging-1.2.jar;C:\Users\Raju Krish\.m2\repository\org\apache\httpcomponents\httpmime\4.5.2\httpmime-4.5.2.jar;C:\Users\Raju Krish\.m2\repository\org\mongodb\mongodb-driver\3.3.0\mongodb-driver-3.3.0.jar;C:\Users\Raju Krish\.m2\repository\org\mongodb\mongodb-driver-core\3.3.0\mongodb-driver-core-3.3.0.jar;C:\Users\Raju Krish\.m2\repository\org\testng\testng\6.14.3\testng-6.14.3.jar;C:\Users\Raju Krish\.m2\repository\com\beust\jcommander\1.72\jcommander-1.72.jar;C:\Users\Raju Krish\.m2\repository\org\apache-extras\beanshell\bsh\2.0b6\bsh-2.0b6.jar;C:\Users\Raju Krish\.m2\repository\io\cucumber\cucumber-testng\6.9.0\cucumber-testng-6.9.0.jar;C:\Users\Raju Krish\.m2\repository\org\apache\poi\poi\5.0.0\poi-5.0.0.jar;C:\Users\Raju Krish\.m2\repository\org\slf4j\jcl-over-slf4j\1.7.30\jcl-over-slf4j-1.7.30.jar;C:\Users\Raju Krish\.m2\repository\commons-codec\commons-codec\1.15\commons-codec-1.15.jar;C:\Users\Raju Krish\.m2\repository\org\apache\commons\commons-collections4\4.4\commons-collections4-4.4.jar;C:\Users\Raju Krish\.m2\repository\org\apache\commons\commons-math3\3.6.1\commons-math3-3.6.1.jar;C:\Users\Raju Krish\.m2\repository\com\zaxxer\SparseBitSet\1.2\SparseBitSet-1.2.jar;C:\Users\Raju Krish\.m2\repository\org\apache\poi\poi-ooxml\5.0.0\poi-ooxml-5.0.0.jar;C:\Users\Raju Krish\.m2\repository\org\apache\poi\poi-ooxml-lite\5.0.0\poi-ooxml-lite-5.0.0.jar;C:\Users\Raju Krish\.m2\repository\org\apache\xmlbeans\xmlbeans\4.0.0\xmlbeans-4.0.0.jar;C:\Users\Raju Krish\.m2\repository\xml-apis\xml-apis\1.4.01\xml-apis-1.4.01.jar;C:\Users\Raju Krish\.m2\repository\org\apache\commons\commons-compress\1.20\commons-compress-1.20.jar;C:\Users\Raju Krish\.m2\repository\com\github\virtuald\curvesapi\1.06\curvesapi-1.06.jar;C:\Users\Raju Krish\.m2\repository\org\bouncycastle\bcpkix-jdk15on\1.68\bcpkix-jdk15on-1.68.jar;C:\Users\Raju Krish\.m2\repository\org\bouncycastle\bcprov-jdk15on\1.68\bcprov-jdk15on-1.68.jar;C:\Users\Raju Krish\.m2\repository\org\apache\santuario\xmlsec\2.2.1\xmlsec-2.2.1.jar;C:\Users\Raju Krish\.m2\repository\com\fasterxml\woodstox\woodstox-core\5.2.1\woodstox-core-5.2.1.jar;C:\Users\Raju Krish\.m2\repository\org\codehaus\woodstox\stax2-api\4.2\stax2-api-4.2.jar;C:\Users\Raju Krish\.m2\repository\org\apache\xmlgraphics\batik-all\1.13\batik-all-1.13.jar;C:\Users\Raju Krish\.m2\repository\org\apache\xmlgraphics\batik-anim\1.13\batik-anim-1.13.jar;C:\Users\Raju Krish\.m2\repository\org\apache\xmlgraphics\batik-shared-resources\1.13\batik-shared-resources-1.13.jar;C:\Users\Raju Krish\.m2\repository\xml-apis\xml-apis-ext\1.3.04\xml-apis-ext-1.3.04.jar;C:\Users\Raju Krish\.m2\repository\org\apache\xmlgraphics\batik-awt-util\1.13\batik-awt-util-1.13.jar;C:\Users\Raju Krish\.m2\repository\org\apache\xmlgraphics\xmlgraphics-commons\2.4\xmlgraphics-commons-2.4.jar;C:\Users\Raju Krish\.m2\repository\org\apache\xmlgraphics\batik-bridge\1.13\batik-bridge-1.13.jar;C:\Users\Raju Krish\.m2\repository\org\apache\xmlgraphics\batik-codec\1.13\batik-codec-1.13.jar;C:\Users\Raju Krish\.m2\repository\org\apache\xmlgraphics\batik-constants\1.13\batik-constants-1.13.jar;C:\Users\Raju Krish\.m2\repository\org\apache\xmlgraphics\batik-css\1.13\batik-css-1.13.jar;C:\Users\Raju Krish\.m2\repository\org\apache\xmlgraphics\batik-dom\1.13\batik-dom-1.13.jar;C:\Users\Raju Krish\.m2\repository\xalan\xalan\2.7.2\xalan-2.7.2.jar;C:\Users\Raju Krish\.m2\repository\xalan\serializer\2.7.2\serializer-2.7.2.jar;C:\Users\Raju Krish\.m2\repository\org\apache\xmlgraphics\batik-ext\1.13\batik-ext-1.13.jar;C:\Users\Raju Krish\.m2\repository\org\apache\xmlgraphics\batik-extension\1.13\batik-extension-1.13.jar;C:\Users\Raju Krish\.m2\repository\org\apache\xmlgraphics\batik-gui-util\1.13\batik-gui-util-1.13.jar;C:\Users\Raju Krish\.m2\repository\org\apache\xmlgraphics\batik-gvt\1.13\batik-gvt-1.13.jar;C:\Users\Raju Krish\.m2\repository\org\apache\xmlgraphics\batik-i18n\1.13\batik-i18n-1.13.jar;C:\Users\Raju Krish\.m2\repository\org\apache\xmlgraphics\batik-parser\1.13\batik-parser-1.13.jar;C:\Users\Raju Krish\.m2\repository\org\apache\xmlgraphics\batik-rasterizer-ext\1.13\batik-rasterizer-ext-1.13.jar;C:\Users\Raju Krish\.m2\repository\org\apache\xmlgraphics\batik-rasterizer\1.13\batik-rasterizer-1.13.jar;C:\Users\Raju Krish\.m2\repository\org\apache\xmlgraphics\batik-script\1.13\batik-script-1.13.jar;C:\Users\Raju Krish\.m2\repository\org\apache\xmlgraphics\batik-slideshow\1.13\batik-slideshow-1.13.jar;C:\Users\Raju Krish\.m2\repository\org\apache\xmlgraphics\batik-squiggle-ext\1.13\batik-squiggle-ext-1.13.jar;C:\Users\Raju Krish\.m2\repository\org\apache\xmlgraphics\batik-squiggle\1.13\batik-squiggle-1.13.jar;C:\Users\Raju Krish\.m2\repository\org\apache\xmlgraphics\batik-svg-dom\1.13\batik-svg-dom-1.13.jar;C:\Users\Raju Krish\.m2\repository\org\apache\xmlgraphics\batik-svgbrowser\1.13\batik-svgbrowser-1.13.jar;C:\Users\Raju Krish\.m2\repository\org\apache\xmlgraphics\batik-svggen\1.13\batik-svggen-1.13.jar;C:\Users\Raju Krish\.m2\repository\org\apache\xmlgraphics\batik-svgpp\1.13\batik-svgpp-1.13.jar;C:\Users\Raju Krish\.m2\repository\org\apache\xmlgraphics\batik-svgrasterizer\1.13\batik-svgrasterizer-1.13.jar;C:\Users\Raju Krish\.m2\repository\org\apache\xmlgraphics\batik-swing\1.13\batik-swing-1.13.jar;C:\Users\Raju Krish\.m2\repository\org\apache\xmlgraphics\batik-transcoder\1.13\batik-transcoder-1.13.jar;C:\Users\Raju Krish\.m2\repository\org\apache\xmlgraphics\batik-util\1.13\batik-util-1.13.jar;C:\Users\Raju Krish\.m2\repository\org\apache\xmlgraphics\batik-ttf2svg\1.13\batik-ttf2svg-1.13.jar;C:\Users\Raju Krish\.m2\repository\org\apache\xmlgraphics\batik-xml\1.13\batik-xml-1.13.jar;C:\Users\Raju Krish\.m2\repository\de\rototor\pdfbox\graphics2d\0.30\graphics2d-0.30.jar;C:\Users\Raju Krish\.m2\repository\org\apache\pdfbox\pdfbox\2.0.22\pdfbox-2.0.22.jar;C:\Users\Raju Krish\.m2\repository\org\apache\pdfbox\fontbox\2.0.22\fontbox-2.0.22.jar;C:\Users\Raju Krish\.m2\repository\com\aventstack\extentreports\5.0.7\extentreports-5.0.7.jar;C:\Users\Raju Krish\.m2\repository\io\reactivex\rxjava3\rxjava\3.0.4\rxjava-3.0.4.jar;C:\Users\Raju Krish\.m2\repository\org\reactivestreams\reactive-streams\1.0.3\reactive-streams-1.0.3.jar;C:\Users\Raju Krish\.m2\repository\org\freemarker\freemarker\2.3.30\freemarker-2.3.30.jar;C:\Users\Raju Krish\.m2\repository\org\projectlombok\lombok\1.18.12\lombok-1.18.12.jar;C:\Users\Raju Krish\.m2\repository\com\deque\axe-selenium\3.0\axe-selenium-3.0.jar;C:\Users\Raju Krish\.m2\repository\org\json\json\20160212\json-20160212.jar;"/>
    <property name="java.vm.vendor" value="Oracle Corporation"/>
    <property name="sun.arch.data.model" value="64"/>
    <property name="user.variant" value=""/>
    <property name="java.vendor.url" value="http://java.oracle.com/"/>
    <property name="user.timezone" value="Asia/Calcutta"/>
    <property name="java.vm.specification.version" value="1.8"/>
    <property name="os.name" value="Windows 10"/>
    <property name="user.country" value="IN"/>
    <property name="sun.java.launcher" value="SUN_STANDARD"/>
    <property name="sun.boot.library.path" value="C:\Program Files\Java\jdk1.8.0_271\jre\bin"/>
    <property name="sun.java.command" value="C:\Users\RAJUKR~1\AppData\Local\Temp\surefire8134655399460851681\surefirebooter6380428854791831519.jar C:\Users\Raju Krish\AppData\Local\Temp\surefire8134655399460851681 2021-05-18T18-52-48_061-jvmRun1 surefire7397609635073430641tmp surefire_05494004461163595503tmp"/>
    <property name="surefire.test.class.path" value="C:\Users\Raju Krish\git\CucumberPOMSeries\CucumberPOMSeries\target\test-classes;C:\Users\Raju Krish\git\CucumberPOMSeries\CucumberPOMSeries\target\classes;C:\Users\Raju Krish\.m2\repository\io\cucumber\cucumber-java\6.9.0\cucumber-java-6.9.0.jar;C:\Users\Raju Krish\.m2\repository\io\cucumber\cucumber-core\6.9.0\cucumber-core-6.9.0.jar;C:\Users\Raju Krish\.m2\repository\io\cucumber\cucumber-gherkin\6.9.0\cucumber-gherkin-6.9.0.jar;C:\Users\Raju Krish\.m2\repository\io\cucumber\cucumber-gherkin-messages\6.9.0\cucumber-gherkin-messages-6.9.0.jar;C:\Users\Raju Krish\.m2\repository\io\cucumber\messages\13.2.0\messages-13.2.0.jar;C:\Users\Raju Krish\.m2\repository\io\cucumber\tag-expressions\3.0.0\tag-expressions-3.0.0.jar;C:\Users\Raju Krish\.m2\repository\io\cucumber\cucumber-expressions\10.3.0\cucumber-expressions-10.3.0.jar;C:\Users\Raju Krish\.m2\repository\io\cucumber\datatable\3.5.0\datatable-3.5.0.jar;C:\Users\Raju Krish\.m2\repository\io\cucumber\cucumber-plugin\6.9.0\cucumber-plugin-6.9.0.jar;C:\Users\Raju Krish\.m2\repository\io\cucumber\docstring\6.9.0\docstring-6.9.0.jar;C:\Users\Raju Krish\.m2\repository\io\cucumber\html-formatter\9.0.0\html-formatter-9.0.0.jar;C:\Users\Raju Krish\.m2\repository\io\cucumber\create-meta\2.0.4\create-meta-2.0.4.jar;C:\Users\Raju Krish\.m2\repository\org\apiguardian\apiguardian-api\1.1.0\apiguardian-api-1.1.0.jar;C:\Users\Raju Krish\.m2\repository\io\cucumber\cucumber-junit\6.9.0\cucumber-junit-6.9.0.jar;C:\Users\Raju Krish\.m2\repository\io\cucumber\cucumber-picocontainer\6.9.0\cucumber-picocontainer-6.9.0.jar;C:\Users\Raju Krish\.m2\repository\org\picocontainer\picocontainer\2.15\picocontainer-2.15.jar;C:\Users\Raju Krish\.m2\repository\junit\junit\4.13.1\junit-4.13.1.jar;C:\Users\Raju Krish\.m2\repository\org\hamcrest\hamcrest-core\1.3\hamcrest-core-1.3.jar;C:\Users\Raju Krish\.m2\repository\org\seleniumhq\selenium\selenium-java\3.141.59\selenium-java-3.141.59.jar;C:\Users\Raju Krish\.m2\repository\org\seleniumhq\selenium\selenium-api\3.141.59\selenium-api-3.141.59.jar;C:\Users\Raju Krish\.m2\repository\org\seleniumhq\selenium\selenium-chrome-driver\3.141.59\selenium-chrome-driver-3.141.59.jar;C:\Users\Raju Krish\.m2\repository\org\seleniumhq\selenium\selenium-edge-driver\3.141.59\selenium-edge-driver-3.141.59.jar;C:\Users\Raju Krish\.m2\repository\org\seleniumhq\selenium\selenium-firefox-driver\3.141.59\selenium-firefox-driver-3.141.59.jar;C:\Users\Raju Krish\.m2\repository\org\seleniumhq\selenium\selenium-ie-driver\3.141.59\selenium-ie-driver-3.141.59.jar;C:\Users\Raju Krish\.m2\repository\org\seleniumhq\selenium\selenium-opera-driver\3.141.59\selenium-opera-driver-3.141.59.jar;C:\Users\Raju Krish\.m2\repository\org\seleniumhq\selenium\selenium-remote-driver\3.141.59\selenium-remote-driver-3.141.59.jar;C:\Users\Raju Krish\.m2\repository\org\seleniumhq\selenium\selenium-safari-driver\3.141.59\selenium-safari-driver-3.141.59.jar;C:\Users\Raju Krish\.m2\repository\org\seleniumhq\selenium\selenium-support\3.141.59\selenium-support-3.141.59.jar;C:\Users\Raju Krish\.m2\repository\net\bytebuddy\byte-buddy\1.8.15\byte-buddy-1.8.15.jar;C:\Users\Raju Krish\.m2\repository\org\apache\commons\commons-exec\1.3\commons-exec-1.3.jar;C:\Users\Raju Krish\.m2\repository\com\google\guava\guava\25.0-jre\guava-25.0-jre.jar;C:\Users\Raju Krish\.m2\repository\com\google\code\findbugs\jsr305\1.3.9\jsr305-1.3.9.jar;C:\Users\Raju Krish\.m2\repository\org\checkerframework\checker-compat-qual\2.0.0\checker-compat-qual-2.0.0.jar;C:\Users\Raju Krish\.m2\repository\com\google\errorprone\error_prone_annotations\2.1.3\error_prone_annotations-2.1.3.jar;C:\Users\Raju Krish\.m2\repository\com\google\j2objc\j2objc-annotations\1.1\j2objc-annotations-1.1.jar;C:\Users\Raju Krish\.m2\repository\org\codehaus\mojo\animal-sniffer-annotations\1.14\animal-sniffer-annotations-1.14.jar;C:\Users\Raju Krish\.m2\repository\com\squareup\okhttp3\okhttp\3.11.0\okhttp-3.11.0.jar;C:\Users\Raju Krish\.m2\repository\com\squareup\okio\okio\1.14.0\okio-1.14.0.jar;C:\Users\Raju Krish\.m2\repository\io\github\bonigarcia\webdrivermanager\4.2.2\webdrivermanager-4.2.2.jar;C:\Users\Raju Krish\.m2\repository\org\slf4j\slf4j-api\1.7.30\slf4j-api-1.7.30.jar;C:\Users\Raju Krish\.m2\repository\commons-io\commons-io\2.8.0\commons-io-2.8.0.jar;C:\Users\Raju Krish\.m2\repository\com\google\code\gson\gson\2.8.6\gson-2.8.6.jar;C:\Users\Raju Krish\.m2\repository\org\apache\commons\commons-lang3\3.11\commons-lang3-3.11.jar;C:\Users\Raju Krish\.m2\repository\org\apache\httpcomponents\client5\httpclient5\5.0.1\httpclient5-5.0.1.jar;C:\Users\Raju Krish\.m2\repository\org\apache\httpcomponents\core5\httpcore5\5.0.1\httpcore5-5.0.1.jar;C:\Users\Raju Krish\.m2\repository\org\apache\httpcomponents\core5\httpcore5-h2\5.0.1\httpcore5-h2-5.0.1.jar;C:\Users\Raju Krish\.m2\repository\org\rauschig\jarchivelib\1.1.0\jarchivelib-1.1.0.jar;C:\Users\Raju Krish\.m2\repository\org\jsoup\jsoup\1.13.1\jsoup-1.13.1.jar;C:\Users\Raju Krish\.m2\repository\tech\grasshopper\extentreports-cucumber6-adapter\2.6.0\extentreports-cucumber6-adapter-2.6.0.jar;C:\Users\Raju Krish\.m2\repository\tech\grasshopper\extent-pdf-report\1.5.0\extent-pdf-report-1.5.0.jar;C:\Users\Raju Krish\.m2\repository\tech\grasshopper\cucumber-pdf-report\1.7.0\cucumber-pdf-report-1.7.0.jar;C:\Users\Raju Krish\.m2\repository\org\knowm\xchart\xchart\3.6.5\xchart-3.6.5.jar;C:\Users\Raju Krish\.m2\repository\de\erichseifert\vectorgraphics2d\VectorGraphics2D\0.13\VectorGraphics2D-0.13.jar;C:\Users\Raju Krish\.m2\repository\com\madgag\animated-gif-lib\1.4\animated-gif-lib-1.4.jar;C:\Users\Raju Krish\.m2\repository\com\github\vandeseer\easytable\0.7.1\easytable-0.7.1.jar;C:\Users\Raju Krish\.m2\repository\com\github\ralfstuckert\pdfbox-layout\pdfbox2-layout\1.0.0\pdfbox2-layout-1.0.0.jar;C:\Users\Raju Krish\.m2\repository\org\yaml\snakeyaml\1.27\snakeyaml-1.27.jar;C:\Users\Raju Krish\.m2\repository\com\aventstack\klov-reporter\5.0.5\klov-reporter-5.0.5.jar;C:\Users\Raju Krish\.m2\repository\org\mongodb\bson\3.6.4\bson-3.6.4.jar;C:\Users\Raju Krish\.m2\repository\org\apache\httpcomponents\httpclient\4.5.2\httpclient-4.5.2.jar;C:\Users\Raju Krish\.m2\repository\org\apache\httpcomponents\httpcore\4.4.4\httpcore-4.4.4.jar;C:\Users\Raju Krish\.m2\repository\commons-logging\commons-logging\1.2\commons-logging-1.2.jar;C:\Users\Raju Krish\.m2\repository\org\apache\httpcomponents\httpmime\4.5.2\httpmime-4.5.2.jar;C:\Users\Raju Krish\.m2\repository\org\mongodb\mongodb-driver\3.3.0\mongodb-driver-3.3.0.jar;C:\Users\Raju Krish\.m2\repository\org\mongodb\mongodb-driver-core\3.3.0\mongodb-driver-core-3.3.0.jar;C:\Users\Raju Krish\.m2\repository\org\testng\testng\6.14.3\testng-6.14.3.jar;C:\Users\Raju Krish\.m2\repository\com\beust\jcommander\1.72\jcommander-1.72.jar;C:\Users\Raju Krish\.m2\repository\org\apache-extras\beanshell\bsh\2.0b6\bsh-2.0b6.jar;C:\Users\Raju Krish\.m2\repository\io\cucumber\cucumber-testng\6.9.0\cucumber-testng-6.9.0.jar;C:\Users\Raju Krish\.m2\repository\org\apache\poi\poi\5.0.0\poi-5.0.0.jar;C:\Users\Raju Krish\.m2\repository\org\slf4j\jcl-over-slf4j\1.7.30\jcl-over-slf4j-1.7.30.jar;C:\Users\Raju Krish\.m2\repository\commons-codec\commons-codec\1.15\commons-codec-1.15.jar;C:\Users\Raju Krish\.m2\repository\org\apache\commons\commons-collections4\4.4\commons-collections4-4.4.jar;C:\Users\Raju Krish\.m2\repository\org\apache\commons\commons-math3\3.6.1\commons-math3-3.6.1.jar;C:\Users\Raju Krish\.m2\repository\com\zaxxer\SparseBitSet\1.2\SparseBitSet-1.2.jar;C:\Users\Raju Krish\.m2\repository\org\apache\poi\poi-ooxml\5.0.0\poi-ooxml-5.0.0.jar;C:\Users\Raju Krish\.m2\repository\org\apache\poi\poi-ooxml-lite\5.0.0\poi-ooxml-lite-5.0.0.jar;C:\Users\Raju Krish\.m2\repository\org\apache\xmlbeans\xmlbeans\4.0.0\xmlbeans-4.0.0.jar;C:\Users\Raju Krish\.m2\repository\xml-apis\xml-apis\1.4.01\xml-apis-1.4.01.jar;C:\Users\Raju Krish\.m2\repository\org\apache\commons\commons-compress\1.20\commons-compress-1.20.jar;C:\Users\Raju Krish\.m2\repository\com\github\virtuald\curvesapi\1.06\curvesapi-1.06.jar;C:\Users\Raju Krish\.m2\repository\org\bouncycastle\bcpkix-jdk15on\1.68\bcpkix-jdk15on-1.68.jar;C:\Users\Raju Krish\.m2\repository\org\bouncycastle\bcprov-jdk15on\1.68\bcprov-jdk15on-1.68.jar;C:\Users\Raju Krish\.m2\repository\org\apache\santuario\xmlsec\2.2.1\xmlsec-2.2.1.jar;C:\Users\Raju Krish\.m2\repository\com\fasterxml\woodstox\woodstox-core\5.2.1\woodstox-core-5.2.1.jar;C:\Users\Raju Krish\.m2\repository\org\codehaus\woodstox\stax2-api\4.2\stax2-api-4.2.jar;C:\Users\Raju Krish\.m2\repository\org\apache\xmlgraphics\batik-all\1.13\batik-all-1.13.jar;C:\Users\Raju Krish\.m2\repository\org\apache\xmlgraphics\batik-anim\1.13\batik-anim-1.13.jar;C:\Users\Raju Krish\.m2\repository\org\apache\xmlgraphics\batik-shared-resources\1.13\batik-shared-resources-1.13.jar;C:\Users\Raju Krish\.m2\repository\xml-apis\xml-apis-ext\1.3.04\xml-apis-ext-1.3.04.jar;C:\Users\Raju Krish\.m2\repository\org\apache\xmlgraphics\batik-awt-util\1.13\batik-awt-util-1.13.jar;C:\Users\Raju Krish\.m2\repository\org\apache\xmlgraphics\xmlgraphics-commons\2.4\xmlgraphics-commons-2.4.jar;C:\Users\Raju Krish\.m2\repository\org\apache\xmlgraphics\batik-bridge\1.13\batik-bridge-1.13.jar;C:\Users\Raju Krish\.m2\repository\org\apache\xmlgraphics\batik-codec\1.13\batik-codec-1.13.jar;C:\Users\Raju Krish\.m2\repository\org\apache\xmlgraphics\batik-constants\1.13\batik-constants-1.13.jar;C:\Users\Raju Krish\.m2\repository\org\apache\xmlgraphics\batik-css\1.13\batik-css-1.13.jar;C:\Users\Raju Krish\.m2\repository\org\apache\xmlgraphics\batik-dom\1.13\batik-dom-1.13.jar;C:\Users\Raju Krish\.m2\repository\xalan\xalan\2.7.2\xalan-2.7.2.jar;C:\Users\Raju Krish\.m2\repository\xalan\serializer\2.7.2\serializer-2.7.2.jar;C:\Users\Raju Krish\.m2\repository\org\apache\xmlgraphics\batik-ext\1.13\batik-ext-1.13.jar;C:\Users\Raju Krish\.m2\repository\org\apache\xmlgraphics\batik-extension\1.13\batik-extension-1.13.jar;C:\Users\Raju Krish\.m2\repository\org\apache\xmlgraphics\batik-gui-util\1.13\batik-gui-util-1.13.jar;C:\Users\Raju Krish\.m2\repository\org\apache\xmlgraphics\batik-gvt\1.13\batik-gvt-1.13.jar;C:\Users\Raju Krish\.m2\repository\org\apache\xmlgraphics\batik-i18n\1.13\batik-i18n-1.13.jar;C:\Users\Raju Krish\.m2\repository\org\apache\xmlgraphics\batik-parser\1.13\batik-parser-1.13.jar;C:\Users\Raju Krish\.m2\repository\org\apache\xmlgraphics\batik-rasterizer-ext\1.13\batik-rasterizer-ext-1.13.jar;C:\Users\Raju Krish\.m2\repository\org\apache\xmlgraphics\batik-rasterizer\1.13\batik-rasterizer-1.13.jar;C:\Users\Raju Krish\.m2\repository\org\apache\xmlgraphics\batik-script\1.13\batik-script-1.13.jar;C:\Users\Raju Krish\.m2\repository\org\apache\xmlgraphics\batik-slideshow\1.13\batik-slideshow-1.13.jar;C:\Users\Raju Krish\.m2\repository\org\apache\xmlgraphics\batik-squiggle-ext\1.13\batik-squiggle-ext-1.13.jar;C:\Users\Raju Krish\.m2\repository\org\apache\xmlgraphics\batik-squiggle\1.13\batik-squiggle-1.13.jar;C:\Users\Raju Krish\.m2\repository\org\apache\xmlgraphics\batik-svg-dom\1.13\batik-svg-dom-1.13.jar;C:\Users\Raju Krish\.m2\repository\org\apache\xmlgraphics\batik-svgbrowser\1.13\batik-svgbrowser-1.13.jar;C:\Users\Raju Krish\.m2\repository\org\apache\xmlgraphics\batik-svggen\1.13\batik-svggen-1.13.jar;C:\Users\Raju Krish\.m2\repository\org\apache\xmlgraphics\batik-svgpp\1.13\batik-svgpp-1.13.jar;C:\Users\Raju Krish\.m2\repository\org\apache\xmlgraphics\batik-svgrasterizer\1.13\batik-svgrasterizer-1.13.jar;C:\Users\Raju Krish\.m2\repository\org\apache\xmlgraphics\batik-swing\1.13\batik-swing-1.13.jar;C:\Users\Raju Krish\.m2\repository\org\apache\xmlgraphics\batik-transcoder\1.13\batik-transcoder-1.13.jar;C:\Users\Raju Krish\.m2\repository\org\apache\xmlgraphics\batik-util\1.13\batik-util-1.13.jar;C:\Users\Raju Krish\.m2\repository\org\apache\xmlgraphics\batik-ttf2svg\1.13\batik-ttf2svg-1.13.jar;C:\Users\Raju Krish\.m2\repository\org\apache\xmlgraphics\batik-xml\1.13\batik-xml-1.13.jar;C:\Users\Raju Krish\.m2\repository\de\rototor\pdfbox\graphics2d\0.30\graphics2d-0.30.jar;C:\Users\Raju Krish\.m2\repository\org\apache\pdfbox\pdfbox\2.0.22\pdfbox-2.0.22.jar;C:\Users\Raju Krish\.m2\repository\org\apache\pdfbox\fontbox\2.0.22\fontbox-2.0.22.jar;C:\Users\Raju Krish\.m2\repository\com\aventstack\extentreports\5.0.7\extentreports-5.0.7.jar;C:\Users\Raju Krish\.m2\repository\io\reactivex\rxjava3\rxjava\3.0.4\rxjava-3.0.4.jar;C:\Users\Raju Krish\.m2\repository\org\reactivestreams\reactive-streams\1.0.3\reactive-streams-1.0.3.jar;C:\Users\Raju Krish\.m2\repository\org\freemarker\freemarker\2.3.30\freemarker-2.3.30.jar;C:\Users\Raju Krish\.m2\repository\org\projectlombok\lombok\1.18.12\lombok-1.18.12.jar;C:\Users\Raju Krish\.m2\repository\com\deque\axe-selenium\3.0\axe-selenium-3.0.jar;C:\Users\Raju Krish\.m2\repository\org\json\json\20160212\json-20160212.jar;"/>
    <property name="sun.cpu.endian" value="little"/>
    <property name="user.home" value="C:\Users\Raju Krish"/>
    <property name="user.language" value="en"/>
    <property name="java.specification.vendor" value="Oracle Corporation"/>
    <property name="java.home" value="C:\Program Files\Java\jdk1.8.0_271\jre"/>
    <property name="basedir" value="C:\Users\Raju Krish\git\CucumberPOMSeries\CucumberPOMSeries"/>
    <property name="file.separator" value="\"/>
    <property name="line.separator" value="&#10;"/>
    <property name="java.vm.specification.vendor" value="Oracle Corporation"/>
    <property name="java.specification.name" value="Java Platform API Specification"/>
    <property name="java.awt.graphicsenv" value="sun.awt.Win32GraphicsEnvironment"/>
    <property name="surefire.real.class.path" value="C:\Users\RAJUKR~1\AppData\Local\Temp\surefire8134655399460851681\surefirebooter6380428854791831519.jar"/>
    <property name="sun.boot.class.path" value="C:\Program Files\Java\jdk1.8.0_271\jre\lib\resources.jar;C:\Program Files\Java\jdk1.8.0_271\jre\lib\rt.jar;C:\Program Files\Java\jdk1.8.0_271\jre\lib\sunrsasign.jar;C:\Program Files\Java\jdk1.8.0_271\jre\lib\jsse.jar;C:\Program Files\Java\jdk1.8.0_271\jre\lib\jce.jar;C:\Program Files\Java\jdk1.8.0_271\jre\lib\charsets.jar;C:\Program Files\Java\jdk1.8.0_271\jre\lib\jfr.jar;C:\Program Files\Java\jdk1.8.0_271\jre\classes"/>
    <property name="user.script" value=""/>
    <property name="sun.management.compiler" value="HotSpot 64-Bit Tiered Compilers"/>
    <property name="java.runtime.version" value="1.8.0_271-b09"/>
    <property name="user.name" value="Raju Krish"/>
    <property name="path.separator" value=";"/>
    <property name="os.version" value="10.0"/>
    <property name="java.endorsed.dirs" value="C:\Program Files\Java\jdk1.8.0_271\jre\lib\endorsed"/>
    <property name="java.runtime.name" value="Java(TM) SE Runtime Environment"/>
    <property name="file.encoding" value="Cp1252"/>
    <property name="java.vm.name" value="Java HotSpot(TM) 64-Bit Server VM"/>
    <property name="localRepository" value="C:\Users\Raju Krish\.m2\repository"/>
    <property name="java.vendor.url.bug" value="http://bugreport.sun.com/bugreport/"/>
    <property name="java.io.tmpdir" value="C:\Users\RAJUKR~1\AppData\Local\Temp\"/>
    <property name="java.version" value="1.8.0_271"/>
    <property name="user.dir" value="C:\Users\Raju Krish\git\CucumberPOMSeries\CucumberPOMSeries"/>
    <property name="os.arch" value="amd64"/>
    <property name="java.vm.specification.name" value="Java Virtual Machine Specification"/>
    <property name="java.awt.printerjob" value="sun.awt.windows.WPrinterJob"/>
    <property name="sun.os.patch.level" value=""/>
    <property name="java.library.path" value="C:\Program Files\Java\jdk1.8.0_271\jre\bin;C:\WINDOWS\Sun\Java\bin;C:\WINDOWS\system32;C:\WINDOWS;C:\ProgramData\chocolatey\lib\maven\apache-maven-3.6.3/bin;C:\Program Files\Java\jdk1.8.0_271/bin;C:\Program Files\Java\jdk1.8.0_271/bin;C:\Python27\;C:\Python27\Scripts;C:\Program Files (x86)\Common Files\Oracle\Java\javapath;C:\Program Files (x86)\Common Files\Intel\Shared Libraries\redist\intel64\compiler;C:\ProgramData\DockerDesktop\version-bin;C:\Program Files\Docker\Docker\Resources\bin;C:\Windows\system32;C:\Windows;C:\Windows\System32\Wbem;C:\Windows\System32\WindowsPowerShell\v1.0\;C:\Program Files\Java\jdk1.8.0_191\bin;C:\Users\Raju Krish\AppData\Local\Android\Sdk\tools\bin;C:\Users\Raju Krish\AppData\Local\Android\Sdk\tools;C:\Users\Raju Krish\AppData\Local\Android\Sdk\platform-tools;C:\Users\Raju Krish\AppData\Local\Microsoft\WindowsApps;C:\Users\Raju Krish\AppData\Roaming\npm;C:\adb;C:\Apache24\bin;C:\php;C:\WINDOWS\system32;C:\WINDOWS;C:\WINDOWS\System32\Wbem;C:\WINDOWS\System32\WindowsPowerShell\v1.0\;C:\WINDOWS\System32\OpenSSH\;C:\Program Files\Microsoft SQL Server\Client SDK\ODBC\110\Tools\Binn\;C:\Program Files (x86)\Microsoft SQL Server\120\Tools\Binn\ManagementStudio\;C:\Program Files (x86)\Microsoft SQL Server\120\Tools\Binn\;C:\Program Files\Microsoft SQL Server\120\Tools\Binn\;C:\Program Files (x86)\Microsoft SQL Server\120\DTS\Binn\;C:\Program Files\Microsoft SQL Server\120\DTS\Binn\;C:\ProgramData\chocolatey\bin;C:\Program Files\Git\cmd;C:\Program Files\Java\jdk1.8.0_271\bin;C:\ProgramData\chocolatey\lib\maven\apache-maven-3.6.3\bin;C:\ProgramData\chocolatey\lib\maven\apache-maven-3.6.3\bin;C:\Program Files (x86)\Calibre2\;C:\Program Files (x86)\NVIDIA Corporation\PhysX\Common;C:\Program Files\NVIDIA Corporation\NVIDIA NvDLISR;C:\Program Files\apache-maven-3.6.3;C:\Program Files\nodejs\;C:\Selenium\allure-2.13.9\allure-2.13.9\bin;E:\VSC\allure-2.13.9\bin;C:\Selenium\axis2-1.6.2\axis2-1.6.2\bin;C:\Users\Raju Krish\AppData\Local\Programs\Python\Python37-32\Scripts\;C:\Users\Raju Krish\AppData\Local\Programs\Python\Python37-32\;C:\Users\Raju Krish\AppData\Local\Microsoft\WindowsApps;C:\Users\Raju Krish\AppData\Local\Programs\Microsoft VS Code\bin;C:\Program Files\JetBrains\PyCharm Community Edition 2018.3.4\bin;;C:\Program Files\Tesseract-OCR;C:\Program Files\Tesseract-OCR\tessdata;C:\Program Files\JetBrains\IntelliJ IDEA Community Edition 2020.3.2\bin;;C:\Users\Raju Krish\AppData\Roaming\npm;C:\Users\Raju Krish\AppData\Local\GitHubDesktop\bin;."/>
    <property name="java.vm.info" value="mixed mode"/>
    <property name="java.vendor" value="Oracle Corporation"/>
    <property name="java.vm.version" value="25.271-b09"/>
    <property name="java.ext.dirs" value="C:\Program Files\Java\jdk1.8.0_271\jre\lib\ext;C:\WINDOWS\Sun\Java\lib\ext"/>
    <property name="sun.io.unicode.encoding" value="UnicodeLittle"/>
    <property name="java.class.version" value="52.0"/>
  </properties>
  <testcase name="runScenario" classname="parallel.ParallelRun" time="19.169">
    <failure message="expected [true] but found [false]" type="java.lang.AssertionError">java.lang.AssertionError: expected [true] but found [false]
</failure>
    <system-out><![CDATA[
Scenario: Amazon page title  # src/test/resources/parallel/AmazonPage.feature:3

Scenario: Drag and Drop scenario                # src/test/resources/parallel/SeleniumEasy/DragandDrop.feature:3

@smoketest
Scenario: Forgot Password link                       # src/test/resources/parallel/LoginPage.feature:10

@smoketest1
Scenario: Login with correct credentials           # src/test/resources/parallel/LoginPage.feature:15

@ScenarioOutline
Scenario Outline: Login with all credentials                                    # src/test/resources/parallel/LoginPage.feature:36

@ScenarioOutline
Scenario Outline: Login with all credentials                                     # src/test/resources/parallel/LoginPage.feature:37

@excel
Scenario: Login with all credentials          # src/test/resources/parallel/LoginPage.feature:24

@smoketest
Scenario: Login page title                     # src/test/resources/parallel/LoginPage.feature:4

@ContactUs
Scenario: Contact us page title    # src/test/resources/parallel/ContactUs.feature:4

@DataTable
Scenario: Login with all credentials         # src/test/resources/parallel/LoginPage.feature:41
user is on login page
  Given user is on login page                                                    # parallel.LoginPageSteps.user_is_on_login_page()
user is on login page
  Given user is on login page                 # parallel.LoginPageSteps.user_is_on_login_page()
user is on login page
  Given user is on login page                      # parallel.LoginPageSteps.user_is_on_login_page()
user is on login page
  Given user is on login page                  # parallel.LoginPageSteps.user_is_on_login_page()
Users logs in
Page title is: 508 Resource Limit Is Reached
  When user gets the title of the page         # parallel.LoginPageSteps.user_gets_the_title_of_the_page()
  Then page title should be "Login - My Store" # parallel.LoginPageSteps.page_title_should_be(java.lang.String)
      java.lang.AssertionError: expected [true] but found [false]
	at org.testng.Assert.fail(Assert.java:96)
	at org.testng.Assert.failNotEquals(Assert.java:776)
	at org.testng.Assert.assertTrue(Assert.java:44)
	at org.testng.Assert.assertTrue(Assert.java:54)
	at parallel.LoginPageSteps.page_title_should_be(LoginPageSteps.java:78)
	at âœ½.page title should be "Login - My Store"(file:///C:/Users/Raju%20Krish/git/CucumberPOMSeries/CucumberPOMSeries/src/test/resources/parallel/LoginPage.feature:7)

  When User enter Username as "xikafo9060@goqoez.com" and Password as "Selenium" # parallel.LoginPageSteps.user_enter_username_as_and_password_as(java.lang.String,java.lang.String)
      org.openqa.selenium.NoSuchElementException: no such element: Unable to locate element: {"method":"css selector","selector":"#email"}
  (Session info: chrome=86.0.4240.75)
For documentation on this error, please visit: https://www.seleniumhq.org/exceptions/no_such_element.html
Build info: version: '3.141.59', revision: 'e82be7d358', time: '2018-11-14T08:17:03'
System info: host: 'DESKTOP-29FAU25', ip: '192.168.0.103', os.name: 'Windows 10', os.arch: 'amd64', os.version: '10.0', java.version: '1.8.0_271'
Driver info: org.openqa.selenium.chrome.ChromeDriver
Capabilities {acceptInsecureCerts: false, browserName: chrome, browserVersion: 86.0.4240.75, chrome: {chromedriverVersion: 86.0.4240.22 (398b0743353ff..., userDataDir: C:\Users\RAJUKR~1\AppData\L...}, goog:chromeOptions: {debuggerAddress: localhost:58458}, javascriptEnabled: true, networkConnectionEnabled: false, pageLoadStrategy: normal, platform: WINDOWS, platformName: WINDOWS, proxy: Proxy(), setWindowRect: true, strictFileInteractability: false, timeouts: {implicit: 0, pageLoad: 300000, script: 30000}, unhandledPromptBehavior: dismiss and notify, webauthn:virtualAuthenticators: true}
Session ID: d016d4b2e7d283f67376c52fd7f2f2c5
*** Element info: {Using=id, value=email}
	at sun.reflect.NativeConstructorAccessorImpl.newInstance0(Native Method)
	at sun.reflect.NativeConstructorAccessorImpl.newInstance(NativeConstructorAccessorImpl.java:62)
	at sun.reflect.DelegatingConstructorAccessorImpl.newInstance(DelegatingConstructorAccessorImpl.java:45)
	at java.lang.reflect.Constructor.newInstance(Constructor.java:423)
	at org.openqa.selenium.remote.http.W3CHttpResponseCodec.createException(W3CHttpResponseCodec.java:187)
	at org.openqa.selenium.remote.http.W3CHttpResponseCodec.decode(W3CHttpResponseCodec.java:122)
	at org.openqa.selenium.remote.http.W3CHttpResponseCodec.decode(W3CHttpResponseCodec.java:49)
	at org.openqa.selenium.remote.HttpCommandExecutor.execute(HttpCommandExecutor.java:158)
	at org.openqa.selenium.remote.service.DriverCommandExecutor.execute(DriverCommandExecutor.java:83)
	at org.openqa.selenium.remote.RemoteWebDriver.execute(RemoteWebDriver.java:552)
	at org.openqa.selenium.remote.RemoteWebDriver.findElement(RemoteWebDriver.java:323)
	at org.openqa.selenium.remote.RemoteWebDriver.findElementById(RemoteWebDriver.java:372)
	at org.openqa.selenium.By$ById.findElement(By.java:188)
	at org.openqa.selenium.remote.RemoteWebDriver.findElement(RemoteWebDriver.java:315)
	at com.pages.LoginPage.enterUserName(LoginPage.java:33)
	at parallel.LoginPageSteps.user_enter_username_as_and_password_as(LoginPageSteps.java:52)
	at âœ½.User enter Username as "xikafo9060@goqoez.com" and Password as "Selenium"(file:///C:/Users/Raju%20Krish/git/CucumberPOMSeries/CucumberPOMSeries/src/test/resources/parallel/LoginPage.feature:33)

  When user enters username "nirifi5570@684hh.com" # parallel.LoginPageSteps.user_enters_username(java.lang.String)
      org.openqa.selenium.NoSuchElementException: no such element: Unable to locate element: {"method":"css selector","selector":"#email"}
  (Session info: chrome=86.0.4240.75)
For documentation on this error, please visit: https://www.seleniumhq.org/exceptions/no_such_element.html
Build info: version: '3.141.59', revision: 'e82be7d358', time: '2018-11-14T08:17:03'
System info: host: 'DESKTOP-29FAU25', ip: '192.168.0.103', os.name: 'Windows 10', os.arch: 'amd64', os.version: '10.0', java.version: '1.8.0_271'
Driver info: org.openqa.selenium.chrome.ChromeDriver
Capabilities {acceptInsecureCerts: false, browserName: chrome, browserVersion: 86.0.4240.75, chrome: {chromedriverVersion: 86.0.4240.22 (398b0743353ff..., userDataDir: C:\Users\RAJUKR~1\AppData\L...}, goog:chromeOptions: {debuggerAddress: localhost:58433}, javascriptEnabled: true, networkConnectionEnabled: false, pageLoadStrategy: normal, platform: WINDOWS, platformName: WINDOWS, proxy: Proxy(), setWindowRect: true, strictFileInteractability: false, timeouts: {implicit: 0, pageLoad: 300000, script: 30000}, unhandledPromptBehavior: dismiss and notify, webauthn:virtualAuthenticators: true}
Session ID: f9001fe62c1a503df994aa42b12476ec
*** Element info: {Using=id, value=email}
	at sun.reflect.NativeConstructorAccessorImpl.newInstance0(Native Method)
	at sun.reflect.NativeConstructorAccessorImpl.newInstance(NativeConstructorAccessorImpl.java:62)
	at sun.reflect.DelegatingConstructorAccessorImpl.newInstance(DelegatingConstructorAccessorImpl.java:45)
	at java.lang.reflect.Constructor.newInstance(Constructor.java:423)
	at org.openqa.selenium.remote.http.W3CHttpResponseCodec.createException(W3CHttpResponseCodec.java:187)
	at org.openqa.selenium.remote.http.W3CHttpResponseCodec.decode(W3CHttpResponseCodec.java:122)
	at org.openqa.selenium.remote.http.W3CHttpResponseCodec.decode(W3CHttpResponseCodec.java:49)
	at org.openqa.selenium.remote.HttpCommandExecutor.execute(HttpCommandExecutor.java:158)
	at org.openqa.selenium.remote.service.DriverCommandExecutor.execute(DriverCommandExecutor.java:83)
	at org.openqa.selenium.remote.RemoteWebDriver.execute(RemoteWebDriver.java:552)
	at org.openqa.selenium.remote.RemoteWebDriver.findElement(RemoteWebDriver.java:323)
	at org.openqa.selenium.remote.RemoteWebDriver.findElementById(RemoteWebDriver.java:372)
	at org.openqa.selenium.By$ById.findElement(By.java:188)
	at org.openqa.selenium.remote.RemoteWebDriver.findElement(RemoteWebDriver.java:315)
	at com.pages.LoginPage.enterUserName(LoginPage.java:33)
	at parallel.LoginPageSteps.user_enters_username(LoginPageSteps.java:88)
	at âœ½.user enters username "nirifi5570@684hh.com"(file:///C:/Users/Raju%20Krish/git/CucumberPOMSeries/CucumberPOMSeries/src/test/resources/parallel/LoginPage.feature:17)

  And user enters password "Selenium"              # parallel.LoginPageSteps.user_enters_password(java.lang.String)
  And user clicks on Login button                  # parallel.LoginPageSteps.user_clicks_on_login_button()
  Then user gets the title of the page             # parallel.LoginPageSteps.user_gets_the_title_of_the_page()
  And page title should be "My account - My Store" # parallel.LoginPageSteps.page_title_should_be(java.lang.String)

    Embedding Login_page_title [image/png 15307 bytes]


    Embedding Login_with_correct_credentials [image/png 15307 bytes]


    Embedding Login_with_all_credentials [image/png 15307 bytes]

]]></system-out>
    <system-err><![CDATA[May 18, 2021 6:52:53 PM org.openqa.selenium.remote.DesiredCapabilities chrome
INFO: Using `new ChromeOptions()` is preferred to `DesiredCapabilities.chrome()`
May 18, 2021 6:52:53 PM org.openqa.selenium.remote.DesiredCapabilities chrome
INFO: Using `new ChromeOptions()` is preferred to `DesiredCapabilities.chrome()`
May 18, 2021 6:52:53 PM org.openqa.selenium.remote.DesiredCapabilities chrome
INFO: Using `new ChromeOptions()` is preferred to `DesiredCapabilities.chrome()`
May 18, 2021 6:52:53 PM org.openqa.selenium.remote.DesiredCapabilities chrome
INFO: Using `new ChromeOptions()` is preferred to `DesiredCapabilities.chrome()`
May 18, 2021 6:52:53 PM org.openqa.selenium.remote.DesiredCapabilities chrome
INFO: Using `new ChromeOptions()` is preferred to `DesiredCapabilities.chrome()`
May 18, 2021 6:52:53 PM org.openqa.selenium.remote.DesiredCapabilities chrome
INFO: Using `new ChromeOptions()` is preferred to `DesiredCapabilities.chrome()`
May 18, 2021 6:52:53 PM org.openqa.selenium.remote.DesiredCapabilities chrome
INFO: Using `new ChromeOptions()` is preferred to `DesiredCapabilities.chrome()`
May 18, 2021 6:52:53 PM org.openqa.selenium.remote.DesiredCapabilities chrome
INFO: Using `new ChromeOptions()` is preferred to `DesiredCapabilities.chrome()`
May 18, 2021 6:52:53 PM org.openqa.selenium.remote.DesiredCapabilities chrome
INFO: Using `new ChromeOptions()` is preferred to `DesiredCapabilities.chrome()`
May 18, 2021 6:52:53 PM org.openqa.selenium.remote.DesiredCapabilities chrome
INFO: Using `new ChromeOptions()` is preferred to `DesiredCapabilities.chrome()`
Starting ChromeDriver 86.0.4240.22 (398b0743353ff36fb1b82468f63a3a93b4e2e89e-refs/branch-heads/4240@{#378}) on port 32090
Only local connections are allowed.
Please see https://chromedriver.chromium.org/security-considerations for suggestions on keeping ChromeDriver safe.
ChromeDriver was started successfully.
Starting ChromeDriver 86.0.4240.22 (398b0743353ff36fb1b82468f63a3a93b4e2e89e-refs/branch-heads/4240@{#378}) on port 15213
Only local connections are allowed.
Please see https://chromedriver.chromium.org/security-considerations for suggestions on keeping ChromeDriver safe.
Starting ChromeDriver 86.0.4240.22 (398b0743353ff36fb1b82468f63a3a93b4e2e89e-refs/branch-heads/4240@{#378}) on port 40135
Only local connections are allowed.
Please see https://chromedriver.chromium.org/security-considerations for suggestions on keeping ChromeDriver safe.
Starting ChromeDriver 86.0.4240.22 (398b0743353ff36fb1b82468f63a3a93b4e2e89e-refs/branch-heads/4240@{#378}) on port 46515
Only local connections are allowed.
Please see https://chromedriver.chromium.org/security-considerations for suggestions on keeping ChromeDriver safe.
ChromeDriver was started successfully.
ChromeDriver was started successfully.
ChromeDriver was started successfully.
Starting ChromeDriver 86.0.4240.22 (398b0743353ff36fb1b82468f63a3a93b4e2e89e-refs/branch-heads/4240@{#378}) on port 37579
Only local connections are allowed.
Please see https://chromedriver.chromium.org/security-considerations for suggestions on keeping ChromeDriver safe.
Starting ChromeDriver 86.0.4240.22 (398b0743353ff36fb1b82468f63a3a93b4e2e89e-refs/branch-heads/4240@{#378}) on port 39046
Only local connections are allowed.
Please see https://chromedriver.chromium.org/security-considerations for suggestions on keeping ChromeDriver safe.
Starting ChromeDriver 86.0.4240.22 (398b0743353ff36fb1b82468f63a3a93b4e2e89e-refs/branch-heads/4240@{#378}) on port 21719
Only local connections are allowed.
Please see https://chromedriver.chromium.org/security-considerations for suggestions on keeping ChromeDriver safe.
Starting ChromeDriver 86.0.4240.22 (398b0743353ff36fb1b82468f63a3a93b4e2e89e-refs/branch-heads/4240@{#378}) on port 33684
Only local connections are allowed.
Please see https://chromedriver.chromium.org/security-considerations for suggestions on keeping ChromeDriver safe.
Starting ChromeDriver 86.0.4240.22 (398b0743353ff36fb1b82468f63a3a93b4e2e89e-refs/branch-heads/4240@{#378}) on port 22653
Only local connections are allowed.
Please see https://chromedriver.chromium.org/security-considerations for suggestions on keeping ChromeDriver safe.
ChromeDriver was started successfully.
ChromeDriver was started successfully.
Starting ChromeDriver 86.0.4240.22 (398b0743353ff36fb1b82468f63a3a93b4e2e89e-refs/branch-heads/4240@{#378}) on port 2379
Only local connections are allowed.
Please see https://chromedriver.chromium.org/security-considerations for suggestions on keeping ChromeDriver safe.
ChromeDriver was started successfully.
ChromeDriver was started successfully.
ChromeDriver was started successfully.
ChromeDriver was started successfully.
May 18, 2021 6:52:59 PM org.openqa.selenium.remote.ProtocolHandshake createSession
INFO: Detected dialect: W3C
May 18, 2021 6:52:59 PM org.openqa.selenium.remote.ProtocolHandshake createSession
INFO: Detected dialect: W3C
May 18, 2021 6:53:00 PM org.openqa.selenium.remote.ProtocolHandshake createSession
INFO: Detected dialect: W3C
May 18, 2021 6:53:00 PM org.openqa.selenium.remote.ProtocolHandshake createSession
INFO: Detected dialect: W3C
May 18, 2021 6:53:00 PM org.openqa.selenium.remote.ProtocolHandshake createSession
INFO: Detected dialect: W3C
May 18, 2021 6:53:00 PM org.openqa.selenium.remote.ProtocolHandshake createSession
INFO: Detected dialect: W3C
May 18, 2021 6:53:02 PM org.openqa.selenium.remote.ProtocolHandshake createSession
INFO: Detected dialect: W3C
May 18, 2021 6:53:02 PM org.openqa.selenium.remote.ProtocolHandshake createSession
INFO: Detected dialect: W3C
May 18, 2021 6:53:03 PM org.openqa.selenium.remote.ProtocolHandshake createSession
INFO: Detected dialect: W3C
May 18, 2021 6:53:03 PM org.openqa.selenium.remote.ProtocolHandshake createSession
INFO: Detected dialect: W3C
]]></system-err>
  </testcase>
  <testcase name="runScenario" classname="parallel.ParallelRun" time="19.172">
    <failure message="no such element: Unable to locate element: {&quot;method&quot;:&quot;css selector&quot;,&quot;selector&quot;:&quot;#email&quot;}&#10;  (Session info: chrome=86.0.4240.75)&#10;For documentation on this error, please visit: https://www.seleniumhq.org/exceptions/no_such_element.html&#10;Build info: version: &apos;3.141.59&apos;, revision: &apos;e82be7d358&apos;, time: &apos;2018-11-14T08:17:03&apos;&#10;System info: host: &apos;DESKTOP-29FAU25&apos;, ip: &apos;192.168.0.103&apos;, os.name: &apos;Windows 10&apos;, os.arch: &apos;amd64&apos;, os.version: &apos;10.0&apos;, java.version: &apos;1.8.0_271&apos;&#10;Driver info: org.openqa.selenium.chrome.ChromeDriver&#10;Capabilities {acceptInsecureCerts: false, browserName: chrome, browserVersion: 86.0.4240.75, chrome: {chromedriverVersion: 86.0.4240.22 (398b0743353ff..., userDataDir: C:\Users\RAJUKR~1\AppData\L...}, goog:chromeOptions: {debuggerAddress: localhost:58433}, javascriptEnabled: true, networkConnectionEnabled: false, pageLoadStrategy: normal, platform: WINDOWS, platformName: WINDOWS, proxy: Proxy(), setWindowRect: true, strictFileInteractability: false, timeouts: {implicit: 0, pageLoad: 300000, script: 30000}, unhandledPromptBehavior: dismiss and notify, webauthn:virtualAuthenticators: true}&#10;Session ID: f9001fe62c1a503df994aa42b12476ec&#10;*** Element info: {Using=id, value=email}" type="org.openqa.selenium.NoSuchElementException">org.openqa.selenium.NoSuchElementException: 
no such element: Unable to locate element: {"method":"css selector","selector":"#email"}
  (Session info: chrome=86.0.4240.75)
For documentation on this error, please visit: https://www.seleniumhq.org/exceptions/no_such_element.html
Build info: version: '3.141.59', revision: 'e82be7d358', time: '2018-11-14T08:17:03'
System info: host: 'DESKTOP-29FAU25', ip: '192.168.0.103', os.name: 'Windows 10', os.arch: 'amd64', os.version: '10.0', java.version: '1.8.0_271'
Driver info: org.openqa.selenium.chrome.ChromeDriver
Capabilities {acceptInsecureCerts: false, browserName: chrome, browserVersion: 86.0.4240.75, chrome: {chromedriverVersion: 86.0.4240.22 (398b0743353ff..., userDataDir: C:\Users\RAJUKR~1\AppData\L...}, goog:chromeOptions: {debuggerAddress: localhost:58433}, javascriptEnabled: true, networkConnectionEnabled: false, pageLoadStrategy: normal, platform: WINDOWS, platformName: WINDOWS, proxy: Proxy(), setWindowRect: true, strictFileInteractability: false, timeouts: {implicit: 0, pageLoad: 300000, script: 30000}, unhandledPromptBehavior: dismiss and notify, webauthn:virtualAuthenticators: true}
Session ID: f9001fe62c1a503df994aa42b12476ec
*** Element info: {Using=id, value=email}
</failure>
  </testcase>
  <testcase name="runScenario" classname="parallel.ParallelRun" time="19.172">
    <failure message="no such element: Unable to locate element: {&quot;method&quot;:&quot;css selector&quot;,&quot;selector&quot;:&quot;#email&quot;}&#10;  (Session info: chrome=86.0.4240.75)&#10;For documentation on this error, please visit: https://www.seleniumhq.org/exceptions/no_such_element.html&#10;Build info: version: &apos;3.141.59&apos;, revision: &apos;e82be7d358&apos;, time: &apos;2018-11-14T08:17:03&apos;&#10;System info: host: &apos;DESKTOP-29FAU25&apos;, ip: &apos;192.168.0.103&apos;, os.name: &apos;Windows 10&apos;, os.arch: &apos;amd64&apos;, os.version: &apos;10.0&apos;, java.version: &apos;1.8.0_271&apos;&#10;Driver info: org.openqa.selenium.chrome.ChromeDriver&#10;Capabilities {acceptInsecureCerts: false, browserName: chrome, browserVersion: 86.0.4240.75, chrome: {chromedriverVersion: 86.0.4240.22 (398b0743353ff..., userDataDir: C:\Users\RAJUKR~1\AppData\L...}, goog:chromeOptions: {debuggerAddress: localhost:58458}, javascriptEnabled: true, networkConnectionEnabled: false, pageLoadStrategy: normal, platform: WINDOWS, platformName: WINDOWS, proxy: Proxy(), setWindowRect: true, strictFileInteractability: false, timeouts: {implicit: 0, pageLoad: 300000, script: 30000}, unhandledPromptBehavior: dismiss and notify, webauthn:virtualAuthenticators: true}&#10;Session ID: d016d4b2e7d283f67376c52fd7f2f2c5&#10;*** Element info: {Using=id, value=email}" type="org.openqa.selenium.NoSuchElementException">org.openqa.selenium.NoSuchElementException: 
no such element: Unable to locate element: {"method":"css selector","selector":"#email"}
  (Session info: chrome=86.0.4240.75)
For documentation on this error, please visit: https://www.seleniumhq.org/exceptions/no_such_element.html
Build info: version: '3.141.59', revision: 'e82be7d358', time: '2018-11-14T08:17:03'
System info: host: 'DESKTOP-29FAU25', ip: '192.168.0.103', os.name: 'Windows 10', os.arch: 'amd64', os.version: '10.0', java.version: '1.8.0_271'
Driver info: org.openqa.selenium.chrome.ChromeDriver
Capabilities {acceptInsecureCerts: false, browserName: chrome, browserVersion: 86.0.4240.75, chrome: {chromedriverVersion: 86.0.4240.22 (398b0743353ff..., userDataDir: C:\Users\RAJUKR~1\AppData\L...}, goog:chromeOptions: {debuggerAddress: localhost:58458}, javascriptEnabled: true, networkConnectionEnabled: false, pageLoadStrategy: normal, platform: WINDOWS, platformName: WINDOWS, proxy: Proxy(), setWindowRect: true, strictFileInteractability: false, timeouts: {implicit: 0, pageLoad: 300000, script: 30000}, unhandledPromptBehavior: dismiss and notify, webauthn:virtualAuthenticators: true}
Session ID: d016d4b2e7d283f67376c52fd7f2f2c5
*** Element info: {Using=id, value=email}
</failure>
  </testcase>
  <testcase name="runScenario" classname="parallel.ParallelRun" time="0.782">
    <failure message="no such element: Unable to locate element: {&quot;method&quot;:&quot;css selector&quot;,&quot;selector&quot;:&quot;#email&quot;}&#10;  (Session info: chrome=86.0.4240.75)&#10;For documentation on this error, please visit: https://www.seleniumhq.org/exceptions/no_such_element.html&#10;Build info: version: &apos;3.141.59&apos;, revision: &apos;e82be7d358&apos;, time: &apos;2018-11-14T08:17:03&apos;&#10;System info: host: &apos;DESKTOP-29FAU25&apos;, ip: &apos;192.168.0.103&apos;, os.name: &apos;Windows 10&apos;, os.arch: &apos;amd64&apos;, os.version: &apos;10.0&apos;, java.version: &apos;1.8.0_271&apos;&#10;Driver info: org.openqa.selenium.chrome.ChromeDriver&#10;Capabilities {acceptInsecureCerts: false, browserName: chrome, browserVersion: 86.0.4240.75, chrome: {chromedriverVersion: 86.0.4240.22 (398b0743353ff..., userDataDir: C:\Users\RAJUKR~1\AppData\L...}, goog:chromeOptions: {debuggerAddress: localhost:58421}, javascriptEnabled: true, networkConnectionEnabled: false, pageLoadStrategy: normal, platform: WINDOWS, platformName: WINDOWS, proxy: Proxy(), setWindowRect: true, strictFileInteractability: false, timeouts: {implicit: 0, pageLoad: 300000, script: 30000}, unhandledPromptBehavior: dismiss and notify, webauthn:virtualAuthenticators: true}&#10;Session ID: e8bf216f8ffd86e65e47a049d0960260&#10;*** Element info: {Using=id, value=email}" type="org.openqa.selenium.NoSuchElementException">org.openqa.selenium.NoSuchElementException: 
no such element: Unable to locate element: {"method":"css selector","selector":"#email"}
  (Session info: chrome=86.0.4240.75)
For documentation on this error, please visit: https://www.seleniumhq.org/exceptions/no_such_element.html
Build info: version: '3.141.59', revision: 'e82be7d358', time: '2018-11-14T08:17:03'
System info: host: 'DESKTOP-29FAU25', ip: '192.168.0.103', os.name: 'Windows 10', os.arch: 'amd64', os.version: '10.0', java.version: '1.8.0_271'
Driver info: org.openqa.selenium.chrome.ChromeDriver
Capabilities {acceptInsecureCerts: false, browserName: chrome, browserVersion: 86.0.4240.75, chrome: {chromedriverVersion: 86.0.4240.22 (398b0743353ff..., userDataDir: C:\Users\RAJUKR~1\AppData\L...}, goog:chromeOptions: {debuggerAddress: localhost:58421}, javascriptEnabled: true, networkConnectionEnabled: false, pageLoadStrategy: normal, platform: WINDOWS, platformName: WINDOWS, proxy: Proxy(), setWindowRect: true, strictFileInteractability: false, timeouts: {implicit: 0, pageLoad: 300000, script: 30000}, unhandledPromptBehavior: dismiss and notify, webauthn:virtualAuthenticators: true}
Session ID: e8bf216f8ffd86e65e47a049d0960260
*** Element info: {Using=id, value=email}
</failure>
    <system-out><![CDATA[
@MenuList @Radiobtn
Scenario: Radiobutton form scenario # src/test/resources/parallel/SeleniumEasy/MenuList.feature:19
login with: nirifi5570@684hh.com and Selenium
  When <2> users logs in                      # parallel.LoginPageSteps.users_logs_in(java.lang.Integer)
      org.openqa.selenium.NoSuchElementException: no such element: Unable to locate element: {"method":"css selector","selector":"#email"}
  (Session info: chrome=86.0.4240.75)
For documentation on this error, please visit: https://www.seleniumhq.org/exceptions/no_such_element.html
Build info: version: '3.141.59', revision: 'e82be7d358', time: '2018-11-14T08:17:03'
System info: host: 'DESKTOP-29FAU25', ip: '192.168.0.103', os.name: 'Windows 10', os.arch: 'amd64', os.version: '10.0', java.version: '1.8.0_271'
Driver info: org.openqa.selenium.chrome.ChromeDriver
Capabilities {acceptInsecureCerts: false, browserName: chrome, browserVersion: 86.0.4240.75, chrome: {chromedriverVersion: 86.0.4240.22 (398b0743353ff..., userDataDir: C:\Users\RAJUKR~1\AppData\L...}, goog:chromeOptions: {debuggerAddress: localhost:58421}, javascriptEnabled: true, networkConnectionEnabled: false, pageLoadStrategy: normal, platform: WINDOWS, platformName: WINDOWS, proxy: Proxy(), setWindowRect: true, strictFileInteractability: false, timeouts: {implicit: 0, pageLoad: 300000, script: 30000}, unhandledPromptBehavior: dismiss and notify, webauthn:virtualAuthenticators: true}
Session ID: e8bf216f8ffd86e65e47a049d0960260
*** Element info: {Using=id, value=email}
	at sun.reflect.NativeConstructorAccessorImpl.newInstance0(Native Method)
	at sun.reflect.NativeConstructorAccessorImpl.newInstance(NativeConstructorAccessorImpl.java:62)
	at sun.reflect.DelegatingConstructorAccessorImpl.newInstance(DelegatingConstructorAccessorImpl.java:45)
	at java.lang.reflect.Constructor.newInstance(Constructor.java:423)
	at org.openqa.selenium.remote.http.W3CHttpResponseCodec.createException(W3CHttpResponseCodec.java:187)
	at org.openqa.selenium.remote.http.W3CHttpResponseCodec.decode(W3CHttpResponseCodec.java:122)
	at org.openqa.selenium.remote.http.W3CHttpResponseCodec.decode(W3CHttpResponseCodec.java:49)
	at org.openqa.selenium.remote.HttpCommandExecutor.execute(HttpCommandExecutor.java:158)
	at org.openqa.selenium.remote.service.DriverCommandExecutor.execute(DriverCommandExecutor.java:83)
	at org.openqa.selenium.remote.RemoteWebDriver.execute(RemoteWebDriver.java:552)
	at org.openqa.selenium.remote.RemoteWebDriver.findElement(RemoteWebDriver.java:323)
	at org.openqa.selenium.remote.RemoteWebDriver.findElementById(RemoteWebDriver.java:372)
	at org.openqa.selenium.By$ById.findElement(By.java:188)
	at org.openqa.selenium.remote.RemoteWebDriver.findElement(RemoteWebDriver.java:315)
	at com.pages.LoginPage.doLogin(LoginPage.java:54)
	at parallel.LoginPageSteps.users_logs_in(LoginPageSteps.java:45)
	at âœ½.<2> users logs in(file:///C:/Users/Raju%20Krish/git/CucumberPOMSeries/CucumberPOMSeries/src/test/resources/parallel/LoginPage.feature:26)

  Then user gets the title of the page        # parallel.LoginPageSteps.user_gets_the_title_of_the_page()
  And page title should be "Login - My Store" # parallel.LoginPageSteps.page_title_should_be(java.lang.String)

    Embedding Login_with_all_credentials [image/png 15307 bytes]

]]></system-out>
    <system-err><![CDATA[May 18, 2021 6:53:11 PM org.openqa.selenium.remote.DesiredCapabilities chrome
INFO: Using `new ChromeOptions()` is preferred to `DesiredCapabilities.chrome()`
]]></system-err>
  </testcase>
  <testcase name="runScenario" classname="parallel.ParallelRun" time="22.714"/>
  <testcase name="runScenario" classname="parallel.ParallelRun" time="38.068"/>
  <testcase name="runScenario" classname="parallel.ParallelRun" time="43.788">
    <failure message="Found 5 accessibility violations:&#10;1) Text of buttons and links should not be repeated in the image alternative: https://dequeuniversity.com/rules/axe/3.1/image-redundant-alt?application=axeAPI&#10;  a) [&quot;a[aria-label=\&quot;Cleaning\\ essentials\&quot;]&quot;]&#10;    Fix all of the following:&#10;      Element contains &lt;img&gt; element with alt text that duplicates existing text&#10;&#10;&#10;  b) [&quot;a[aria-label=\&quot;Immunity\\ \\&amp;\\ healthcare\&quot;]&quot;]&#10;    Fix all of the following:&#10;      Element contains &lt;img&gt; element with alt text that duplicates existing text&#10;&#10;&#10;  c) [&quot;a[aria-label=\&quot;Women\\&apos;s\\ personal\\ care\&quot;]&quot;]&#10;    Fix all of the following:&#10;      Element contains &lt;img&gt; element with alt text that duplicates existing text&#10;&#10;&#10;  d) [&quot;a[aria-label=\&quot;Men\\&apos;s\\ grooming\&quot;]&quot;]&#10;    Fix all of the following:&#10;      Element contains &lt;img&gt; element with alt text that duplicates existing text&#10;&#10;&#10;  e) [&quot;a[aria-label=\&quot;ACs\&quot;]&quot;]&#10;    Fix all of the following:&#10;      Element contains &lt;img&gt; element with alt text that duplicates existing text&#10;&#10;&#10;  f) [&quot;a[aria-label=\&quot;Refrigerators\&quot;]&quot;]&#10;    Fix all of the following:&#10;      Element contains &lt;img&gt; element with alt text that duplicates existing text&#10;&#10;&#10;  g) [&quot;a[aria-label=\&quot;Televisions\&quot;]&quot;]&#10;    Fix all of the following:&#10;      Element contains &lt;img&gt; element with alt text that duplicates existing text&#10;&#10;&#10;  h) [&quot;a[aria-label=\&quot;Washing\\ machines\&quot;]&quot;]&#10;    Fix all of the following:&#10;      Element contains &lt;img&gt; element with alt text that duplicates existing text&#10;&#10;&#10;  i) [&quot;a[aria-label=\&quot;Cereals\\ \\&amp;\\ Oats\&quot;]&quot;]&#10;    Fix all of the following:&#10;      Element contains &lt;img&gt; element with alt text that duplicates existing text&#10;&#10;&#10;  j) [&quot;a[aria-label=\&quot;Tea\\ \\&amp;\\ Coffee\&quot;]&quot;]&#10;    Fix all of the following:&#10;      Element contains &lt;img&gt; element with alt text that duplicates existing text&#10;&#10;&#10;  k) [&quot;a[aria-label=\&quot;Spreads\\ \\&amp;\\ Honey\&quot;]&quot;]&#10;    Fix all of the following:&#10;      Element contains &lt;img&gt; element with alt text that duplicates existing text&#10;&#10;&#10;  l) [&quot;a[aria-label=\&quot;Home\\ products\&quot;]&quot;]&#10;    Fix all of the following:&#10;      Element contains &lt;img&gt; element with alt text that duplicates existing text&#10;&#10;&#10;  m) [&quot;a[aria-label=\&quot;Kitchen\\ \\&amp;\\ dining\&quot;]&quot;]&#10;    Fix all of the following:&#10;      Element contains &lt;img&gt; element with alt text that duplicates existing text&#10;&#10;&#10;  n) [&quot;a[aria-label=\&quot;Daily\\ essentials\&quot;]&quot;]&#10;    Fix all of the following:&#10;      Element contains &lt;img&gt; element with alt text that duplicates existing text&#10;&#10;&#10;  o) [&quot;a[aria-label=\&quot;Clothing\\ essentials\&quot;]&quot;]&#10;    Fix all of the following:&#10;      Element contains &lt;img&gt; element with alt text that duplicates existing text&#10;&#10;&#10;  p) [&quot;a[aria-label=\&quot;Women\\&apos;s\\ Clothing\&quot;]&quot;]&#10;    Fix all of the following:&#10;      Element contains &lt;img&gt; element with alt text that duplicates existing text&#10;&#10;&#10;  q) [&quot;a[aria-label=\&quot;Footwear\\+Handbags\&quot;]&quot;]&#10;    Fix all of the following:&#10;      Element contains &lt;img&gt; element with alt text that duplicates existing text&#10;&#10;&#10;  r) [&quot;a[aria-label=\&quot;Watches\&quot;]&quot;]&#10;    Fix all of the following:&#10;      Element contains &lt;img&gt; element with alt text that duplicates existing text&#10;&#10;&#10;  s) [&quot;a[aria-label=\&quot;Fashion\\ jewellery\&quot;]&quot;]&#10;    Fix all of the following:&#10;      Element contains &lt;img&gt; element with alt text that duplicates existing text&#10;&#10;&#10;  t) [&quot;a[aria-label=\&quot;Window\\ ACs\\ \\|\\ Starting\\ \u20b917\\,999\&quot;]&quot;]&#10;    Fix all of the following:&#10;      Element contains &lt;img&gt; element with alt text that duplicates existing text&#10;&#10;&#10;  u) [&quot;a[aria-label=\&quot;Split\\ ACs\\ \\|\\ Starting\\ \u20b923\\,499\&quot;]&quot;]&#10;    Fix all of the following:&#10;      Element contains &lt;img&gt; element with alt text that duplicates existing text&#10;&#10;&#10;  v) [&quot;a[href=\&quot;/b?node=22902922031\&quot;]&quot;]&#10;    Fix all of the following:&#10;      Element contains &lt;img&gt; element with alt text that duplicates existing text&#10;&#10;&#10;  w) [&quot;a[href=\&quot;/l/22902923031\&quot;]&quot;]&#10;    Fix all of the following:&#10;      Element contains &lt;img&gt; element with alt text that duplicates existing text&#10;&#10;&#10;  x) [&quot;a[href=\&quot;/b?node=11599648031\&quot;]&quot;]&#10;    Fix all of the following:&#10;      Element contains &lt;img&gt; element with alt text that duplicates existing text&#10;&#10;&#10;  y) [&quot;a[aria-label=\&quot;Tablets\&quot;]&quot;]&#10;    Fix all of the following:&#10;      Element contains &lt;img&gt; element with alt text that duplicates existing text&#10;&#10;&#10;  z) [&quot;a[aria-label=\&quot;Laptops\&quot;]&quot;]&#10;    Fix all of the following:&#10;      Element contains &lt;img&gt; element with alt text that duplicates existing text&#10;&#10;&#10;  aa) [&quot;a[aria-label=\&quot;Monitors\&quot;]&quot;]&#10;    Fix all of the following:&#10;      Element contains &lt;img&gt; element with alt text that duplicates existing text&#10;&#10;&#10;  ab) [&quot;a[aria-label=\&quot;N95\\ Masks\\ \\&amp;\\ respirators\&quot;]&quot;]&#10;    Fix all of the following:&#10;      Element contains &lt;img&gt; element with alt text that duplicates existing text&#10;&#10;&#10;  ac) [&quot;a[aria-label=\&quot;Cloth\\ masks\&quot;]&quot;]&#10;    Fix all of the following:&#10;      Element contains &lt;img&gt; element with alt text that duplicates existing text&#10;&#10;&#10;  ad) [&quot;a[aria-label=\&quot;Kids\\ mask\&quot;]&quot;]&#10;    Fix all of the following:&#10;      Element contains &lt;img&gt; element with alt text that duplicates existing text&#10;&#10;&#10;  ae) [&quot;a[aria-label=\&quot;View\\ the\\ mask\\ store\&quot;]&quot;]&#10;    Fix all of the following:&#10;      Element contains &lt;img&gt; element with alt text that duplicates existing text&#10;&#10;&#10;  af) [&quot;a[aria-label=\&quot;Cookware\&quot;]&quot;]&#10;    Fix all of the following:&#10;      Element contains &lt;img&gt; element with alt text that duplicates existing text&#10;&#10;&#10;  ag) [&quot;a[aria-label=\&quot;Tableware\&quot;]&quot;]&#10;    Fix all of the following:&#10;      Element contains &lt;img&gt; element with alt text that duplicates existing text&#10;&#10;&#10;  ah) [&quot;a[aria-label=\&quot;Men\\&apos;s\\ clothing\&quot;]&quot;]&#10;    Fix all of the following:&#10;      Element contains &lt;img&gt; element with alt text that duplicates existing text&#10;&#10;&#10;  ai) [&quot;a[aria-label=\&quot;Women\u2019s\\ clothing\&quot;]&quot;]&#10;    Fix all of the following:&#10;      Element contains &lt;img&gt; element with alt text that duplicates existing text&#10;&#10;&#10;  aj) [&quot;a[aria-label=\&quot;Kids\\ clothing\&quot;]&quot;]&#10;    Fix all of the following:&#10;      Element contains &lt;img&gt; element with alt text that duplicates existing text&#10;&#10;&#10;  ak) [&quot;.grid-row-2.a-section &gt; .quadrant-container-1.quadrant-container.a-spacing-none &gt; .image-redirect.aok-block[aria-label=\&quot;Footwear\&quot;]&quot;]&#10;    Fix all of the following:&#10;      Element contains &lt;img&gt; element with alt text that duplicates existing text&#10;&#10;&#10;  al) [&quot;a[aria-label=\&quot;Smart\\ bulb\&quot;]&quot;]&#10;    Fix all of the following:&#10;      Element contains &lt;img&gt; element with alt text that duplicates existing text&#10;&#10;&#10;  am) [&quot;a[aria-label=\&quot;Echo\\ devices\&quot;]&quot;]&#10;    Fix all of the following:&#10;      Element contains &lt;img&gt; element with alt text that duplicates existing text&#10;&#10;&#10;  an) [&quot;a[aria-label=\&quot;Smart\\ Plug\&quot;]&quot;]&#10;    Fix all of the following:&#10;      Element contains &lt;img&gt; element with alt text that duplicates existing text&#10;&#10;&#10;  ao) [&quot;a[href=\&quot;/b?node=1374407031\&quot;]&quot;]&#10;    Fix all of the following:&#10;      Element contains &lt;img&gt; element with alt text that duplicates existing text&#10;&#10;&#10;  ap) [&quot;a[href=\&quot;/b?node=1374305031\&quot;]&quot;]&#10;    Fix all of the following:&#10;      Element contains &lt;img&gt; element with alt text that duplicates existing text&#10;&#10;&#10;  aq) [&quot;a[aria-label=\&quot;Makeup\&quot;]&quot;]&#10;    Fix all of the following:&#10;      Element contains &lt;img&gt; element with alt text that duplicates existing text&#10;&#10;&#10;  ar) [&quot;a[aria-label=\&quot;Luxury\\ beauty\&quot;]&quot;]&#10;    Fix all of the following:&#10;      Element contains &lt;img&gt; element with alt text that duplicates existing text&#10;&#10;&#10;  as) [&quot;a[aria-label=\&quot;Bath\\ \\&amp;\\ shower\&quot;]&quot;]&#10;    Fix all of the following:&#10;      Element contains &lt;img&gt; element with alt text that duplicates existing text&#10;&#10;&#10;  at) [&quot;#b6zt-SmUeexo54CpQS5OhQ &gt; .a-cardui-body &gt; .a-spacing-small.grid-row-1.a-section &gt; .quadrant-container-1.quadrant-container.a-spacing-none &gt; .image-redirect.aok-block[aria-label=\&quot;Hair\\ care\&quot;]&quot;]&#10;    Fix all of the following:&#10;      Element contains &lt;img&gt; element with alt text that duplicates existing text&#10;&#10;&#10;  au) [&quot;.grid-row-2.a-section &gt; .quadrant-container-0.quadrant-container.a-spacing-none &gt; .image-redirect.aok-block[aria-label=\&quot;Skin\\ care\&quot;]&quot;]&#10;    Fix all of the following:&#10;      Element contains &lt;img&gt; element with alt text that duplicates existing text&#10;&#10;&#10;  av) [&quot;#b6zt-SmUeexo54CpQS5OhQ &gt; .a-cardui-body &gt; .grid-row-2.a-section &gt; .quadrant-container-1.quadrant-container.a-spacing-none &gt; .image-redirect.aok-block.image-window&quot;]&#10;    Fix all of the following:&#10;      Element contains &lt;img&gt; element with alt text that duplicates existing text&#10;&#10;&#10;  aw) [&quot;a[aria-label=\&quot;CLOTHING\&quot;]&quot;]&#10;    Fix all of the following:&#10;      Element contains &lt;img&gt; element with alt text that duplicates existing text&#10;&#10;&#10;  ax) [&quot;.a-spacing-small.grid-row-1.a-section &gt; .quadrant-container-1.quadrant-container.a-spacing-none &gt; .image-redirect.aok-block[aria-label=\&quot;Footwear\&quot;]&quot;]&#10;    Fix all of the following:&#10;      Element contains &lt;img&gt; element with alt text that duplicates existing text&#10;&#10;&#10;  ay) [&quot;a[aria-label=\&quot;Precious\\ jewellery\&quot;]&quot;]&#10;    Fix all of the following:&#10;      Element contains &lt;img&gt; element with alt text that duplicates existing text&#10;&#10;&#10;  az) [&quot;a[aria-label=\&quot;Washing\\ machines\\ \\&amp;\\ more\&quot;]&quot;]&#10;    Fix all of the following:&#10;      Element contains &lt;img&gt; element with alt text that duplicates existing text&#10;&#10;&#10;  ba) [&quot;a[aria-label=\&quot;Kitchen\\ appliances\&quot;]&quot;]&#10;    Fix all of the following:&#10;      Element contains &lt;img&gt; element with alt text that duplicates existing text&#10;&#10;&#10;  bb) [&quot;a[aria-label=\&quot;WFH\\ furniture\&quot;]&quot;]&#10;    Fix all of the following:&#10;      Element contains &lt;img&gt; element with alt text that duplicates existing text&#10;&#10;&#10;  bc) [&quot;a[aria-label=\&quot;Bestselling\\ furniture\&quot;]&quot;]&#10;    Fix all of the following:&#10;      Element contains &lt;img&gt; element with alt text that duplicates existing text&#10;&#10;&#10;  bd) [&quot;a[aria-label=\&quot;Printers\&quot;]&quot;]&#10;    Fix all of the following:&#10;      Element contains &lt;img&gt; element with alt text that duplicates existing text&#10;&#10;&#10;  be) [&quot;a[aria-label=\&quot;Routers\\ \\&amp;\\ hotspots\&quot;]&quot;]&#10;    Fix all of the following:&#10;      Element contains &lt;img&gt; element with alt text that duplicates existing text&#10;&#10;&#10;  bf) [&quot;a[aria-label=\&quot;Computer\\ accessories\&quot;]&quot;]&#10;    Fix all of the following:&#10;      Element contains &lt;img&gt; element with alt text that duplicates existing text&#10;&#10;&#10;  bg) [&quot;a[aria-label=\&quot;Stationery\\ \\&amp;\\ office\\ supplies\&quot;]&quot;]&#10;    Fix all of the following:&#10;      Element contains &lt;img&gt; element with alt text that duplicates existing text&#10;&#10;&#10;2) Form elements should have a visible label: https://dequeuniversity.com/rules/axe/3.1/label-title-only?application=axeAPI&#10;  a) [&quot;#searchDropdownBox&quot;]&#10;    Fix all of the following:&#10;      Only title used to generate label for form element&#10;&#10;&#10;3) Links must have discernible text: https://dequeuniversity.com/rules/axe/3.1/link-name?application=axeAPI&#10;  a) [&quot;a[href$=\&quot;ref=footer_logo\&quot;]&quot;]&#10;    Fix all of the following:&#10;      Element is in tab order and does not have accessible text&#10;&#10;    Fix any of the following:&#10;      Element does not have text that is visible to screen readers&#10;      aria-label attribute does not exist or is empty&#10;      aria-labelledby attribute does not exist, references elements that do not exist or references elements that are empty&#10;      Element&apos;s default semantics were not overridden with role=&quot;presentation&quot;&#10;      Element&apos;s default semantics were not overridden with role=&quot;none&quot;&#10;&#10;&#10;4) Page must contain a level-one heading: https://dequeuniversity.com/rules/axe/3.1/page-has-heading-one?application=axeAPI&#10;  a) [&quot;html&quot;]&#10;    Fix all of the following:&#10;      Page must have a level-one heading&#10;&#10;&#10;5) All page content must be contained by landmarks: https://dequeuniversity.com/rules/axe/3.1/region?application=axeAPI&#10;  a) [&quot;html&quot;]&#10;    Fix any of the following:&#10;      Some page content is not contained by landmarks&#10;&#10; expected [true] but found [false]" type="java.lang.AssertionError"><![CDATA[java.lang.AssertionError: 
Found 5 accessibility violations:
1) Text of buttons and links should not be repeated in the image alternative: https://dequeuniversity.com/rules/axe/3.1/image-redundant-alt?application=axeAPI
  a) ["a[aria-label=\"Cleaning\\ essentials\"]"]
    Fix all of the following:
      Element contains <img> element with alt text that duplicates existing text


  b) ["a[aria-label=\"Immunity\\ \\&\\ healthcare\"]"]
    Fix all of the following:
      Element contains <img> element with alt text that duplicates existing text


  c) ["a[aria-label=\"Women\\'s\\ personal\\ care\"]"]
    Fix all of the following:
      Element contains <img> element with alt text that duplicates existing text


  d) ["a[aria-label=\"Men\\'s\\ grooming\"]"]
    Fix all of the following:
      Element contains <img> element with alt text that duplicates existing text


  e) ["a[aria-label=\"ACs\"]"]
    Fix all of the following:
      Element contains <img> element with alt text that duplicates existing text


  f) ["a[aria-label=\"Refrigerators\"]"]
    Fix all of the following:
      Element contains <img> element with alt text that duplicates existing text


  g) ["a[aria-label=\"Televisions\"]"]
    Fix all of the following:
      Element contains <img> element with alt text that duplicates existing text


  h) ["a[aria-label=\"Washing\\ machines\"]"]
    Fix all of the following:
      Element contains <img> element with alt text that duplicates existing text


  i) ["a[aria-label=\"Cereals\\ \\&\\ Oats\"]"]
    Fix all of the following:
      Element contains <img> element with alt text that duplicates existing text


  j) ["a[aria-label=\"Tea\\ \\&\\ Coffee\"]"]
    Fix all of the following:
      Element contains <img> element with alt text that duplicates existing text


  k) ["a[aria-label=\"Spreads\\ \\&\\ Honey\"]"]
    Fix all of the following:
      Element contains <img> element with alt text that duplicates existing text


  l) ["a[aria-label=\"Home\\ products\"]"]
    Fix all of the following:
      Element contains <img> element with alt text that duplicates existing text


  m) ["a[aria-label=\"Kitchen\\ \\&\\ dining\"]"]
    Fix all of the following:
      Element contains <img> element with alt text that duplicates existing text


  n) ["a[aria-label=\"Daily\\ essentials\"]"]
    Fix all of the following:
      Element contains <img> element with alt text that duplicates existing text


  o) ["a[aria-label=\"Clothing\\ essentials\"]"]
    Fix all of the following:
      Element contains <img> element with alt text that duplicates existing text


  p) ["a[aria-label=\"Women\\'s\\ Clothing\"]"]
    Fix all of the following:
      Element contains <img> element with alt text that duplicates existing text


  q) ["a[aria-label=\"Footwear\\+Handbags\"]"]
    Fix all of the following:
      Element contains <img> element with alt text that duplicates existing text


  r) ["a[aria-label=\"Watches\"]"]
    Fix all of the following:
      Element contains <img> element with alt text that duplicates existing text


  s) ["a[aria-label=\"Fashion\\ jewellery\"]"]
    Fix all of the following:
      Element contains <img> element with alt text that duplicates existing text


  t) ["a[aria-label=\"Window\\ ACs\\ \\|\\ Starting\\ \u20b917\\,999\"]"]
    Fix all of the following:
      Element contains <img> element with alt text that duplicates existing text


  u) ["a[aria-label=\"Split\\ ACs\\ \\|\\ Starting\\ \u20b923\\,499\"]"]
    Fix all of the following:
      Element contains <img> element with alt text that duplicates existing text


  v) ["a[href=\"/b?node=22902922031\"]"]
    Fix all of the following:
      Element contains <img> element with alt text that duplicates existing text


  w) ["a[href=\"/l/22902923031\"]"]
    Fix all of the following:
      Element contains <img> element with alt text that duplicates existing text


  x) ["a[href=\"/b?node=11599648031\"]"]
    Fix all of the following:
      Element contains <img> element with alt text that duplicates existing text


  y) ["a[aria-label=\"Tablets\"]"]
    Fix all of the following:
      Element contains <img> element with alt text that duplicates existing text


  z) ["a[aria-label=\"Laptops\"]"]
    Fix all of the following:
      Element contains <img> element with alt text that duplicates existing text


  aa) ["a[aria-label=\"Monitors\"]"]
    Fix all of the following:
      Element contains <img> element with alt text that duplicates existing text


  ab) ["a[aria-label=\"N95\\ Masks\\ \\&\\ respirators\"]"]
    Fix all of the following:
      Element contains <img> element with alt text that duplicates existing text


  ac) ["a[aria-label=\"Cloth\\ masks\"]"]
    Fix all of the following:
      Element contains <img> element with alt text that duplicates existing text


  ad) ["a[aria-label=\"Kids\\ mask\"]"]
    Fix all of the following:
      Element contains <img> element with alt text that duplicates existing text


  ae) ["a[aria-label=\"View\\ the\\ mask\\ store\"]"]
    Fix all of the following:
      Element contains <img> element with alt text that duplicates existing text


  af) ["a[aria-label=\"Cookware\"]"]
    Fix all of the following:
      Element contains <img> element with alt text that duplicates existing text


  ag) ["a[aria-label=\"Tableware\"]"]
    Fix all of the following:
      Element contains <img> element with alt text that duplicates existing text


  ah) ["a[aria-label=\"Men\\'s\\ clothing\"]"]
    Fix all of the following:
      Element contains <img> element with alt text that duplicates existing text


  ai) ["a[aria-label=\"Women\u2019s\\ clothing\"]"]
    Fix all of the following:
      Element contains <img> element with alt text that duplicates existing text


  aj) ["a[aria-label=\"Kids\\ clothing\"]"]
    Fix all of the following:
      Element contains <img> element with alt text that duplicates existing text


  ak) [".grid-row-2.a-section > .quadrant-container-1.quadrant-container.a-spacing-none > .image-redirect.aok-block[aria-label=\"Footwear\"]"]
    Fix all of the following:
      Element contains <img> element with alt text that duplicates existing text


  al) ["a[aria-label=\"Smart\\ bulb\"]"]
    Fix all of the following:
      Element contains <img> element with alt text that duplicates existing text


  am) ["a[aria-label=\"Echo\\ devices\"]"]
    Fix all of the following:
      Element contains <img> element with alt text that duplicates existing text


  an) ["a[aria-label=\"Smart\\ Plug\"]"]
    Fix all of the following:
      Element contains <img> element with alt text that duplicates existing text


  ao) ["a[href=\"/b?node=1374407031\"]"]
    Fix all of the following:
      Element contains <img> element with alt text that duplicates existing text


  ap) ["a[href=\"/b?node=1374305031\"]"]
    Fix all of the following:
      Element contains <img> element with alt text that duplicates existing text


  aq) ["a[aria-label=\"Makeup\"]"]
    Fix all of the following:
      Element contains <img> element with alt text that duplicates existing text


  ar) ["a[aria-label=\"Luxury\\ beauty\"]"]
    Fix all of the following:
      Element contains <img> element with alt text that duplicates existing text


  as) ["a[aria-label=\"Bath\\ \\&\\ shower\"]"]
    Fix all of the following:
      Element contains <img> element with alt text that duplicates existing text


  at) ["#b6zt-SmUeexo54CpQS5OhQ > .a-cardui-body > .a-spacing-small.grid-row-1.a-section > .quadrant-container-1.quadrant-container.a-spacing-none > .image-redirect.aok-block[aria-label=\"Hair\\ care\"]"]
    Fix all of the following:
      Element contains <img> element with alt text that duplicates existing text


  au) [".grid-row-2.a-section > .quadrant-container-0.quadrant-container.a-spacing-none > .image-redirect.aok-block[aria-label=\"Skin\\ care\"]"]
    Fix all of the following:
      Element contains <img> element with alt text that duplicates existing text


  av) ["#b6zt-SmUeexo54CpQS5OhQ > .a-cardui-body > .grid-row-2.a-section > .quadrant-container-1.quadrant-container.a-spacing-none > .image-redirect.aok-block.image-window"]
    Fix all of the following:
      Element contains <img> element with alt text that duplicates existing text


  aw) ["a[aria-label=\"CLOTHING\"]"]
    Fix all of the following:
      Element contains <img> element with alt text that duplicates existing text


  ax) [".a-spacing-small.grid-row-1.a-section > .quadrant-container-1.quadrant-container.a-spacing-none > .image-redirect.aok-block[aria-label=\"Footwear\"]"]
    Fix all of the following:
      Element contains <img> element with alt text that duplicates existing text


  ay) ["a[aria-label=\"Precious\\ jewellery\"]"]
    Fix all of the following:
      Element contains <img> element with alt text that duplicates existing text


  az) ["a[aria-label=\"Washing\\ machines\\ \\&\\ more\"]"]
    Fix all of the following:
      Element contains <img> element with alt text that duplicates existing text


  ba) ["a[aria-label=\"Kitchen\\ appliances\"]"]
    Fix all of the following:
      Element contains <img> element with alt text that duplicates existing text


  bb) ["a[aria-label=\"WFH\\ furniture\"]"]
    Fix all of the following:
      Element contains <img> element with alt text that duplicates existing text


  bc) ["a[aria-label=\"Bestselling\\ furniture\"]"]
    Fix all of the following:
      Element contains <img> element with alt text that duplicates existing text


  bd) ["a[aria-label=\"Printers\"]"]
    Fix all of the following:
      Element contains <img> element with alt text that duplicates existing text


  be) ["a[aria-label=\"Routers\\ \\&\\ hotspots\"]"]
    Fix all of the following:
      Element contains <img> element with alt text that duplicates existing text


  bf) ["a[aria-label=\"Computer\\ accessories\"]"]
    Fix all of the following:
      Element contains <img> element with alt text that duplicates existing text


  bg) ["a[aria-label=\"Stationery\\ \\&\\ office\\ supplies\"]"]
    Fix all of the following:
      Element contains <img> element with alt text that duplicates existing text


2) Form elements should have a visible label: https://dequeuniversity.com/rules/axe/3.1/label-title-only?application=axeAPI
  a) ["#searchDropdownBox"]
    Fix all of the following:
      Only title used to generate label for form element


3) Links must have discernible text: https://dequeuniversity.com/rules/axe/3.1/link-name?application=axeAPI
  a) ["a[href$=\"ref=footer_logo\"]"]
    Fix all of the following:
      Element is in tab order and does not have accessible text

    Fix any of the following:
      Element does not have text that is visible to screen readers
      aria-label attribute does not exist or is empty
      aria-labelledby attribute does not exist, references elements that do not exist or references elements that are empty
      Element's default semantics were not overridden with role="presentation"
      Element's default semantics were not overridden with role="none"


4) Page must contain a level-one heading: https://dequeuniversity.com/rules/axe/3.1/page-has-heading-one?application=axeAPI
  a) ["html"]
    Fix all of the following:
      Page must have a level-one heading


5) All page content must be contained by landmarks: https://dequeuniversity.com/rules/axe/3.1/region?application=axeAPI
  a) ["html"]
    Fix any of the following:
      Some page content is not contained by landmarks

 expected [true] but found [false]
]]></failure>
    <system-out><![CDATA[  Given user is on home page # parallel.AmazonPageSteps.user_is_on_home_page()
      java.lang.AssertionError: Found 5 accessibility violations:
1) Text of buttons and links should not be repeated in the image alternative: https://dequeuniversity.com/rules/axe/3.1/image-redundant-alt?application=axeAPI
  a) ["a[aria-label=\"Cleaning\\ essentials\"]"]
    Fix all of the following:
      Element contains <img> element with alt text that duplicates existing text


  b) ["a[aria-label=\"Immunity\\ \\&\\ healthcare\"]"]
    Fix all of the following:
      Element contains <img> element with alt text that duplicates existing text


  c) ["a[aria-label=\"Women\\'s\\ personal\\ care\"]"]
    Fix all of the following:
      Element contains <img> element with alt text that duplicates existing text


  d) ["a[aria-label=\"Men\\'s\\ grooming\"]"]
    Fix all of the following:
      Element contains <img> element with alt text that duplicates existing text


  e) ["a[aria-label=\"ACs\"]"]
    Fix all of the following:
      Element contains <img> element with alt text that duplicates existing text


  f) ["a[aria-label=\"Refrigerators\"]"]
    Fix all of the following:
      Element contains <img> element with alt text that duplicates existing text


  g) ["a[aria-label=\"Televisions\"]"]
    Fix all of the following:
      Element contains <img> element with alt text that duplicates existing text


  h) ["a[aria-label=\"Washing\\ machines\"]"]
    Fix all of the following:
      Element contains <img> element with alt text that duplicates existing text


  i) ["a[aria-label=\"Cereals\\ \\&\\ Oats\"]"]
    Fix all of the following:
      Element contains <img> element with alt text that duplicates existing text


  j) ["a[aria-label=\"Tea\\ \\&\\ Coffee\"]"]
    Fix all of the following:
      Element contains <img> element with alt text that duplicates existing text


  k) ["a[aria-label=\"Spreads\\ \\&\\ Honey\"]"]
    Fix all of the following:
      Element contains <img> element with alt text that duplicates existing text


  l) ["a[aria-label=\"Home\\ products\"]"]
    Fix all of the following:
      Element contains <img> element with alt text that duplicates existing text


  m) ["a[aria-label=\"Kitchen\\ \\&\\ dining\"]"]
    Fix all of the following:
      Element contains <img> element with alt text that duplicates existing text


  n) ["a[aria-label=\"Daily\\ essentials\"]"]
    Fix all of the following:
      Element contains <img> element with alt text that duplicates existing text


  o) ["a[aria-label=\"Clothing\\ essentials\"]"]
    Fix all of the following:
      Element contains <img> element with alt text that duplicates existing text


  p) ["a[aria-label=\"Women\\'s\\ Clothing\"]"]
    Fix all of the following:
      Element contains <img> element with alt text that duplicates existing text


  q) ["a[aria-label=\"Footwear\\+Handbags\"]"]
    Fix all of the following:
      Element contains <img> element with alt text that duplicates existing text


  r) ["a[aria-label=\"Watches\"]"]
    Fix all of the following:
      Element contains <img> element with alt text that duplicates existing text


  s) ["a[aria-label=\"Fashion\\ jewellery\"]"]
    Fix all of the following:
      Element contains <img> element with alt text that duplicates existing text


  t) ["a[aria-label=\"Window\\ ACs\\ \\|\\ Starting\\ \u20b917\\,999\"]"]
    Fix all of the following:
      Element contains <img> element with alt text that duplicates existing text


  u) ["a[aria-label=\"Split\\ ACs\\ \\|\\ Starting\\ \u20b923\\,499\"]"]
    Fix all of the following:
      Element contains <img> element with alt text that duplicates existing text


  v) ["a[href=\"/b?node=22902922031\"]"]
    Fix all of the following:
      Element contains <img> element with alt text that duplicates existing text


  w) ["a[href=\"/l/22902923031\"]"]
    Fix all of the following:
      Element contains <img> element with alt text that duplicates existing text


  x) ["a[href=\"/b?node=11599648031\"]"]
    Fix all of the following:
      Element contains <img> element with alt text that duplicates existing text


  y) ["a[aria-label=\"Tablets\"]"]
    Fix all of the following:
      Element contains <img> element with alt text that duplicates existing text


  z) ["a[aria-label=\"Laptops\"]"]
    Fix all of the following:
      Element contains <img> element with alt text that duplicates existing text


  aa) ["a[aria-label=\"Monitors\"]"]
    Fix all of the following:
      Element contains <img> element with alt text that duplicates existing text


  ab) ["a[aria-label=\"N95\\ Masks\\ \\&\\ respirators\"]"]
    Fix all of the following:
      Element contains <img> element with alt text that duplicates existing text


  ac) ["a[aria-label=\"Cloth\\ masks\"]"]
    Fix all of the following:
      Element contains <img> element with alt text that duplicates existing text


  ad) ["a[aria-label=\"Kids\\ mask\"]"]
    Fix all of the following:
      Element contains <img> element with alt text that duplicates existing text


  ae) ["a[aria-label=\"View\\ the\\ mask\\ store\"]"]
    Fix all of the following:
      Element contains <img> element with alt text that duplicates existing text


  af) ["a[aria-label=\"Cookware\"]"]
    Fix all of the following:
      Element contains <img> element with alt text that duplicates existing text


  ag) ["a[aria-label=\"Tableware\"]"]
    Fix all of the following:
      Element contains <img> element with alt text that duplicates existing text


  ah) ["a[aria-label=\"Men\\'s\\ clothing\"]"]
    Fix all of the following:
      Element contains <img> element with alt text that duplicates existing text


  ai) ["a[aria-label=\"Women\u2019s\\ clothing\"]"]
    Fix all of the following:
      Element contains <img> element with alt text that duplicates existing text


  aj) ["a[aria-label=\"Kids\\ clothing\"]"]
    Fix all of the following:
      Element contains <img> element with alt text that duplicates existing text


  ak) [".grid-row-2.a-section > .quadrant-container-1.quadrant-container.a-spacing-none > .image-redirect.aok-block[aria-label=\"Footwear\"]"]
    Fix all of the following:
      Element contains <img> element with alt text that duplicates existing text


  al) ["a[aria-label=\"Smart\\ bulb\"]"]
    Fix all of the following:
      Element contains <img> element with alt text that duplicates existing text


  am) ["a[aria-label=\"Echo\\ devices\"]"]
    Fix all of the following:
      Element contains <img> element with alt text that duplicates existing text


  an) ["a[aria-label=\"Smart\\ Plug\"]"]
    Fix all of the following:
      Element contains <img> element with alt text that duplicates existing text


  ao) ["a[href=\"/b?node=1374407031\"]"]
    Fix all of the following:
      Element contains <img> element with alt text that duplicates existing text


  ap) ["a[href=\"/b?node=1374305031\"]"]
    Fix all of the following:
      Element contains <img> element with alt text that duplicates existing text


  aq) ["a[aria-label=\"Makeup\"]"]
    Fix all of the following:
      Element contains <img> element with alt text that duplicates existing text


  ar) ["a[aria-label=\"Luxury\\ beauty\"]"]
    Fix all of the following:
      Element contains <img> element with alt text that duplicates existing text


  as) ["a[aria-label=\"Bath\\ \\&\\ shower\"]"]
    Fix all of the following:
      Element contains <img> element with alt text that duplicates existing text


  at) ["#b6zt-SmUeexo54CpQS5OhQ > .a-cardui-body > .a-spacing-small.grid-row-1.a-section > .quadrant-container-1.quadrant-container.a-spacing-none > .image-redirect.aok-block[aria-label=\"Hair\\ care\"]"]
    Fix all of the following:
      Element contains <img> element with alt text that duplicates existing text


  au) [".grid-row-2.a-section > .quadrant-container-0.quadrant-container.a-spacing-none > .image-redirect.aok-block[aria-label=\"Skin\\ care\"]"]
    Fix all of the following:
      Element contains <img> element with alt text that duplicates existing text


  av) ["#b6zt-SmUeexo54CpQS5OhQ > .a-cardui-body > .grid-row-2.a-section > .quadrant-container-1.quadrant-container.a-spacing-none > .image-redirect.aok-block.image-window"]
    Fix all of the following:
      Element contains <img> element with alt text that duplicates existing text


  aw) ["a[aria-label=\"CLOTHING\"]"]
    Fix all of the following:
      Element contains <img> element with alt text that duplicates existing text


  ax) [".a-spacing-small.grid-row-1.a-section > .quadrant-container-1.quadrant-container.a-spacing-none > .image-redirect.aok-block[aria-label=\"Footwear\"]"]
    Fix all of the following:
      Element contains <img> element with alt text that duplicates existing text


  ay) ["a[aria-label=\"Precious\\ jewellery\"]"]
    Fix all of the following:
      Element contains <img> element with alt text that duplicates existing text


  az) ["a[aria-label=\"Washing\\ machines\\ \\&\\ more\"]"]
    Fix all of the following:
      Element contains <img> element with alt text that duplicates existing text


  ba) ["a[aria-label=\"Kitchen\\ appliances\"]"]
    Fix all of the following:
      Element contains <img> element with alt text that duplicates existing text


  bb) ["a[aria-label=\"WFH\\ furniture\"]"]
    Fix all of the following:
      Element contains <img> element with alt text that duplicates existing text


  bc) ["a[aria-label=\"Bestselling\\ furniture\"]"]
    Fix all of the following:
      Element contains <img> element with alt text that duplicates existing text


  bd) ["a[aria-label=\"Printers\"]"]
    Fix all of the following:
      Element contains <img> element with alt text that duplicates existing text


  be) ["a[aria-label=\"Routers\\ \\&\\ hotspots\"]"]
    Fix all of the following:
      Element contains <img> element with alt text that duplicates existing text


  bf) ["a[aria-label=\"Computer\\ accessories\"]"]
    Fix all of the following:
      Element contains <img> element with alt text that duplicates existing text


  bg) ["a[aria-label=\"Stationery\\ \\&\\ office\\ supplies\"]"]
    Fix all of the following:
      Element contains <img> element with alt text that duplicates existing text


2) Form elements should have a visible label: https://dequeuniversity.com/rules/axe/3.1/label-title-only?application=axeAPI
  a) ["#searchDropdownBox"]
    Fix all of the following:
      Only title used to generate label for form element


3) Links must have discernible text: https://dequeuniversity.com/rules/axe/3.1/link-name?application=axeAPI
  a) ["a[href$=\"ref=footer_logo\"]"]
    Fix all of the following:
      Element is in tab order and does not have accessible text

    Fix any of the following:
      Element does not have text that is visible to screen readers
      aria-label attribute does not exist or is empty
      aria-labelledby attribute does not exist, references elements that do not exist or references elements that are empty
      Element's default semantics were not overridden with role="presentation"
      Element's default semantics were not overridden with role="none"


4) Page must contain a level-one heading: https://dequeuniversity.com/rules/axe/3.1/page-has-heading-one?application=axeAPI
  a) ["html"]
    Fix all of the following:
      Page must have a level-one heading


5) All page content must be contained by landmarks: https://dequeuniversity.com/rules/axe/3.1/region?application=axeAPI
  a) ["html"]
    Fix any of the following:
      Some page content is not contained by landmarks

 expected [true] but found [false]
	at org.testng.Assert.fail(Assert.java:96)
	at org.testng.Assert.failNotEquals(Assert.java:776)
	at org.testng.Assert.assertTrue(Assert.java:44)
	at parallel.AmazonPageSteps.user_is_on_home_page(AmazonPageSteps.java:35)
	at âœ½.user is on home page(file:///C:/Users/Raju%20Krish/git/CucumberPOMSeries/CucumberPOMSeries/src/test/resources/parallel/AmazonPage.feature:4)


    Embedding Amazon_page_title [image/png 108914 bytes]

]]></system-out>
  </testcase>
  <testcase name="runScenario" classname="parallel.ParallelRun" time="44.06"/>
  <testcase name="runScenario" classname="parallel.ParallelRun" time="45.905"/>
  <testcase name="runScenario" classname="parallel.ParallelRun" time="58.434"/>
  <testcase name="runScenario" classname="parallel.ParallelRun" time="72.803"/>
</testsuite>