<?xml version="1.0" encoding="UTF-8"?>
<testsuite xmlns:xsi="http://www.w3.org/2001/XMLSchema-instance" xsi:noNamespaceSchemaLocation="https://maven.apache.org/surefire/maven-surefire-plugin/xsd/surefire-test-report.xsd" name="parallel.ParallelRun" time="34.391" tests="4" errors="0" skipped="0" failures="1">
  <properties>
    <property name="sun.desktop" value="windows"/>
    <property name="awt.toolkit" value="sun.awt.windows.WToolkit"/>
    <property name="file.encoding.pkg" value="sun.io"/>
    <property name="java.specification.version" value="1.8"/>
    <property name="sun.cpu.isalist" value="amd64"/>
    <property name="sun.jnu.encoding" value="Cp1252"/>
    <property name="java.class.path" value="C:\Users\Raju Krish\git\CucumberPOMSeries\CucumberPOMSeries\target\test-classes;C:\Users\Raju Krish\git\CucumberPOMSeries\CucumberPOMSeries\target\classes;C:\Users\Raju Krish\.m2\repository\io\cucumber\cucumber-java\6.9.0\cucumber-java-6.9.0.jar;C:\Users\Raju Krish\.m2\repository\io\cucumber\cucumber-core\6.9.0\cucumber-core-6.9.0.jar;C:\Users\Raju Krish\.m2\repository\io\cucumber\cucumber-gherkin\6.9.0\cucumber-gherkin-6.9.0.jar;C:\Users\Raju Krish\.m2\repository\io\cucumber\cucumber-gherkin-messages\6.9.0\cucumber-gherkin-messages-6.9.0.jar;C:\Users\Raju Krish\.m2\repository\io\cucumber\messages\13.2.0\messages-13.2.0.jar;C:\Users\Raju Krish\.m2\repository\io\cucumber\tag-expressions\3.0.0\tag-expressions-3.0.0.jar;C:\Users\Raju Krish\.m2\repository\io\cucumber\cucumber-expressions\10.3.0\cucumber-expressions-10.3.0.jar;C:\Users\Raju Krish\.m2\repository\io\cucumber\datatable\3.5.0\datatable-3.5.0.jar;C:\Users\Raju Krish\.m2\repository\io\cucumber\cucumber-plugin\6.9.0\cucumber-plugin-6.9.0.jar;C:\Users\Raju Krish\.m2\repository\io\cucumber\docstring\6.9.0\docstring-6.9.0.jar;C:\Users\Raju Krish\.m2\repository\io\cucumber\html-formatter\9.0.0\html-formatter-9.0.0.jar;C:\Users\Raju Krish\.m2\repository\io\cucumber\create-meta\2.0.4\create-meta-2.0.4.jar;C:\Users\Raju Krish\.m2\repository\org\apiguardian\apiguardian-api\1.1.0\apiguardian-api-1.1.0.jar;C:\Users\Raju Krish\.m2\repository\io\cucumber\cucumber-junit\6.9.0\cucumber-junit-6.9.0.jar;C:\Users\Raju Krish\.m2\repository\junit\junit\4.13.1\junit-4.13.1.jar;C:\Users\Raju Krish\.m2\repository\org\hamcrest\hamcrest-core\1.3\hamcrest-core-1.3.jar;C:\Users\Raju Krish\.m2\repository\org\seleniumhq\selenium\selenium-java\3.141.59\selenium-java-3.141.59.jar;C:\Users\Raju Krish\.m2\repository\org\seleniumhq\selenium\selenium-api\3.141.59\selenium-api-3.141.59.jar;C:\Users\Raju Krish\.m2\repository\org\seleniumhq\selenium\selenium-chrome-driver\3.141.59\selenium-chrome-driver-3.141.59.jar;C:\Users\Raju Krish\.m2\repository\org\seleniumhq\selenium\selenium-edge-driver\3.141.59\selenium-edge-driver-3.141.59.jar;C:\Users\Raju Krish\.m2\repository\org\seleniumhq\selenium\selenium-firefox-driver\3.141.59\selenium-firefox-driver-3.141.59.jar;C:\Users\Raju Krish\.m2\repository\org\seleniumhq\selenium\selenium-ie-driver\3.141.59\selenium-ie-driver-3.141.59.jar;C:\Users\Raju Krish\.m2\repository\org\seleniumhq\selenium\selenium-opera-driver\3.141.59\selenium-opera-driver-3.141.59.jar;C:\Users\Raju Krish\.m2\repository\org\seleniumhq\selenium\selenium-remote-driver\3.141.59\selenium-remote-driver-3.141.59.jar;C:\Users\Raju Krish\.m2\repository\org\seleniumhq\selenium\selenium-safari-driver\3.141.59\selenium-safari-driver-3.141.59.jar;C:\Users\Raju Krish\.m2\repository\org\seleniumhq\selenium\selenium-support\3.141.59\selenium-support-3.141.59.jar;C:\Users\Raju Krish\.m2\repository\net\bytebuddy\byte-buddy\1.8.15\byte-buddy-1.8.15.jar;C:\Users\Raju Krish\.m2\repository\org\apache\commons\commons-exec\1.3\commons-exec-1.3.jar;C:\Users\Raju Krish\.m2\repository\com\google\guava\guava\25.0-jre\guava-25.0-jre.jar;C:\Users\Raju Krish\.m2\repository\com\google\code\findbugs\jsr305\1.3.9\jsr305-1.3.9.jar;C:\Users\Raju Krish\.m2\repository\org\checkerframework\checker-compat-qual\2.0.0\checker-compat-qual-2.0.0.jar;C:\Users\Raju Krish\.m2\repository\com\google\errorprone\error_prone_annotations\2.1.3\error_prone_annotations-2.1.3.jar;C:\Users\Raju Krish\.m2\repository\com\google\j2objc\j2objc-annotations\1.1\j2objc-annotations-1.1.jar;C:\Users\Raju Krish\.m2\repository\org\codehaus\mojo\animal-sniffer-annotations\1.14\animal-sniffer-annotations-1.14.jar;C:\Users\Raju Krish\.m2\repository\com\squareup\okhttp3\okhttp\3.11.0\okhttp-3.11.0.jar;C:\Users\Raju Krish\.m2\repository\com\squareup\okio\okio\1.14.0\okio-1.14.0.jar;C:\Users\Raju Krish\.m2\repository\io\github\bonigarcia\webdrivermanager\4.2.2\webdrivermanager-4.2.2.jar;C:\Users\Raju Krish\.m2\repository\org\slf4j\slf4j-api\1.7.30\slf4j-api-1.7.30.jar;C:\Users\Raju Krish\.m2\repository\commons-io\commons-io\2.8.0\commons-io-2.8.0.jar;C:\Users\Raju Krish\.m2\repository\com\google\code\gson\gson\2.8.6\gson-2.8.6.jar;C:\Users\Raju Krish\.m2\repository\org\apache\commons\commons-lang3\3.11\commons-lang3-3.11.jar;C:\Users\Raju Krish\.m2\repository\org\apache\httpcomponents\client5\httpclient5\5.0.1\httpclient5-5.0.1.jar;C:\Users\Raju Krish\.m2\repository\org\apache\httpcomponents\core5\httpcore5\5.0.1\httpcore5-5.0.1.jar;C:\Users\Raju Krish\.m2\repository\org\apache\httpcomponents\core5\httpcore5-h2\5.0.1\httpcore5-h2-5.0.1.jar;C:\Users\Raju Krish\.m2\repository\org\rauschig\jarchivelib\1.1.0\jarchivelib-1.1.0.jar;C:\Users\Raju Krish\.m2\repository\org\jsoup\jsoup\1.13.1\jsoup-1.13.1.jar;C:\Users\Raju Krish\.m2\repository\tech\grasshopper\extentreports-cucumber6-adapter\2.6.0\extentreports-cucumber6-adapter-2.6.0.jar;C:\Users\Raju Krish\.m2\repository\tech\grasshopper\extent-pdf-report\1.5.0\extent-pdf-report-1.5.0.jar;C:\Users\Raju Krish\.m2\repository\tech\grasshopper\cucumber-pdf-report\1.7.0\cucumber-pdf-report-1.7.0.jar;C:\Users\Raju Krish\.m2\repository\org\apache\pdfbox\pdfbox\2.0.21\pdfbox-2.0.21.jar;C:\Users\Raju Krish\.m2\repository\org\apache\pdfbox\fontbox\2.0.21\fontbox-2.0.21.jar;C:\Users\Raju Krish\.m2\repository\org\knowm\xchart\xchart\3.6.5\xchart-3.6.5.jar;C:\Users\Raju Krish\.m2\repository\de\erichseifert\vectorgraphics2d\VectorGraphics2D\0.13\VectorGraphics2D-0.13.jar;C:\Users\Raju Krish\.m2\repository\de\rototor\pdfbox\graphics2d\0.27\graphics2d-0.27.jar;C:\Users\Raju Krish\.m2\repository\com\madgag\animated-gif-lib\1.4\animated-gif-lib-1.4.jar;C:\Users\Raju Krish\.m2\repository\com\github\vandeseer\easytable\0.7.1\easytable-0.7.1.jar;C:\Users\Raju Krish\.m2\repository\com\github\ralfstuckert\pdfbox-layout\pdfbox2-layout\1.0.0\pdfbox2-layout-1.0.0.jar;C:\Users\Raju Krish\.m2\repository\org\yaml\snakeyaml\1.27\snakeyaml-1.27.jar;C:\Users\Raju Krish\.m2\repository\com\aventstack\klov-reporter\5.0.5\klov-reporter-5.0.5.jar;C:\Users\Raju Krish\.m2\repository\org\mongodb\bson\3.6.4\bson-3.6.4.jar;C:\Users\Raju Krish\.m2\repository\org\apache\httpcomponents\httpclient\4.5.2\httpclient-4.5.2.jar;C:\Users\Raju Krish\.m2\repository\org\apache\httpcomponents\httpcore\4.4.4\httpcore-4.4.4.jar;C:\Users\Raju Krish\.m2\repository\commons-logging\commons-logging\1.2\commons-logging-1.2.jar;C:\Users\Raju Krish\.m2\repository\org\apache\httpcomponents\httpmime\4.5.2\httpmime-4.5.2.jar;C:\Users\Raju Krish\.m2\repository\org\mongodb\mongodb-driver\3.3.0\mongodb-driver-3.3.0.jar;C:\Users\Raju Krish\.m2\repository\org\mongodb\mongodb-driver-core\3.3.0\mongodb-driver-core-3.3.0.jar;C:\Users\Raju Krish\.m2\repository\org\testng\testng\6.14.3\testng-6.14.3.jar;C:\Users\Raju Krish\.m2\repository\com\beust\jcommander\1.72\jcommander-1.72.jar;C:\Users\Raju Krish\.m2\repository\org\apache-extras\beanshell\bsh\2.0b6\bsh-2.0b6.jar;C:\Users\Raju Krish\.m2\repository\io\cucumber\cucumber-testng\6.9.0\cucumber-testng-6.9.0.jar;C:\Users\Raju Krish\.m2\repository\org\apache\poi\poi\4.1.2\poi-4.1.2.jar;C:\Users\Raju Krish\.m2\repository\commons-codec\commons-codec\1.13\commons-codec-1.13.jar;C:\Users\Raju Krish\.m2\repository\org\apache\commons\commons-collections4\4.4\commons-collections4-4.4.jar;C:\Users\Raju Krish\.m2\repository\org\apache\commons\commons-math3\3.6.1\commons-math3-3.6.1.jar;C:\Users\Raju Krish\.m2\repository\com\zaxxer\SparseBitSet\1.2\SparseBitSet-1.2.jar;C:\Users\Raju Krish\.m2\repository\org\apache\poi\poi-ooxml\4.1.2\poi-ooxml-4.1.2.jar;C:\Users\Raju Krish\.m2\repository\org\apache\poi\poi-ooxml-schemas\4.1.2\poi-ooxml-schemas-4.1.2.jar;C:\Users\Raju Krish\.m2\repository\org\apache\xmlbeans\xmlbeans\3.1.0\xmlbeans-3.1.0.jar;C:\Users\Raju Krish\.m2\repository\org\apache\commons\commons-compress\1.19\commons-compress-1.19.jar;C:\Users\Raju Krish\.m2\repository\com\github\virtuald\curvesapi\1.06\curvesapi-1.06.jar;C:\Users\Raju Krish\.m2\repository\com\aventstack\extentreports\5.0.7\extentreports-5.0.7.jar;C:\Users\Raju Krish\.m2\repository\io\reactivex\rxjava3\rxjava\3.0.4\rxjava-3.0.4.jar;C:\Users\Raju Krish\.m2\repository\org\reactivestreams\reactive-streams\1.0.3\reactive-streams-1.0.3.jar;C:\Users\Raju Krish\.m2\repository\org\freemarker\freemarker\2.3.30\freemarker-2.3.30.jar;C:\Users\Raju Krish\.m2\repository\org\projectlombok\lombok\1.18.12\lombok-1.18.12.jar;C:\Users\Raju Krish\.m2\repository\com\deque\axe-selenium\3.0\axe-selenium-3.0.jar;C:\Users\Raju Krish\.m2\repository\org\json\json\20160212\json-20160212.jar;"/>
    <property name="java.vm.vendor" value="Oracle Corporation"/>
    <property name="sun.arch.data.model" value="64"/>
    <property name="user.variant" value=""/>
    <property name="java.vendor.url" value="http://java.oracle.com/"/>
    <property name="user.timezone" value="Asia/Calcutta"/>
    <property name="java.vm.specification.version" value="1.8"/>
    <property name="os.name" value="Windows 10"/>
    <property name="user.country" value="IN"/>
    <property name="sun.java.launcher" value="SUN_STANDARD"/>
    <property name="sun.boot.library.path" value="C:\Program Files\Java\jdk1.8.0_271\jre\bin"/>
    <property name="sun.java.command" value="C:\Users\RAJUKR~1\AppData\Local\Temp\surefire4565674337746384628\surefirebooter3327605410036768008.jar C:\Users\Raju Krish\AppData\Local\Temp\surefire4565674337746384628 2021-04-29T17-34-01_981-jvmRun1 surefire1106926576509518305tmp surefire_02436840890400995256tmp"/>
    <property name="surefire.test.class.path" value="C:\Users\Raju Krish\git\CucumberPOMSeries\CucumberPOMSeries\target\test-classes;C:\Users\Raju Krish\git\CucumberPOMSeries\CucumberPOMSeries\target\classes;C:\Users\Raju Krish\.m2\repository\io\cucumber\cucumber-java\6.9.0\cucumber-java-6.9.0.jar;C:\Users\Raju Krish\.m2\repository\io\cucumber\cucumber-core\6.9.0\cucumber-core-6.9.0.jar;C:\Users\Raju Krish\.m2\repository\io\cucumber\cucumber-gherkin\6.9.0\cucumber-gherkin-6.9.0.jar;C:\Users\Raju Krish\.m2\repository\io\cucumber\cucumber-gherkin-messages\6.9.0\cucumber-gherkin-messages-6.9.0.jar;C:\Users\Raju Krish\.m2\repository\io\cucumber\messages\13.2.0\messages-13.2.0.jar;C:\Users\Raju Krish\.m2\repository\io\cucumber\tag-expressions\3.0.0\tag-expressions-3.0.0.jar;C:\Users\Raju Krish\.m2\repository\io\cucumber\cucumber-expressions\10.3.0\cucumber-expressions-10.3.0.jar;C:\Users\Raju Krish\.m2\repository\io\cucumber\datatable\3.5.0\datatable-3.5.0.jar;C:\Users\Raju Krish\.m2\repository\io\cucumber\cucumber-plugin\6.9.0\cucumber-plugin-6.9.0.jar;C:\Users\Raju Krish\.m2\repository\io\cucumber\docstring\6.9.0\docstring-6.9.0.jar;C:\Users\Raju Krish\.m2\repository\io\cucumber\html-formatter\9.0.0\html-formatter-9.0.0.jar;C:\Users\Raju Krish\.m2\repository\io\cucumber\create-meta\2.0.4\create-meta-2.0.4.jar;C:\Users\Raju Krish\.m2\repository\org\apiguardian\apiguardian-api\1.1.0\apiguardian-api-1.1.0.jar;C:\Users\Raju Krish\.m2\repository\io\cucumber\cucumber-junit\6.9.0\cucumber-junit-6.9.0.jar;C:\Users\Raju Krish\.m2\repository\junit\junit\4.13.1\junit-4.13.1.jar;C:\Users\Raju Krish\.m2\repository\org\hamcrest\hamcrest-core\1.3\hamcrest-core-1.3.jar;C:\Users\Raju Krish\.m2\repository\org\seleniumhq\selenium\selenium-java\3.141.59\selenium-java-3.141.59.jar;C:\Users\Raju Krish\.m2\repository\org\seleniumhq\selenium\selenium-api\3.141.59\selenium-api-3.141.59.jar;C:\Users\Raju Krish\.m2\repository\org\seleniumhq\selenium\selenium-chrome-driver\3.141.59\selenium-chrome-driver-3.141.59.jar;C:\Users\Raju Krish\.m2\repository\org\seleniumhq\selenium\selenium-edge-driver\3.141.59\selenium-edge-driver-3.141.59.jar;C:\Users\Raju Krish\.m2\repository\org\seleniumhq\selenium\selenium-firefox-driver\3.141.59\selenium-firefox-driver-3.141.59.jar;C:\Users\Raju Krish\.m2\repository\org\seleniumhq\selenium\selenium-ie-driver\3.141.59\selenium-ie-driver-3.141.59.jar;C:\Users\Raju Krish\.m2\repository\org\seleniumhq\selenium\selenium-opera-driver\3.141.59\selenium-opera-driver-3.141.59.jar;C:\Users\Raju Krish\.m2\repository\org\seleniumhq\selenium\selenium-remote-driver\3.141.59\selenium-remote-driver-3.141.59.jar;C:\Users\Raju Krish\.m2\repository\org\seleniumhq\selenium\selenium-safari-driver\3.141.59\selenium-safari-driver-3.141.59.jar;C:\Users\Raju Krish\.m2\repository\org\seleniumhq\selenium\selenium-support\3.141.59\selenium-support-3.141.59.jar;C:\Users\Raju Krish\.m2\repository\net\bytebuddy\byte-buddy\1.8.15\byte-buddy-1.8.15.jar;C:\Users\Raju Krish\.m2\repository\org\apache\commons\commons-exec\1.3\commons-exec-1.3.jar;C:\Users\Raju Krish\.m2\repository\com\google\guava\guava\25.0-jre\guava-25.0-jre.jar;C:\Users\Raju Krish\.m2\repository\com\google\code\findbugs\jsr305\1.3.9\jsr305-1.3.9.jar;C:\Users\Raju Krish\.m2\repository\org\checkerframework\checker-compat-qual\2.0.0\checker-compat-qual-2.0.0.jar;C:\Users\Raju Krish\.m2\repository\com\google\errorprone\error_prone_annotations\2.1.3\error_prone_annotations-2.1.3.jar;C:\Users\Raju Krish\.m2\repository\com\google\j2objc\j2objc-annotations\1.1\j2objc-annotations-1.1.jar;C:\Users\Raju Krish\.m2\repository\org\codehaus\mojo\animal-sniffer-annotations\1.14\animal-sniffer-annotations-1.14.jar;C:\Users\Raju Krish\.m2\repository\com\squareup\okhttp3\okhttp\3.11.0\okhttp-3.11.0.jar;C:\Users\Raju Krish\.m2\repository\com\squareup\okio\okio\1.14.0\okio-1.14.0.jar;C:\Users\Raju Krish\.m2\repository\io\github\bonigarcia\webdrivermanager\4.2.2\webdrivermanager-4.2.2.jar;C:\Users\Raju Krish\.m2\repository\org\slf4j\slf4j-api\1.7.30\slf4j-api-1.7.30.jar;C:\Users\Raju Krish\.m2\repository\commons-io\commons-io\2.8.0\commons-io-2.8.0.jar;C:\Users\Raju Krish\.m2\repository\com\google\code\gson\gson\2.8.6\gson-2.8.6.jar;C:\Users\Raju Krish\.m2\repository\org\apache\commons\commons-lang3\3.11\commons-lang3-3.11.jar;C:\Users\Raju Krish\.m2\repository\org\apache\httpcomponents\client5\httpclient5\5.0.1\httpclient5-5.0.1.jar;C:\Users\Raju Krish\.m2\repository\org\apache\httpcomponents\core5\httpcore5\5.0.1\httpcore5-5.0.1.jar;C:\Users\Raju Krish\.m2\repository\org\apache\httpcomponents\core5\httpcore5-h2\5.0.1\httpcore5-h2-5.0.1.jar;C:\Users\Raju Krish\.m2\repository\org\rauschig\jarchivelib\1.1.0\jarchivelib-1.1.0.jar;C:\Users\Raju Krish\.m2\repository\org\jsoup\jsoup\1.13.1\jsoup-1.13.1.jar;C:\Users\Raju Krish\.m2\repository\tech\grasshopper\extentreports-cucumber6-adapter\2.6.0\extentreports-cucumber6-adapter-2.6.0.jar;C:\Users\Raju Krish\.m2\repository\tech\grasshopper\extent-pdf-report\1.5.0\extent-pdf-report-1.5.0.jar;C:\Users\Raju Krish\.m2\repository\tech\grasshopper\cucumber-pdf-report\1.7.0\cucumber-pdf-report-1.7.0.jar;C:\Users\Raju Krish\.m2\repository\org\apache\pdfbox\pdfbox\2.0.21\pdfbox-2.0.21.jar;C:\Users\Raju Krish\.m2\repository\org\apache\pdfbox\fontbox\2.0.21\fontbox-2.0.21.jar;C:\Users\Raju Krish\.m2\repository\org\knowm\xchart\xchart\3.6.5\xchart-3.6.5.jar;C:\Users\Raju Krish\.m2\repository\de\erichseifert\vectorgraphics2d\VectorGraphics2D\0.13\VectorGraphics2D-0.13.jar;C:\Users\Raju Krish\.m2\repository\de\rototor\pdfbox\graphics2d\0.27\graphics2d-0.27.jar;C:\Users\Raju Krish\.m2\repository\com\madgag\animated-gif-lib\1.4\animated-gif-lib-1.4.jar;C:\Users\Raju Krish\.m2\repository\com\github\vandeseer\easytable\0.7.1\easytable-0.7.1.jar;C:\Users\Raju Krish\.m2\repository\com\github\ralfstuckert\pdfbox-layout\pdfbox2-layout\1.0.0\pdfbox2-layout-1.0.0.jar;C:\Users\Raju Krish\.m2\repository\org\yaml\snakeyaml\1.27\snakeyaml-1.27.jar;C:\Users\Raju Krish\.m2\repository\com\aventstack\klov-reporter\5.0.5\klov-reporter-5.0.5.jar;C:\Users\Raju Krish\.m2\repository\org\mongodb\bson\3.6.4\bson-3.6.4.jar;C:\Users\Raju Krish\.m2\repository\org\apache\httpcomponents\httpclient\4.5.2\httpclient-4.5.2.jar;C:\Users\Raju Krish\.m2\repository\org\apache\httpcomponents\httpcore\4.4.4\httpcore-4.4.4.jar;C:\Users\Raju Krish\.m2\repository\commons-logging\commons-logging\1.2\commons-logging-1.2.jar;C:\Users\Raju Krish\.m2\repository\org\apache\httpcomponents\httpmime\4.5.2\httpmime-4.5.2.jar;C:\Users\Raju Krish\.m2\repository\org\mongodb\mongodb-driver\3.3.0\mongodb-driver-3.3.0.jar;C:\Users\Raju Krish\.m2\repository\org\mongodb\mongodb-driver-core\3.3.0\mongodb-driver-core-3.3.0.jar;C:\Users\Raju Krish\.m2\repository\org\testng\testng\6.14.3\testng-6.14.3.jar;C:\Users\Raju Krish\.m2\repository\com\beust\jcommander\1.72\jcommander-1.72.jar;C:\Users\Raju Krish\.m2\repository\org\apache-extras\beanshell\bsh\2.0b6\bsh-2.0b6.jar;C:\Users\Raju Krish\.m2\repository\io\cucumber\cucumber-testng\6.9.0\cucumber-testng-6.9.0.jar;C:\Users\Raju Krish\.m2\repository\org\apache\poi\poi\4.1.2\poi-4.1.2.jar;C:\Users\Raju Krish\.m2\repository\commons-codec\commons-codec\1.13\commons-codec-1.13.jar;C:\Users\Raju Krish\.m2\repository\org\apache\commons\commons-collections4\4.4\commons-collections4-4.4.jar;C:\Users\Raju Krish\.m2\repository\org\apache\commons\commons-math3\3.6.1\commons-math3-3.6.1.jar;C:\Users\Raju Krish\.m2\repository\com\zaxxer\SparseBitSet\1.2\SparseBitSet-1.2.jar;C:\Users\Raju Krish\.m2\repository\org\apache\poi\poi-ooxml\4.1.2\poi-ooxml-4.1.2.jar;C:\Users\Raju Krish\.m2\repository\org\apache\poi\poi-ooxml-schemas\4.1.2\poi-ooxml-schemas-4.1.2.jar;C:\Users\Raju Krish\.m2\repository\org\apache\xmlbeans\xmlbeans\3.1.0\xmlbeans-3.1.0.jar;C:\Users\Raju Krish\.m2\repository\org\apache\commons\commons-compress\1.19\commons-compress-1.19.jar;C:\Users\Raju Krish\.m2\repository\com\github\virtuald\curvesapi\1.06\curvesapi-1.06.jar;C:\Users\Raju Krish\.m2\repository\com\aventstack\extentreports\5.0.7\extentreports-5.0.7.jar;C:\Users\Raju Krish\.m2\repository\io\reactivex\rxjava3\rxjava\3.0.4\rxjava-3.0.4.jar;C:\Users\Raju Krish\.m2\repository\org\reactivestreams\reactive-streams\1.0.3\reactive-streams-1.0.3.jar;C:\Users\Raju Krish\.m2\repository\org\freemarker\freemarker\2.3.30\freemarker-2.3.30.jar;C:\Users\Raju Krish\.m2\repository\org\projectlombok\lombok\1.18.12\lombok-1.18.12.jar;C:\Users\Raju Krish\.m2\repository\com\deque\axe-selenium\3.0\axe-selenium-3.0.jar;C:\Users\Raju Krish\.m2\repository\org\json\json\20160212\json-20160212.jar;"/>
    <property name="sun.cpu.endian" value="little"/>
    <property name="user.home" value="C:\Users\Raju Krish"/>
    <property name="user.language" value="en"/>
    <property name="java.specification.vendor" value="Oracle Corporation"/>
    <property name="java.home" value="C:\Program Files\Java\jdk1.8.0_271\jre"/>
    <property name="basedir" value="C:\Users\Raju Krish\git\CucumberPOMSeries\CucumberPOMSeries"/>
    <property name="file.separator" value="\"/>
    <property name="line.separator" value="&#10;"/>
    <property name="java.vm.specification.vendor" value="Oracle Corporation"/>
    <property name="java.specification.name" value="Java Platform API Specification"/>
    <property name="java.awt.graphicsenv" value="sun.awt.Win32GraphicsEnvironment"/>
    <property name="surefire.real.class.path" value="C:\Users\RAJUKR~1\AppData\Local\Temp\surefire4565674337746384628\surefirebooter3327605410036768008.jar"/>
    <property name="sun.boot.class.path" value="C:\Program Files\Java\jdk1.8.0_271\jre\lib\resources.jar;C:\Program Files\Java\jdk1.8.0_271\jre\lib\rt.jar;C:\Program Files\Java\jdk1.8.0_271\jre\lib\sunrsasign.jar;C:\Program Files\Java\jdk1.8.0_271\jre\lib\jsse.jar;C:\Program Files\Java\jdk1.8.0_271\jre\lib\jce.jar;C:\Program Files\Java\jdk1.8.0_271\jre\lib\charsets.jar;C:\Program Files\Java\jdk1.8.0_271\jre\lib\jfr.jar;C:\Program Files\Java\jdk1.8.0_271\jre\classes"/>
    <property name="user.script" value=""/>
    <property name="sun.management.compiler" value="HotSpot 64-Bit Tiered Compilers"/>
    <property name="java.runtime.version" value="1.8.0_271-b09"/>
    <property name="user.name" value="Raju Krish"/>
    <property name="path.separator" value=";"/>
    <property name="os.version" value="10.0"/>
    <property name="java.endorsed.dirs" value="C:\Program Files\Java\jdk1.8.0_271\jre\lib\endorsed"/>
    <property name="java.runtime.name" value="Java(TM) SE Runtime Environment"/>
    <property name="file.encoding" value="Cp1252"/>
    <property name="java.vm.name" value="Java HotSpot(TM) 64-Bit Server VM"/>
    <property name="localRepository" value="C:\Users\Raju Krish\.m2\repository"/>
    <property name="java.vendor.url.bug" value="http://bugreport.sun.com/bugreport/"/>
    <property name="java.io.tmpdir" value="C:\Users\RAJUKR~1\AppData\Local\Temp\"/>
    <property name="java.version" value="1.8.0_271"/>
    <property name="user.dir" value="C:\Users\Raju Krish\git\CucumberPOMSeries\CucumberPOMSeries"/>
    <property name="os.arch" value="amd64"/>
    <property name="java.vm.specification.name" value="Java Virtual Machine Specification"/>
    <property name="java.awt.printerjob" value="sun.awt.windows.WPrinterJob"/>
    <property name="sun.os.patch.level" value=""/>
    <property name="java.library.path" value="C:\Program Files\Java\jdk1.8.0_271\jre\bin;C:\WINDOWS\Sun\Java\bin;C:\WINDOWS\system32;C:\WINDOWS;C:\Python27\;C:\Python27\Scripts;C:\Program Files (x86)\Common Files\Oracle\Java\javapath;C:\Program Files (x86)\Common Files\Intel\Shared Libraries\redist\intel64\compiler;C:\ProgramData\DockerDesktop\version-bin;C:\Program Files\Docker\Docker\Resources\bin;C:\Windows\system32;C:\Windows;C:\Windows\System32\Wbem;C:\Windows\System32\WindowsPowerShell\v1.0\;C:\Program Files\Java\jdk1.8.0_191\bin;C:\Users\Raju Krish\AppData\Local\Android\Sdk\tools\bin;C:\Users\Raju Krish\AppData\Local\Android\Sdk\tools;C:\Users\Raju Krish\AppData\Local\Android\Sdk\platform-tools;C:\Users\Raju Krish\AppData\Local\Microsoft\WindowsApps;C:\Users\Raju Krish\AppData\Roaming\npm;C:\adb;C:\Apache24\bin;C:\php;C:\WINDOWS\system32;C:\WINDOWS;C:\WINDOWS\System32\Wbem;C:\WINDOWS\System32\WindowsPowerShell\v1.0\;C:\WINDOWS\System32\OpenSSH\;C:\Program Files\Microsoft SQL Server\Client SDK\ODBC\110\Tools\Binn\;C:\Program Files (x86)\Microsoft SQL Server\120\Tools\Binn\ManagementStudio\;C:\Program Files (x86)\Microsoft SQL Server\120\Tools\Binn\;C:\Program Files\Microsoft SQL Server\120\Tools\Binn\;C:\Program Files (x86)\Microsoft SQL Server\120\DTS\Binn\;C:\Program Files\Microsoft SQL Server\120\DTS\Binn\;C:\ProgramData\chocolatey\bin;C:\Program Files\Git\cmd;C:\Program Files\Java\jdk1.8.0_271\bin;C:\ProgramData\chocolatey\lib\maven\apache-maven-3.6.3\bin;C:\ProgramData\chocolatey\lib\maven\apache-maven-3.6.3\bin;C:\Program Files (x86)\Calibre2\;C:\Program Files (x86)\NVIDIA Corporation\PhysX\Common;C:\Program Files\NVIDIA Corporation\NVIDIA NvDLISR;C:\Program Files\apache-maven-3.6.3;C:\Program Files\nodejs\;C:\Selenium\allure-2.13.9\allure-2.13.9\bin;E:\VSC\allure-2.13.9\bin;C:\Users\Raju Krish\AppData\Local\Programs\Python\Python37-32\Scripts\;C:\Users\Raju Krish\AppData\Local\Programs\Python\Python37-32\;C:\Users\Raju Krish\AppData\Local\Programs\Microsoft VS Code\bin;C:\Program Files\JetBrains\PyCharm Community Edition 2018.3.4\bin;C:\Program Files\Tesseract-OCR;C:\Program Files\Tesseract-OCR\tessdata;C:\Program Files\JetBrains\IntelliJ IDEA Community Edition 2020.3.2\bin;C:\Users\Raju Krish\AppData\Local\GitHubDesktop\bin;."/>
    <property name="java.vm.info" value="mixed mode"/>
    <property name="java.vendor" value="Oracle Corporation"/>
    <property name="java.vm.version" value="25.271-b09"/>
    <property name="java.ext.dirs" value="C:\Program Files\Java\jdk1.8.0_271\jre\lib\ext;C:\WINDOWS\Sun\Java\lib\ext"/>
    <property name="sun.io.unicode.encoding" value="UnicodeLittle"/>
    <property name="java.class.version" value="52.0"/>
  </properties>
  <testcase name="runScenario" classname="parallel.ParallelRun" time="20.773">
    <failure message="Found 6 accessibility violations:&#10;1) ARIA role must be appropriate for the element: https://dequeuniversity.com/rules/axe/3.1/aria-allowed-role?application=axeAPI&#10;  a) [&quot;img[width=\&quot;\\31 00\&quot;]&quot;]&#10;    Fix any of the following:&#10;      role presentation  is not allowed for given element&#10;&#10;&#10;2) Text of buttons and links should not be repeated in the image alternative: https://dequeuniversity.com/rules/axe/3.1/image-redundant-alt?application=axeAPI&#10;  a) [&quot;a[aria-label=\&quot;ACs\&quot;]&quot;]&#10;    Fix all of the following:&#10;      Element contains &lt;img&gt; element with alt text that duplicates existing text&#10;&#10;&#10;  b) [&quot;a[aria-label=\&quot;Refrigerators\&quot;]&quot;]&#10;    Fix all of the following:&#10;      Element contains &lt;img&gt; element with alt text that duplicates existing text&#10;&#10;&#10;  c) [&quot;a[aria-label=\&quot;Televisions\&quot;]&quot;]&#10;    Fix all of the following:&#10;      Element contains &lt;img&gt; element with alt text that duplicates existing text&#10;&#10;&#10;  d) [&quot;a[aria-label=\&quot;Washing\\ machines\&quot;]&quot;]&#10;    Fix all of the following:&#10;      Element contains &lt;img&gt; element with alt text that duplicates existing text&#10;&#10;&#10;  e) [&quot;a[aria-label=\&quot;Cleaning\\ essentials\&quot;]&quot;]&#10;    Fix all of the following:&#10;      Element contains &lt;img&gt; element with alt text that duplicates existing text&#10;&#10;&#10;  f) [&quot;a[aria-label=\&quot;Immunity\\ \\&amp;\\ healthcare\&quot;]&quot;]&#10;    Fix all of the following:&#10;      Element contains &lt;img&gt; element with alt text that duplicates existing text&#10;&#10;&#10;  g) [&quot;a[aria-label=\&quot;Women\\&apos;s\\ personal\\ care\&quot;]&quot;]&#10;    Fix all of the following:&#10;      Element contains &lt;img&gt; element with alt text that duplicates existing text&#10;&#10;&#10;  h) [&quot;a[aria-label=\&quot;Men\\&apos;s\\ grooming\&quot;]&quot;]&#10;    Fix all of the following:&#10;      Element contains &lt;img&gt; element with alt text that duplicates existing text&#10;&#10;&#10;  i) [&quot;a[aria-label=\&quot;Home\\ products\&quot;]&quot;]&#10;    Fix all of the following:&#10;      Element contains &lt;img&gt; element with alt text that duplicates existing text&#10;&#10;&#10;  j) [&quot;a[aria-label=\&quot;Kitchen\\ \\&amp;\\ dining\&quot;]&quot;]&#10;    Fix all of the following:&#10;      Element contains &lt;img&gt; element with alt text that duplicates existing text&#10;&#10;&#10;  k) [&quot;a[aria-label=\&quot;Daily\\ essentials\&quot;]&quot;]&#10;    Fix all of the following:&#10;      Element contains &lt;img&gt; element with alt text that duplicates existing text&#10;&#10;&#10;  l) [&quot;a[aria-label=\&quot;Clothing\\ essentials\&quot;]&quot;]&#10;    Fix all of the following:&#10;      Element contains &lt;img&gt; element with alt text that duplicates existing text&#10;&#10;&#10;  m) [&quot;a[aria-label=\&quot;Measuring\\ instruments\&quot;]&quot;]&#10;    Fix all of the following:&#10;      Element contains &lt;img&gt; element with alt text that duplicates existing text&#10;&#10;&#10;  n) [&quot;a[aria-label=\&quot;Medical\\ supplies\&quot;]&quot;]&#10;    Fix all of the following:&#10;      Element contains &lt;img&gt; element with alt text that duplicates existing text&#10;&#10;&#10;  o) [&quot;a[aria-label=\&quot;Women\\&apos;s\\ Clothing\&quot;]&quot;]&#10;    Fix all of the following:&#10;      Element contains &lt;img&gt; element with alt text that duplicates existing text&#10;&#10;&#10;  p) [&quot;a[aria-label=\&quot;Footwear\\+Handbags\&quot;]&quot;]&#10;    Fix all of the following:&#10;      Element contains &lt;img&gt; element with alt text that duplicates existing text&#10;&#10;&#10;  q) [&quot;#\\35 _oykn5nJjdVWXRCersM7g &gt; .a-cardui-body &gt; .grid-row-2.a-section &gt; .quadrant-container-0.quadrant-container.a-spacing-none &gt; .image-redirect.aok-block[aria-label=\&quot;Watches\&quot;]&quot;]&#10;    Fix all of the following:&#10;      Element contains &lt;img&gt; element with alt text that duplicates existing text&#10;&#10;&#10;  r) [&quot;a[aria-label=\&quot;Fashion\\ jewellery\&quot;]&quot;]&#10;    Fix all of the following:&#10;      Element contains &lt;img&gt; element with alt text that duplicates existing text&#10;&#10;&#10;  s) [&quot;a[aria-label=\&quot;Clothing\&quot;]&quot;]&#10;    Fix all of the following:&#10;      Element contains &lt;img&gt; element with alt text that duplicates existing text&#10;&#10;&#10;  t) [&quot;a[href=\&quot;/b?node=1983518031\&quot;]&quot;]&#10;    Fix all of the following:&#10;      Element contains &lt;img&gt; element with alt text that duplicates existing text&#10;&#10;&#10;  u) [&quot;a[href=\&quot;/b?node=2563504031\&quot;]&quot;]&#10;    Fix all of the following:&#10;      Element contains &lt;img&gt; element with alt text that duplicates existing text&#10;&#10;&#10;  v) [&quot;a[aria-label=\&quot;BAGS\\ \\&amp;\\ LUGGAGE\&quot;]&quot;]&#10;    Fix all of the following:&#10;      Element contains &lt;img&gt; element with alt text that duplicates existing text&#10;&#10;&#10;  w) [&quot;a[aria-label=\&quot;N95\\ Masks\\ \\&amp;\\ respirators\&quot;]&quot;]&#10;    Fix all of the following:&#10;      Element contains &lt;img&gt; element with alt text that duplicates existing text&#10;&#10;&#10;  x) [&quot;a[aria-label=\&quot;Cloth\\ masks\&quot;]&quot;]&#10;    Fix all of the following:&#10;      Element contains &lt;img&gt; element with alt text that duplicates existing text&#10;&#10;&#10;  y) [&quot;a[aria-label=\&quot;Face\\ coverings\&quot;]&quot;]&#10;    Fix all of the following:&#10;      Element contains &lt;img&gt; element with alt text that duplicates existing text&#10;&#10;&#10;  z) [&quot;a[aria-label=\&quot;View\\ the\\ mask\\ store\&quot;]&quot;]&#10;    Fix all of the following:&#10;      Element contains &lt;img&gt; element with alt text that duplicates existing text&#10;&#10;&#10;  aa) [&quot;a[aria-label=\&quot;Fruits\\ \\&amp;\\ vegetables\&quot;]&quot;]&#10;    Fix all of the following:&#10;      Element contains &lt;img&gt; element with alt text that duplicates existing text&#10;&#10;&#10;  ab) [&quot;#OOoTkZY2iD9RKPGqlHOi3Q &gt; .a-cardui-body &gt; .a-spacing-small.grid-row-1.a-section &gt; .quadrant-container-1.quadrant-container.a-spacing-none &gt; .image-redirect.aok-block.image-window&quot;]&#10;    Fix all of the following:&#10;      Element contains &lt;img&gt; element with alt text that duplicates existing text&#10;&#10;&#10;  ac) [&quot;#OOoTkZY2iD9RKPGqlHOi3Q &gt; .a-cardui-body &gt; .grid-row-2.a-section &gt; .quadrant-container-0.quadrant-container.a-spacing-none &gt; .image-redirect.aok-block.image-window&quot;]&#10;    Fix all of the following:&#10;      Element contains &lt;img&gt; element with alt text that duplicates existing text&#10;&#10;&#10;  ad) [&quot;#OOoTkZY2iD9RKPGqlHOi3Q &gt; .a-cardui-body &gt; .grid-row-2.a-section &gt; .quadrant-container-1.quadrant-container.a-spacing-none &gt; .image-redirect.aok-block.image-window&quot;]&#10;    Fix all of the following:&#10;      Element contains &lt;img&gt; element with alt text that duplicates existing text&#10;&#10;&#10;  ae) [&quot;a[aria-label=\&quot;Juices\&quot;]&quot;]&#10;    Fix all of the following:&#10;      Element contains &lt;img&gt; element with alt text that duplicates existing text&#10;&#10;&#10;  af) [&quot;a[aria-label=\&quot;Cold\\ drinks\&quot;]&quot;]&#10;    Fix all of the following:&#10;      Element contains &lt;img&gt; element with alt text that duplicates existing text&#10;&#10;&#10;  ag) [&quot;a[aria-label=\&quot;Tea\\ \\&amp;\\ coffee\&quot;]&quot;]&#10;    Fix all of the following:&#10;      Element contains &lt;img&gt; element with alt text that duplicates existing text&#10;&#10;&#10;  ah) [&quot;#duSoDAeXGfqmUYN4aDDq3g &gt; .a-cardui-body &gt; .grid-row-2.a-section &gt; .quadrant-container-1.quadrant-container.a-spacing-none &gt; .image-redirect.aok-block.image-window&quot;]&#10;    Fix all of the following:&#10;      Element contains &lt;img&gt; element with alt text that duplicates existing text&#10;&#10;&#10;  ai) [&quot;a[aria-label=\&quot;Headphones\&quot;]&quot;]&#10;    Fix all of the following:&#10;      Element contains &lt;img&gt; element with alt text that duplicates existing text&#10;&#10;&#10;  aj) [&quot;a[aria-label=\&quot;Laptops\&quot;]&quot;]&#10;    Fix all of the following:&#10;      Element contains &lt;img&gt; element with alt text that duplicates existing text&#10;&#10;&#10;  ak) [&quot;a[aria-label=\&quot;Monitors\&quot;]&quot;]&#10;    Fix all of the following:&#10;      Element contains &lt;img&gt; element with alt text that duplicates existing text&#10;&#10;&#10;  al) [&quot;a[aria-label=\&quot;Routers\&quot;]&quot;]&#10;    Fix all of the following:&#10;      Element contains &lt;img&gt; element with alt text that duplicates existing text&#10;&#10;&#10;  am) [&quot;a[href=\&quot;/l/22649649031\&quot;]&quot;]&#10;    Fix all of the following:&#10;      Element contains &lt;img&gt; element with alt text that duplicates existing text&#10;&#10;&#10;  an) [&quot;a[aria-label=\&quot;Top\\ chart\\ games\&quot;]&quot;]&#10;    Fix all of the following:&#10;      Element contains &lt;img&gt; element with alt text that duplicates existing text&#10;&#10;&#10;  ao) [&quot;a[aria-label=\&quot;Play\\ like\\ a\\ pro\\ \\|\\ Accessories\&quot;]&quot;]&#10;    Fix all of the following:&#10;      Element contains &lt;img&gt; element with alt text that duplicates existing text&#10;&#10;&#10;  ap) [&quot;a[aria-label=\&quot;Virtual\\ reality\&quot;]&quot;]&#10;    Fix all of the following:&#10;      Element contains &lt;img&gt; element with alt text that duplicates existing text&#10;&#10;&#10;  aq) [&quot;a[aria-label=\&quot;Nano-ionic\\ facial\\ steamers\&quot;]&quot;]&#10;    Fix all of the following:&#10;      Element contains &lt;img&gt; element with alt text that duplicates existing text&#10;&#10;&#10;  ar) [&quot;a[aria-label=\&quot;Digital\\ weighing\\ scales\&quot;]&quot;]&#10;    Fix all of the following:&#10;      Element contains &lt;img&gt; element with alt text that duplicates existing text&#10;&#10;&#10;  as) [&quot;a[aria-label=\&quot;Mini\\ \\&amp;\\ handheld\\ massagers\&quot;]&quot;]&#10;    Fix all of the following:&#10;      Element contains &lt;img&gt; element with alt text that duplicates existing text&#10;&#10;&#10;  at) [&quot;a[aria-label=\&quot;Electric\\ toothbrushes\&quot;]&quot;]&#10;    Fix all of the following:&#10;      Element contains &lt;img&gt; element with alt text that duplicates existing text&#10;&#10;&#10;  au) [&quot;a[aria-label=\&quot;Men\\&apos;s\\ clothing\&quot;]&quot;]&#10;    Fix all of the following:&#10;      Element contains &lt;img&gt; element with alt text that duplicates existing text&#10;&#10;&#10;  av) [&quot;a[aria-label=\&quot;Women\u2019s\\ clothing\&quot;]&quot;]&#10;    Fix all of the following:&#10;      Element contains &lt;img&gt; element with alt text that duplicates existing text&#10;&#10;&#10;  aw) [&quot;a[aria-label=\&quot;Kids\\ clothing\&quot;]&quot;]&#10;    Fix all of the following:&#10;      Element contains &lt;img&gt; element with alt text that duplicates existing text&#10;&#10;&#10;  ax) [&quot;.grid-row-2.a-section &gt; .quadrant-container-1.quadrant-container.a-spacing-none &gt; .image-redirect.aok-block[aria-label=\&quot;Footwear\&quot;]&quot;]&#10;    Fix all of the following:&#10;      Element contains &lt;img&gt; element with alt text that duplicates existing text&#10;&#10;&#10;  ay) [&quot;a[aria-label=\&quot;All-new\\ Echo\\ Dot\&quot;]&quot;]&#10;    Fix all of the following:&#10;      Element contains &lt;img&gt; element with alt text that duplicates existing text&#10;&#10;&#10;  az) [&quot;a[aria-label=\&quot;All-new\\ Fire\\ TV\\ Stick\&quot;]&quot;]&#10;    Fix all of the following:&#10;      Element contains &lt;img&gt; element with alt text that duplicates existing text&#10;&#10;&#10;  ba) [&quot;a[aria-label=\&quot;Echo\\ Show\\ 5\&quot;]&quot;]&#10;    Fix all of the following:&#10;      Element contains &lt;img&gt; element with alt text that duplicates existing text&#10;&#10;&#10;  bb) [&quot;a[aria-label=\&quot;Kindle\\ E-readers\&quot;]&quot;]&#10;    Fix all of the following:&#10;      Element contains &lt;img&gt; element with alt text that duplicates existing text&#10;&#10;&#10;  bc) [&quot;a[aria-label=\&quot;Cookware\&quot;]&quot;]&#10;    Fix all of the following:&#10;      Element contains &lt;img&gt; element with alt text that duplicates existing text&#10;&#10;&#10;  bd) [&quot;a[aria-label=\&quot;Tableware\&quot;]&quot;]&#10;    Fix all of the following:&#10;      Element contains &lt;img&gt; element with alt text that duplicates existing text&#10;&#10;&#10;3) Form elements should have a visible label: https://dequeuniversity.com/rules/axe/3.1/label-title-only?application=axeAPI&#10;  a) [&quot;#searchDropdownBox&quot;]&#10;    Fix all of the following:&#10;      Only title used to generate label for form element&#10;&#10;&#10;4) Links must have discernible text: https://dequeuniversity.com/rules/axe/3.1/link-name?application=axeAPI&#10;  a) [&quot;a[href$=\&quot;ref=footer_logo\&quot;]&quot;]&#10;    Fix all of the following:&#10;      Element is in tab order and does not have accessible text&#10;&#10;    Fix any of the following:&#10;      Element does not have text that is visible to screen readers&#10;      aria-label attribute does not exist or is empty&#10;      aria-labelledby attribute does not exist, references elements that do not exist or references elements that are empty&#10;      Element&apos;s default semantics were not overridden with role=&quot;presentation&quot;&#10;      Element&apos;s default semantics were not overridden with role=&quot;none&quot;&#10;&#10;&#10;5) Page must contain a level-one heading: https://dequeuniversity.com/rules/axe/3.1/page-has-heading-one?application=axeAPI&#10;  a) [&quot;html&quot;]&#10;    Fix all of the following:&#10;      Page must have a level-one heading&#10;&#10;&#10;6) All page content must be contained by landmarks: https://dequeuniversity.com/rules/axe/3.1/region?application=axeAPI&#10;  a) [&quot;html&quot;]&#10;    Fix any of the following:&#10;      Some page content is not contained by landmarks&#10;&#10; expected [true] but found [false]" type="java.lang.AssertionError"><![CDATA[java.lang.AssertionError: 
Found 6 accessibility violations:
1) ARIA role must be appropriate for the element: https://dequeuniversity.com/rules/axe/3.1/aria-allowed-role?application=axeAPI
  a) ["img[width=\"\\31 00\"]"]
    Fix any of the following:
      role presentation  is not allowed for given element


2) Text of buttons and links should not be repeated in the image alternative: https://dequeuniversity.com/rules/axe/3.1/image-redundant-alt?application=axeAPI
  a) ["a[aria-label=\"ACs\"]"]
    Fix all of the following:
      Element contains <img> element with alt text that duplicates existing text


  b) ["a[aria-label=\"Refrigerators\"]"]
    Fix all of the following:
      Element contains <img> element with alt text that duplicates existing text


  c) ["a[aria-label=\"Televisions\"]"]
    Fix all of the following:
      Element contains <img> element with alt text that duplicates existing text


  d) ["a[aria-label=\"Washing\\ machines\"]"]
    Fix all of the following:
      Element contains <img> element with alt text that duplicates existing text


  e) ["a[aria-label=\"Cleaning\\ essentials\"]"]
    Fix all of the following:
      Element contains <img> element with alt text that duplicates existing text


  f) ["a[aria-label=\"Immunity\\ \\&\\ healthcare\"]"]
    Fix all of the following:
      Element contains <img> element with alt text that duplicates existing text


  g) ["a[aria-label=\"Women\\'s\\ personal\\ care\"]"]
    Fix all of the following:
      Element contains <img> element with alt text that duplicates existing text


  h) ["a[aria-label=\"Men\\'s\\ grooming\"]"]
    Fix all of the following:
      Element contains <img> element with alt text that duplicates existing text


  i) ["a[aria-label=\"Home\\ products\"]"]
    Fix all of the following:
      Element contains <img> element with alt text that duplicates existing text


  j) ["a[aria-label=\"Kitchen\\ \\&\\ dining\"]"]
    Fix all of the following:
      Element contains <img> element with alt text that duplicates existing text


  k) ["a[aria-label=\"Daily\\ essentials\"]"]
    Fix all of the following:
      Element contains <img> element with alt text that duplicates existing text


  l) ["a[aria-label=\"Clothing\\ essentials\"]"]
    Fix all of the following:
      Element contains <img> element with alt text that duplicates existing text


  m) ["a[aria-label=\"Measuring\\ instruments\"]"]
    Fix all of the following:
      Element contains <img> element with alt text that duplicates existing text


  n) ["a[aria-label=\"Medical\\ supplies\"]"]
    Fix all of the following:
      Element contains <img> element with alt text that duplicates existing text


  o) ["a[aria-label=\"Women\\'s\\ Clothing\"]"]
    Fix all of the following:
      Element contains <img> element with alt text that duplicates existing text


  p) ["a[aria-label=\"Footwear\\+Handbags\"]"]
    Fix all of the following:
      Element contains <img> element with alt text that duplicates existing text


  q) ["#\\35 _oykn5nJjdVWXRCersM7g > .a-cardui-body > .grid-row-2.a-section > .quadrant-container-0.quadrant-container.a-spacing-none > .image-redirect.aok-block[aria-label=\"Watches\"]"]
    Fix all of the following:
      Element contains <img> element with alt text that duplicates existing text


  r) ["a[aria-label=\"Fashion\\ jewellery\"]"]
    Fix all of the following:
      Element contains <img> element with alt text that duplicates existing text


  s) ["a[aria-label=\"Clothing\"]"]
    Fix all of the following:
      Element contains <img> element with alt text that duplicates existing text


  t) ["a[href=\"/b?node=1983518031\"]"]
    Fix all of the following:
      Element contains <img> element with alt text that duplicates existing text


  u) ["a[href=\"/b?node=2563504031\"]"]
    Fix all of the following:
      Element contains <img> element with alt text that duplicates existing text


  v) ["a[aria-label=\"BAGS\\ \\&\\ LUGGAGE\"]"]
    Fix all of the following:
      Element contains <img> element with alt text that duplicates existing text


  w) ["a[aria-label=\"N95\\ Masks\\ \\&\\ respirators\"]"]
    Fix all of the following:
      Element contains <img> element with alt text that duplicates existing text


  x) ["a[aria-label=\"Cloth\\ masks\"]"]
    Fix all of the following:
      Element contains <img> element with alt text that duplicates existing text


  y) ["a[aria-label=\"Face\\ coverings\"]"]
    Fix all of the following:
      Element contains <img> element with alt text that duplicates existing text


  z) ["a[aria-label=\"View\\ the\\ mask\\ store\"]"]
    Fix all of the following:
      Element contains <img> element with alt text that duplicates existing text


  aa) ["a[aria-label=\"Fruits\\ \\&\\ vegetables\"]"]
    Fix all of the following:
      Element contains <img> element with alt text that duplicates existing text


  ab) ["#OOoTkZY2iD9RKPGqlHOi3Q > .a-cardui-body > .a-spacing-small.grid-row-1.a-section > .quadrant-container-1.quadrant-container.a-spacing-none > .image-redirect.aok-block.image-window"]
    Fix all of the following:
      Element contains <img> element with alt text that duplicates existing text


  ac) ["#OOoTkZY2iD9RKPGqlHOi3Q > .a-cardui-body > .grid-row-2.a-section > .quadrant-container-0.quadrant-container.a-spacing-none > .image-redirect.aok-block.image-window"]
    Fix all of the following:
      Element contains <img> element with alt text that duplicates existing text


  ad) ["#OOoTkZY2iD9RKPGqlHOi3Q > .a-cardui-body > .grid-row-2.a-section > .quadrant-container-1.quadrant-container.a-spacing-none > .image-redirect.aok-block.image-window"]
    Fix all of the following:
      Element contains <img> element with alt text that duplicates existing text


  ae) ["a[aria-label=\"Juices\"]"]
    Fix all of the following:
      Element contains <img> element with alt text that duplicates existing text


  af) ["a[aria-label=\"Cold\\ drinks\"]"]
    Fix all of the following:
      Element contains <img> element with alt text that duplicates existing text


  ag) ["a[aria-label=\"Tea\\ \\&\\ coffee\"]"]
    Fix all of the following:
      Element contains <img> element with alt text that duplicates existing text


  ah) ["#duSoDAeXGfqmUYN4aDDq3g > .a-cardui-body > .grid-row-2.a-section > .quadrant-container-1.quadrant-container.a-spacing-none > .image-redirect.aok-block.image-window"]
    Fix all of the following:
      Element contains <img> element with alt text that duplicates existing text


  ai) ["a[aria-label=\"Headphones\"]"]
    Fix all of the following:
      Element contains <img> element with alt text that duplicates existing text


  aj) ["a[aria-label=\"Laptops\"]"]
    Fix all of the following:
      Element contains <img> element with alt text that duplicates existing text


  ak) ["a[aria-label=\"Monitors\"]"]
    Fix all of the following:
      Element contains <img> element with alt text that duplicates existing text


  al) ["a[aria-label=\"Routers\"]"]
    Fix all of the following:
      Element contains <img> element with alt text that duplicates existing text


  am) ["a[href=\"/l/22649649031\"]"]
    Fix all of the following:
      Element contains <img> element with alt text that duplicates existing text


  an) ["a[aria-label=\"Top\\ chart\\ games\"]"]
    Fix all of the following:
      Element contains <img> element with alt text that duplicates existing text


  ao) ["a[aria-label=\"Play\\ like\\ a\\ pro\\ \\|\\ Accessories\"]"]
    Fix all of the following:
      Element contains <img> element with alt text that duplicates existing text


  ap) ["a[aria-label=\"Virtual\\ reality\"]"]
    Fix all of the following:
      Element contains <img> element with alt text that duplicates existing text


  aq) ["a[aria-label=\"Nano-ionic\\ facial\\ steamers\"]"]
    Fix all of the following:
      Element contains <img> element with alt text that duplicates existing text


  ar) ["a[aria-label=\"Digital\\ weighing\\ scales\"]"]
    Fix all of the following:
      Element contains <img> element with alt text that duplicates existing text


  as) ["a[aria-label=\"Mini\\ \\&\\ handheld\\ massagers\"]"]
    Fix all of the following:
      Element contains <img> element with alt text that duplicates existing text


  at) ["a[aria-label=\"Electric\\ toothbrushes\"]"]
    Fix all of the following:
      Element contains <img> element with alt text that duplicates existing text


  au) ["a[aria-label=\"Men\\'s\\ clothing\"]"]
    Fix all of the following:
      Element contains <img> element with alt text that duplicates existing text


  av) ["a[aria-label=\"Women\u2019s\\ clothing\"]"]
    Fix all of the following:
      Element contains <img> element with alt text that duplicates existing text


  aw) ["a[aria-label=\"Kids\\ clothing\"]"]
    Fix all of the following:
      Element contains <img> element with alt text that duplicates existing text


  ax) [".grid-row-2.a-section > .quadrant-container-1.quadrant-container.a-spacing-none > .image-redirect.aok-block[aria-label=\"Footwear\"]"]
    Fix all of the following:
      Element contains <img> element with alt text that duplicates existing text


  ay) ["a[aria-label=\"All-new\\ Echo\\ Dot\"]"]
    Fix all of the following:
      Element contains <img> element with alt text that duplicates existing text


  az) ["a[aria-label=\"All-new\\ Fire\\ TV\\ Stick\"]"]
    Fix all of the following:
      Element contains <img> element with alt text that duplicates existing text


  ba) ["a[aria-label=\"Echo\\ Show\\ 5\"]"]
    Fix all of the following:
      Element contains <img> element with alt text that duplicates existing text


  bb) ["a[aria-label=\"Kindle\\ E-readers\"]"]
    Fix all of the following:
      Element contains <img> element with alt text that duplicates existing text


  bc) ["a[aria-label=\"Cookware\"]"]
    Fix all of the following:
      Element contains <img> element with alt text that duplicates existing text


  bd) ["a[aria-label=\"Tableware\"]"]
    Fix all of the following:
      Element contains <img> element with alt text that duplicates existing text


3) Form elements should have a visible label: https://dequeuniversity.com/rules/axe/3.1/label-title-only?application=axeAPI
  a) ["#searchDropdownBox"]
    Fix all of the following:
      Only title used to generate label for form element


4) Links must have discernible text: https://dequeuniversity.com/rules/axe/3.1/link-name?application=axeAPI
  a) ["a[href$=\"ref=footer_logo\"]"]
    Fix all of the following:
      Element is in tab order and does not have accessible text

    Fix any of the following:
      Element does not have text that is visible to screen readers
      aria-label attribute does not exist or is empty
      aria-labelledby attribute does not exist, references elements that do not exist or references elements that are empty
      Element's default semantics were not overridden with role="presentation"
      Element's default semantics were not overridden with role="none"


5) Page must contain a level-one heading: https://dequeuniversity.com/rules/axe/3.1/page-has-heading-one?application=axeAPI
  a) ["html"]
    Fix all of the following:
      Page must have a level-one heading


6) All page content must be contained by landmarks: https://dequeuniversity.com/rules/axe/3.1/region?application=axeAPI
  a) ["html"]
    Fix any of the following:
      Some page content is not contained by landmarks

 expected [true] but found [false]
]]></failure>
    <system-out><![CDATA[
@Login
Scenario: Forgot Password link                       # src/test/resources/parallel/LoginPage.feature:10

Scenario: Amazon page title  # src/test/resources/parallel/AmazonPage.feature:3

@Login
Scenario: Login page title                     # src/test/resources/parallel/LoginPage.feature:4

@Login
Scenario: Login with correct credentials           # src/test/resources/parallel/LoginPage.feature:15
  Given user is on home page # parallel.AmazonPageSteps.user_is_on_home_page()
      java.lang.AssertionError: Found 6 accessibility violations:
1) ARIA role must be appropriate for the element: https://dequeuniversity.com/rules/axe/3.1/aria-allowed-role?application=axeAPI
  a) ["img[width=\"\\31 00\"]"]
    Fix any of the following:
      role presentation  is not allowed for given element


2) Text of buttons and links should not be repeated in the image alternative: https://dequeuniversity.com/rules/axe/3.1/image-redundant-alt?application=axeAPI
  a) ["a[aria-label=\"ACs\"]"]
    Fix all of the following:
      Element contains <img> element with alt text that duplicates existing text


  b) ["a[aria-label=\"Refrigerators\"]"]
    Fix all of the following:
      Element contains <img> element with alt text that duplicates existing text


  c) ["a[aria-label=\"Televisions\"]"]
    Fix all of the following:
      Element contains <img> element with alt text that duplicates existing text


  d) ["a[aria-label=\"Washing\\ machines\"]"]
    Fix all of the following:
      Element contains <img> element with alt text that duplicates existing text


  e) ["a[aria-label=\"Cleaning\\ essentials\"]"]
    Fix all of the following:
      Element contains <img> element with alt text that duplicates existing text


  f) ["a[aria-label=\"Immunity\\ \\&\\ healthcare\"]"]
    Fix all of the following:
      Element contains <img> element with alt text that duplicates existing text


  g) ["a[aria-label=\"Women\\'s\\ personal\\ care\"]"]
    Fix all of the following:
      Element contains <img> element with alt text that duplicates existing text


  h) ["a[aria-label=\"Men\\'s\\ grooming\"]"]
    Fix all of the following:
      Element contains <img> element with alt text that duplicates existing text


  i) ["a[aria-label=\"Home\\ products\"]"]
    Fix all of the following:
      Element contains <img> element with alt text that duplicates existing text


  j) ["a[aria-label=\"Kitchen\\ \\&\\ dining\"]"]
    Fix all of the following:
      Element contains <img> element with alt text that duplicates existing text


  k) ["a[aria-label=\"Daily\\ essentials\"]"]
    Fix all of the following:
      Element contains <img> element with alt text that duplicates existing text


  l) ["a[aria-label=\"Clothing\\ essentials\"]"]
    Fix all of the following:
      Element contains <img> element with alt text that duplicates existing text


  m) ["a[aria-label=\"Measuring\\ instruments\"]"]
    Fix all of the following:
      Element contains <img> element with alt text that duplicates existing text


  n) ["a[aria-label=\"Medical\\ supplies\"]"]
    Fix all of the following:
      Element contains <img> element with alt text that duplicates existing text


  o) ["a[aria-label=\"Women\\'s\\ Clothing\"]"]
    Fix all of the following:
      Element contains <img> element with alt text that duplicates existing text


  p) ["a[aria-label=\"Footwear\\+Handbags\"]"]
    Fix all of the following:
      Element contains <img> element with alt text that duplicates existing text


  q) ["#\\35 _oykn5nJjdVWXRCersM7g > .a-cardui-body > .grid-row-2.a-section > .quadrant-container-0.quadrant-container.a-spacing-none > .image-redirect.aok-block[aria-label=\"Watches\"]"]
    Fix all of the following:
      Element contains <img> element with alt text that duplicates existing text


  r) ["a[aria-label=\"Fashion\\ jewellery\"]"]
    Fix all of the following:
      Element contains <img> element with alt text that duplicates existing text


  s) ["a[aria-label=\"Clothing\"]"]
    Fix all of the following:
      Element contains <img> element with alt text that duplicates existing text


  t) ["a[href=\"/b?node=1983518031\"]"]
    Fix all of the following:
      Element contains <img> element with alt text that duplicates existing text


  u) ["a[href=\"/b?node=2563504031\"]"]
    Fix all of the following:
      Element contains <img> element with alt text that duplicates existing text


  v) ["a[aria-label=\"BAGS\\ \\&\\ LUGGAGE\"]"]
    Fix all of the following:
      Element contains <img> element with alt text that duplicates existing text


  w) ["a[aria-label=\"N95\\ Masks\\ \\&\\ respirators\"]"]
    Fix all of the following:
      Element contains <img> element with alt text that duplicates existing text


  x) ["a[aria-label=\"Cloth\\ masks\"]"]
    Fix all of the following:
      Element contains <img> element with alt text that duplicates existing text


  y) ["a[aria-label=\"Face\\ coverings\"]"]
    Fix all of the following:
      Element contains <img> element with alt text that duplicates existing text


  z) ["a[aria-label=\"View\\ the\\ mask\\ store\"]"]
    Fix all of the following:
      Element contains <img> element with alt text that duplicates existing text


  aa) ["a[aria-label=\"Fruits\\ \\&\\ vegetables\"]"]
    Fix all of the following:
      Element contains <img> element with alt text that duplicates existing text


  ab) ["#OOoTkZY2iD9RKPGqlHOi3Q > .a-cardui-body > .a-spacing-small.grid-row-1.a-section > .quadrant-container-1.quadrant-container.a-spacing-none > .image-redirect.aok-block.image-window"]
    Fix all of the following:
      Element contains <img> element with alt text that duplicates existing text


  ac) ["#OOoTkZY2iD9RKPGqlHOi3Q > .a-cardui-body > .grid-row-2.a-section > .quadrant-container-0.quadrant-container.a-spacing-none > .image-redirect.aok-block.image-window"]
    Fix all of the following:
      Element contains <img> element with alt text that duplicates existing text


  ad) ["#OOoTkZY2iD9RKPGqlHOi3Q > .a-cardui-body > .grid-row-2.a-section > .quadrant-container-1.quadrant-container.a-spacing-none > .image-redirect.aok-block.image-window"]
    Fix all of the following:
      Element contains <img> element with alt text that duplicates existing text


  ae) ["a[aria-label=\"Juices\"]"]
    Fix all of the following:
      Element contains <img> element with alt text that duplicates existing text


  af) ["a[aria-label=\"Cold\\ drinks\"]"]
    Fix all of the following:
      Element contains <img> element with alt text that duplicates existing text


  ag) ["a[aria-label=\"Tea\\ \\&\\ coffee\"]"]
    Fix all of the following:
      Element contains <img> element with alt text that duplicates existing text


  ah) ["#duSoDAeXGfqmUYN4aDDq3g > .a-cardui-body > .grid-row-2.a-section > .quadrant-container-1.quadrant-container.a-spacing-none > .image-redirect.aok-block.image-window"]
    Fix all of the following:
      Element contains <img> element with alt text that duplicates existing text


  ai) ["a[aria-label=\"Headphones\"]"]
    Fix all of the following:
      Element contains <img> element with alt text that duplicates existing text


  aj) ["a[aria-label=\"Laptops\"]"]
    Fix all of the following:
      Element contains <img> element with alt text that duplicates existing text


  ak) ["a[aria-label=\"Monitors\"]"]
    Fix all of the following:
      Element contains <img> element with alt text that duplicates existing text


  al) ["a[aria-label=\"Routers\"]"]
    Fix all of the following:
      Element contains <img> element with alt text that duplicates existing text


  am) ["a[href=\"/l/22649649031\"]"]
    Fix all of the following:
      Element contains <img> element with alt text that duplicates existing text


  an) ["a[aria-label=\"Top\\ chart\\ games\"]"]
    Fix all of the following:
      Element contains <img> element with alt text that duplicates existing text


  ao) ["a[aria-label=\"Play\\ like\\ a\\ pro\\ \\|\\ Accessories\"]"]
    Fix all of the following:
      Element contains <img> element with alt text that duplicates existing text


  ap) ["a[aria-label=\"Virtual\\ reality\"]"]
    Fix all of the following:
      Element contains <img> element with alt text that duplicates existing text


  aq) ["a[aria-label=\"Nano-ionic\\ facial\\ steamers\"]"]
    Fix all of the following:
      Element contains <img> element with alt text that duplicates existing text


  ar) ["a[aria-label=\"Digital\\ weighing\\ scales\"]"]
    Fix all of the following:
      Element contains <img> element with alt text that duplicates existing text


  as) ["a[aria-label=\"Mini\\ \\&\\ handheld\\ massagers\"]"]
    Fix all of the following:
      Element contains <img> element with alt text that duplicates existing text


  at) ["a[aria-label=\"Electric\\ toothbrushes\"]"]
    Fix all of the following:
      Element contains <img> element with alt text that duplicates existing text


  au) ["a[aria-label=\"Men\\'s\\ clothing\"]"]
    Fix all of the following:
      Element contains <img> element with alt text that duplicates existing text


  av) ["a[aria-label=\"Women\u2019s\\ clothing\"]"]
    Fix all of the following:
      Element contains <img> element with alt text that duplicates existing text


  aw) ["a[aria-label=\"Kids\\ clothing\"]"]
    Fix all of the following:
      Element contains <img> element with alt text that duplicates existing text


  ax) [".grid-row-2.a-section > .quadrant-container-1.quadrant-container.a-spacing-none > .image-redirect.aok-block[aria-label=\"Footwear\"]"]
    Fix all of the following:
      Element contains <img> element with alt text that duplicates existing text


  ay) ["a[aria-label=\"All-new\\ Echo\\ Dot\"]"]
    Fix all of the following:
      Element contains <img> element with alt text that duplicates existing text


  az) ["a[aria-label=\"All-new\\ Fire\\ TV\\ Stick\"]"]
    Fix all of the following:
      Element contains <img> element with alt text that duplicates existing text


  ba) ["a[aria-label=\"Echo\\ Show\\ 5\"]"]
    Fix all of the following:
      Element contains <img> element with alt text that duplicates existing text


  bb) ["a[aria-label=\"Kindle\\ E-readers\"]"]
    Fix all of the following:
      Element contains <img> element with alt text that duplicates existing text


  bc) ["a[aria-label=\"Cookware\"]"]
    Fix all of the following:
      Element contains <img> element with alt text that duplicates existing text


  bd) ["a[aria-label=\"Tableware\"]"]
    Fix all of the following:
      Element contains <img> element with alt text that duplicates existing text


3) Form elements should have a visible label: https://dequeuniversity.com/rules/axe/3.1/label-title-only?application=axeAPI
  a) ["#searchDropdownBox"]
    Fix all of the following:
      Only title used to generate label for form element


4) Links must have discernible text: https://dequeuniversity.com/rules/axe/3.1/link-name?application=axeAPI
  a) ["a[href$=\"ref=footer_logo\"]"]
    Fix all of the following:
      Element is in tab order and does not have accessible text

    Fix any of the following:
      Element does not have text that is visible to screen readers
      aria-label attribute does not exist or is empty
      aria-labelledby attribute does not exist, references elements that do not exist or references elements that are empty
      Element's default semantics were not overridden with role="presentation"
      Element's default semantics were not overridden with role="none"


5) Page must contain a level-one heading: https://dequeuniversity.com/rules/axe/3.1/page-has-heading-one?application=axeAPI
  a) ["html"]
    Fix all of the following:
      Page must have a level-one heading


6) All page content must be contained by landmarks: https://dequeuniversity.com/rules/axe/3.1/region?application=axeAPI
  a) ["html"]
    Fix any of the following:
      Some page content is not contained by landmarks

 expected [true] but found [false]
	at org.testng.Assert.fail(Assert.java:96)
	at org.testng.Assert.failNotEquals(Assert.java:776)
	at org.testng.Assert.assertTrue(Assert.java:44)
	at parallel.AmazonPageSteps.user_is_on_home_page(AmazonPageSteps.java:35)
	at âœ½.user is on home page(file:///C:/Users/Raju%20Krish/git/CucumberPOMSeries/CucumberPOMSeries/src/test/resources/parallel/AmazonPage.feature:4)


    Embedding Amazon_page_title [image/png 108914 bytes]

user is on login page
  Given user is on login page                        # parallel.LoginPageSteps.user_is_on_login_page()
user is on login page
  Given user is on login page                      # parallel.LoginPageSteps.user_is_on_login_page()
  Then forgot your password link should be displayed # parallel.LoginPageSteps.forgot_your_password_link_should_be_displayed()
  When user enters username "nirifi5570@684hh.com" # parallel.LoginPageSteps.user_enters_username(java.lang.String)
  And user enters password "Selenium@12345"        # parallel.LoginPageSteps.user_enters_password(java.lang.String)
]]></system-out>
    <system-err><![CDATA[Apr 29, 2021 5:34:08 PM org.openqa.selenium.remote.DesiredCapabilities chrome
INFO: Using `new ChromeOptions()` is preferred to `DesiredCapabilities.chrome()`
Apr 29, 2021 5:34:08 PM org.openqa.selenium.remote.DesiredCapabilities chrome
INFO: Using `new ChromeOptions()` is preferred to `DesiredCapabilities.chrome()`
Apr 29, 2021 5:34:08 PM org.openqa.selenium.remote.DesiredCapabilities chrome
INFO: Using `new ChromeOptions()` is preferred to `DesiredCapabilities.chrome()`
Apr 29, 2021 5:34:08 PM org.openqa.selenium.remote.DesiredCapabilities chrome
INFO: Using `new ChromeOptions()` is preferred to `DesiredCapabilities.chrome()`
Starting ChromeDriver 86.0.4240.22 (398b0743353ff36fb1b82468f63a3a93b4e2e89e-refs/branch-heads/4240@{#378}) on port 36358
Only local connections are allowed.
Please see https://chromedriver.chromium.org/security-considerations for suggestions on keeping ChromeDriver safe.
ChromeDriver was started successfully.
SSttaarrtting ChromeDrivienrg  Chr86.0ome.4240.22 (398bDriv0er 86.70.4240.22 (398b0743433533f5f33f6ff36bf1bb18b2842648f663a3a93b4e2e89e-refs/branch-head8sf/63a3a93b4e2e89e-refs/branch-he4ad2s/4240@{#378}) o4n p0@{ort 20034
Only loca#l 3conne7ctions ar8e}) on port 12654
Only local connections are allowed.
 Please see ahllowed.
Pttps://chromedriver.chromium.org/securilease see httpty-s://chromedriconver.csidehrrationsomiu for suggestions on keeping ChromeDm.orivrg/ser safe.
ecurity-considerations for suggestions on keeping ChromeDriver safe.
Starting ChromeDriver 86.0.4240.22 (398b0743353ff36fb1b82468f63a3a93b4e2e89e-refs/branch-heads/4240@{#378}) on port 4995
Only local connections are allowed.
Please see https://chromedriver.chromium.org/security-considerations for suggestions on keeping ChromeDriver safe.
ChromeDriver was started successfully.
ChromeDriver was started successfully.
ChromeDriver was started successfully.
Apr 29, 2021 5:34:12 PM org.openqa.selenium.remote.ProtocolHandshake createSession
INFO: Detected dialect: W3C
Apr 29, 2021 5:34:12 PM org.openqa.selenium.remote.ProtocolHandshake createSession
INFO: Detected dialect: W3C
Apr 29, 2021 5:34:12 PM org.openqa.selenium.remote.ProtocolHandshake createSession
INFO: Detected dialect: W3C
Apr 29, 2021 5:34:13 PM org.openqa.selenium.remote.ProtocolHandshake createSession
INFO: Detected dialect: W3C
]]></system-err>
  </testcase>
  <testcase name="runScenario" classname="parallel.ParallelRun" time="21.782"/>
  <testcase name="runScenario" classname="parallel.ParallelRun" time="21.843"/>
  <testcase name="runScenario" classname="parallel.ParallelRun" time="29.814"/>
</testsuite>